<?xml version="1.0" encoding="UTF-8"?>
<testsuite xmlns:xsi="http://www.w3.org/2001/XMLSchema-instance" xsi:noNamespaceSchemaLocation="https://maven.apache.org/surefire/maven-surefire-plugin/xsd/surefire-test-report-3.0.xsd" version="3.0" name="com.github.wekaito.backend.security.MongoUserControllerTest" time="26.874" tests="11" errors="0" skipped="0" failures="0">
  <properties>
    <property name="java.specification.version" value="21"/>
    <property name="sun.jnu.encoding" value="UTF-8"/>
    <property name="java.class.path" value="/home/daniel/GitHub/digimon-tcg-simulator/backend/target/test-classes:/home/daniel/GitHub/digimon-tcg-simulator/backend/target/classes:/home/daniel/.m2/repository/org/springframework/boot/spring-boot-starter-data-mongodb/3.1.2/spring-boot-starter-data-mongodb-3.1.2.jar:/home/daniel/.m2/repository/org/springframework/boot/spring-boot-starter/3.1.2/spring-boot-starter-3.1.2.jar:/home/daniel/.m2/repository/org/springframework/boot/spring-boot/3.1.2/spring-boot-3.1.2.jar:/home/daniel/.m2/repository/org/springframework/boot/spring-boot-autoconfigure/3.1.2/spring-boot-autoconfigure-3.1.2.jar:/home/daniel/.m2/repository/org/springframework/boot/spring-boot-starter-logging/3.1.2/spring-boot-starter-logging-3.1.2.jar:/home/daniel/.m2/repository/ch/qos/logback/logback-classic/1.4.8/logback-classic-1.4.8.jar:/home/daniel/.m2/repository/ch/qos/logback/logback-core/1.4.8/logback-core-1.4.8.jar:/home/daniel/.m2/repository/org/apache/logging/log4j/log4j-to-slf4j/2.20.0/log4j-to-slf4j-2.20.0.jar:/home/daniel/.m2/repository/org/apache/logging/log4j/log4j-api/2.20.0/log4j-api-2.20.0.jar:/home/daniel/.m2/repository/org/slf4j/jul-to-slf4j/2.0.7/jul-to-slf4j-2.0.7.jar:/home/daniel/.m2/repository/jakarta/annotation/jakarta.annotation-api/2.1.1/jakarta.annotation-api-2.1.1.jar:/home/daniel/.m2/repository/org/yaml/snakeyaml/1.33/snakeyaml-1.33.jar:/home/daniel/.m2/repository/org/mongodb/mongodb-driver-sync/4.9.1/mongodb-driver-sync-4.9.1.jar:/home/daniel/.m2/repository/org/mongodb/bson/4.9.1/bson-4.9.1.jar:/home/daniel/.m2/repository/org/mongodb/mongodb-driver-core/4.9.1/mongodb-driver-core-4.9.1.jar:/home/daniel/.m2/repository/org/mongodb/bson-record-codec/4.9.1/bson-record-codec-4.9.1.jar:/home/daniel/.m2/repository/org/springframework/data/spring-data-mongodb/4.1.2/spring-data-mongodb-4.1.2.jar:/home/daniel/.m2/repository/org/springframework/spring-tx/6.0.11/spring-tx-6.0.11.jar:/home/daniel/.m2/repository/org/springframework/spring-context/6.0.11/spring-context-6.0.11.jar:/home/daniel/.m2/repository/org/springframework/spring-beans/6.0.11/spring-beans-6.0.11.jar:/home/daniel/.m2/repository/org/springframework/spring-expression/6.0.11/spring-expression-6.0.11.jar:/home/daniel/.m2/repository/org/springframework/data/spring-data-commons/3.1.2/spring-data-commons-3.1.2.jar:/home/daniel/.m2/repository/org/slf4j/slf4j-api/2.0.7/slf4j-api-2.0.7.jar:/home/daniel/.m2/repository/org/springframework/boot/spring-boot-starter-web/3.1.2/spring-boot-starter-web-3.1.2.jar:/home/daniel/.m2/repository/org/springframework/boot/spring-boot-starter-json/3.1.2/spring-boot-starter-json-3.1.2.jar:/home/daniel/.m2/repository/com/fasterxml/jackson/core/jackson-databind/2.15.2/jackson-databind-2.15.2.jar:/home/daniel/.m2/repository/com/fasterxml/jackson/core/jackson-annotations/2.15.2/jackson-annotations-2.15.2.jar:/home/daniel/.m2/repository/com/fasterxml/jackson/core/jackson-core/2.15.2/jackson-core-2.15.2.jar:/home/daniel/.m2/repository/com/fasterxml/jackson/datatype/jackson-datatype-jdk8/2.15.2/jackson-datatype-jdk8-2.15.2.jar:/home/daniel/.m2/repository/com/fasterxml/jackson/datatype/jackson-datatype-jsr310/2.15.2/jackson-datatype-jsr310-2.15.2.jar:/home/daniel/.m2/repository/com/fasterxml/jackson/module/jackson-module-parameter-names/2.15.2/jackson-module-parameter-names-2.15.2.jar:/home/daniel/.m2/repository/org/springframework/boot/spring-boot-starter-tomcat/3.1.2/spring-boot-starter-tomcat-3.1.2.jar:/home/daniel/.m2/repository/org/apache/tomcat/embed/tomcat-embed-core/10.1.11/tomcat-embed-core-10.1.11.jar:/home/daniel/.m2/repository/org/apache/tomcat/embed/tomcat-embed-websocket/10.1.11/tomcat-embed-websocket-10.1.11.jar:/home/daniel/.m2/repository/org/springframework/spring-web/6.0.11/spring-web-6.0.11.jar:/home/daniel/.m2/repository/io/micrometer/micrometer-observation/1.11.2/micrometer-observation-1.11.2.jar:/home/daniel/.m2/repository/io/micrometer/micrometer-commons/1.11.2/micrometer-commons-1.11.2.jar:/home/daniel/.m2/repository/org/springframework/spring-webmvc/6.0.11/spring-webmvc-6.0.11.jar:/home/daniel/.m2/repository/org/springframework/boot/spring-boot-starter-webflux/3.1.2/spring-boot-starter-webflux-3.1.2.jar:/home/daniel/.m2/repository/org/springframework/boot/spring-boot-starter-reactor-netty/3.1.2/spring-boot-starter-reactor-netty-3.1.2.jar:/home/daniel/.m2/repository/io/projectreactor/netty/reactor-netty-http/1.1.9/reactor-netty-http-1.1.9.jar:/home/daniel/.m2/repository/io/netty/netty-codec-http/4.1.94.Final/netty-codec-http-4.1.94.Final.jar:/home/daniel/.m2/repository/io/netty/netty-common/4.1.94.Final/netty-common-4.1.94.Final.jar:/home/daniel/.m2/repository/io/netty/netty-buffer/4.1.94.Final/netty-buffer-4.1.94.Final.jar:/home/daniel/.m2/repository/io/netty/netty-transport/4.1.94.Final/netty-transport-4.1.94.Final.jar:/home/daniel/.m2/repository/io/netty/netty-codec/4.1.94.Final/netty-codec-4.1.94.Final.jar:/home/daniel/.m2/repository/io/netty/netty-handler/4.1.94.Final/netty-handler-4.1.94.Final.jar:/home/daniel/.m2/repository/io/netty/netty-codec-http2/4.1.94.Final/netty-codec-http2-4.1.94.Final.jar:/home/daniel/.m2/repository/io/netty/netty-resolver-dns/4.1.94.Final/netty-resolver-dns-4.1.94.Final.jar:/home/daniel/.m2/repository/io/netty/netty-resolver/4.1.94.Final/netty-resolver-4.1.94.Final.jar:/home/daniel/.m2/repository/io/netty/netty-codec-dns/4.1.94.Final/netty-codec-dns-4.1.94.Final.jar:/home/daniel/.m2/repository/io/netty/netty-resolver-dns-native-macos/4.1.94.Final/netty-resolver-dns-native-macos-4.1.94.Final-osx-x86_64.jar:/home/daniel/.m2/repository/io/netty/netty-resolver-dns-classes-macos/4.1.94.Final/netty-resolver-dns-classes-macos-4.1.94.Final.jar:/home/daniel/.m2/repository/io/netty/netty-transport-native-epoll/4.1.94.Final/netty-transport-native-epoll-4.1.94.Final-linux-x86_64.jar:/home/daniel/.m2/repository/io/netty/netty-transport-native-unix-common/4.1.94.Final/netty-transport-native-unix-common-4.1.94.Final.jar:/home/daniel/.m2/repository/io/netty/netty-transport-classes-epoll/4.1.94.Final/netty-transport-classes-epoll-4.1.94.Final.jar:/home/daniel/.m2/repository/io/projectreactor/netty/reactor-netty-core/1.1.9/reactor-netty-core-1.1.9.jar:/home/daniel/.m2/repository/io/netty/netty-handler-proxy/4.1.94.Final/netty-handler-proxy-4.1.94.Final.jar:/home/daniel/.m2/repository/io/netty/netty-codec-socks/4.1.94.Final/netty-codec-socks-4.1.94.Final.jar:/home/daniel/.m2/repository/org/springframework/spring-webflux/6.0.11/spring-webflux-6.0.11.jar:/home/daniel/.m2/repository/org/projectlombok/lombok/1.18.30/lombok-1.18.30.jar:/home/daniel/.m2/repository/org/springframework/boot/spring-boot-starter-test/3.1.2/spring-boot-starter-test-3.1.2.jar:/home/daniel/.m2/repository/org/springframework/boot/spring-boot-test/3.1.2/spring-boot-test-3.1.2.jar:/home/daniel/.m2/repository/org/springframework/boot/spring-boot-test-autoconfigure/3.1.2/spring-boot-test-autoconfigure-3.1.2.jar:/home/daniel/.m2/repository/com/jayway/jsonpath/json-path/2.8.0/json-path-2.8.0.jar:/home/daniel/.m2/repository/jakarta/xml/bind/jakarta.xml.bind-api/4.0.0/jakarta.xml.bind-api-4.0.0.jar:/home/daniel/.m2/repository/jakarta/activation/jakarta.activation-api/2.1.2/jakarta.activation-api-2.1.2.jar:/home/daniel/.m2/repository/net/minidev/json-smart/2.4.11/json-smart-2.4.11.jar:/home/daniel/.m2/repository/net/minidev/accessors-smart/2.4.11/accessors-smart-2.4.11.jar:/home/daniel/.m2/repository/org/ow2/asm/asm/9.3/asm-9.3.jar:/home/daniel/.m2/repository/org/hamcrest/hamcrest/2.2/hamcrest-2.2.jar:/home/daniel/.m2/repository/org/junit/jupiter/junit-jupiter/5.9.3/junit-jupiter-5.9.3.jar:/home/daniel/.m2/repository/org/junit/jupiter/junit-jupiter-api/5.9.3/junit-jupiter-api-5.9.3.jar:/home/daniel/.m2/repository/org/opentest4j/opentest4j/1.2.0/opentest4j-1.2.0.jar:/home/daniel/.m2/repository/org/junit/platform/junit-platform-commons/1.9.3/junit-platform-commons-1.9.3.jar:/home/daniel/.m2/repository/org/apiguardian/apiguardian-api/1.1.2/apiguardian-api-1.1.2.jar:/home/daniel/.m2/repository/org/junit/jupiter/junit-jupiter-params/5.9.3/junit-jupiter-params-5.9.3.jar:/home/daniel/.m2/repository/org/junit/jupiter/junit-jupiter-engine/5.9.3/junit-jupiter-engine-5.9.3.jar:/home/daniel/.m2/repository/org/junit/platform/junit-platform-engine/1.9.3/junit-platform-engine-1.9.3.jar:/home/daniel/.m2/repository/org/mockito/mockito-core/5.3.1/mockito-core-5.3.1.jar:/home/daniel/.m2/repository/net/bytebuddy/byte-buddy-agent/1.14.5/byte-buddy-agent-1.14.5.jar:/home/daniel/.m2/repository/org/objenesis/objenesis/3.3/objenesis-3.3.jar:/home/daniel/.m2/repository/org/mockito/mockito-junit-jupiter/5.3.1/mockito-junit-jupiter-5.3.1.jar:/home/daniel/.m2/repository/org/skyscreamer/jsonassert/1.5.1/jsonassert-1.5.1.jar:/home/daniel/.m2/repository/com/vaadin/external/google/android-json/0.0.20131108.vaadin1/android-json-0.0.20131108.vaadin1.jar:/home/daniel/.m2/repository/org/springframework/spring-core/6.0.11/spring-core-6.0.11.jar:/home/daniel/.m2/repository/org/springframework/spring-jcl/6.0.11/spring-jcl-6.0.11.jar:/home/daniel/.m2/repository/org/springframework/spring-test/6.0.11/spring-test-6.0.11.jar:/home/daniel/.m2/repository/org/xmlunit/xmlunit-core/2.9.1/xmlunit-core-2.9.1.jar:/home/daniel/.m2/repository/io/projectreactor/reactor-test/3.5.8/reactor-test-3.5.8.jar:/home/daniel/.m2/repository/io/projectreactor/reactor-core/3.5.8/reactor-core-3.5.8.jar:/home/daniel/.m2/repository/org/reactivestreams/reactive-streams/1.0.4/reactive-streams-1.0.4.jar:/home/daniel/.m2/repository/org/assertj/assertj-core/3.24.2/assertj-core-3.24.2.jar:/home/daniel/.m2/repository/net/bytebuddy/byte-buddy/1.14.5/byte-buddy-1.14.5.jar:/home/daniel/.m2/repository/org/apache/commons/commons-lang3/3.12.0/commons-lang3-3.12.0.jar:/home/daniel/.m2/repository/de/flapdoodle/embed/de.flapdoodle.embed.mongo.spring30x/4.6.2/de.flapdoodle.embed.mongo.spring30x-4.6.2.jar:/home/daniel/.m2/repository/de/flapdoodle/embed/de.flapdoodle.embed.mongo/4.6.2/de.flapdoodle.embed.mongo-4.6.2.jar:/home/daniel/.m2/repository/de/flapdoodle/embed/de.flapdoodle.embed.process/4.6.1/de.flapdoodle.embed.process-4.6.1.jar:/home/daniel/.m2/repository/de/flapdoodle/reverse/de.flapdoodle.reverse/1.5.2/de.flapdoodle.reverse-1.5.2.jar:/home/daniel/.m2/repository/de/flapdoodle/graph/de.flapdoodle.graph/1.2.3/de.flapdoodle.graph-1.2.3.jar:/home/daniel/.m2/repository/org/jgrapht/jgrapht-core/1.4.0/jgrapht-core-1.4.0.jar:/home/daniel/.m2/repository/org/jheaps/jheaps/0.11/jheaps-0.11.jar:/home/daniel/.m2/repository/de/flapdoodle/java8/de.flapdoodle.java8/1.3.2/de.flapdoodle.java8-1.3.2.jar:/home/daniel/.m2/repository/org/apache/commons/commons-compress/1.22/commons-compress-1.22.jar:/home/daniel/.m2/repository/net/java/dev/jna/jna/5.13.0/jna-5.13.0.jar:/home/daniel/.m2/repository/net/java/dev/jna/jna-platform/5.13.0/jna-platform-5.13.0.jar:/home/daniel/.m2/repository/de/flapdoodle/de.flapdoodle.os-api/1.3.1/de.flapdoodle.os-api-1.3.1.jar:/home/daniel/.m2/repository/de/flapdoodle/embed/de.flapdoodle.embed.mongo.packageresolver/4.5.3/de.flapdoodle.embed.mongo.packageresolver-4.5.3.jar:/home/daniel/.m2/repository/de/flapdoodle/de.flapdoodle.os/1.3.3/de.flapdoodle.os-1.3.3.jar:/home/daniel/.m2/repository/org/springframework/boot/spring-boot-properties-migrator/3.1.2/spring-boot-properties-migrator-3.1.2.jar:/home/daniel/.m2/repository/org/springframework/boot/spring-boot-configuration-metadata/3.1.2/spring-boot-configuration-metadata-3.1.2.jar:/home/daniel/.m2/repository/org/springframework/boot/spring-boot-starter-security/3.1.2/spring-boot-starter-security-3.1.2.jar:/home/daniel/.m2/repository/org/springframework/spring-aop/6.0.11/spring-aop-6.0.11.jar:/home/daniel/.m2/repository/org/springframework/security/spring-security-config/6.1.2/spring-security-config-6.1.2.jar:/home/daniel/.m2/repository/org/springframework/security/spring-security-web/6.1.2/spring-security-web-6.1.2.jar:/home/daniel/.m2/repository/org/bouncycastle/bcprov-jdk15on/1.70/bcprov-jdk15on-1.70.jar:/home/daniel/.m2/repository/org/springframework/security/spring-security-test/6.1.2/spring-security-test-6.1.2.jar:/home/daniel/.m2/repository/org/springframework/security/spring-security-core/6.1.2/spring-security-core-6.1.2.jar:/home/daniel/.m2/repository/org/springframework/security/spring-security-crypto/6.1.2/spring-security-crypto-6.1.2.jar:/home/daniel/.m2/repository/org/springframework/boot/spring-boot-starter-validation/3.1.2/spring-boot-starter-validation-3.1.2.jar:/home/daniel/.m2/repository/org/apache/tomcat/embed/tomcat-embed-el/10.1.11/tomcat-embed-el-10.1.11.jar:/home/daniel/.m2/repository/org/hibernate/validator/hibernate-validator/8.0.1.Final/hibernate-validator-8.0.1.Final.jar:/home/daniel/.m2/repository/jakarta/validation/jakarta.validation-api/3.0.2/jakarta.validation-api-3.0.2.jar:/home/daniel/.m2/repository/org/jboss/logging/jboss-logging/3.5.3.Final/jboss-logging-3.5.3.Final.jar:/home/daniel/.m2/repository/com/fasterxml/classmate/1.5.1/classmate-1.5.1.jar:/home/daniel/.m2/repository/org/springframework/boot/spring-boot-starter-websocket/3.1.2/spring-boot-starter-websocket-3.1.2.jar:/home/daniel/.m2/repository/org/springframework/spring-messaging/6.0.11/spring-messaging-6.0.11.jar:/home/daniel/.m2/repository/org/springframework/spring-websocket/6.0.11/spring-websocket-6.0.11.jar:/home/daniel/.m2/repository/com/google/code/gson/gson/2.10.1/gson-2.10.1.jar:"/>
    <property name="java.vm.vendor" value="Ubuntu"/>
    <property name="sun.arch.data.model" value="64"/>
    <property name="java.vendor.url" value="https://ubuntu.com/"/>
    <property name="user.timezone" value="Europe/Madrid"/>
    <property name="org.jboss.logging.provider" value="slf4j"/>
    <property name="os.name" value="Linux"/>
    <property name="java.vm.specification.version" value="21"/>
    <property name="sun.java.launcher" value="SUN_STANDARD"/>
    <property name="sun.boot.library.path" value="/usr/lib/jvm/java-21-openjdk-amd64/lib"/>
    <property name="sun.java.command" value="/home/daniel/GitHub/digimon-tcg-simulator/backend/target/surefire/surefirebooter-20240807160839974_3.jar /home/daniel/GitHub/digimon-tcg-simulator/backend/target/surefire 2024-08-07T16-08-39_929-jvmRun1 surefire-20240807160839974_1tmp surefire_0-20240807160839974_2tmp"/>
    <property name="jdk.debug" value="release"/>
    <property name="surefire.test.class.path" value="/home/daniel/GitHub/digimon-tcg-simulator/backend/target/test-classes:/home/daniel/GitHub/digimon-tcg-simulator/backend/target/classes:/home/daniel/.m2/repository/org/springframework/boot/spring-boot-starter-data-mongodb/3.1.2/spring-boot-starter-data-mongodb-3.1.2.jar:/home/daniel/.m2/repository/org/springframework/boot/spring-boot-starter/3.1.2/spring-boot-starter-3.1.2.jar:/home/daniel/.m2/repository/org/springframework/boot/spring-boot/3.1.2/spring-boot-3.1.2.jar:/home/daniel/.m2/repository/org/springframework/boot/spring-boot-autoconfigure/3.1.2/spring-boot-autoconfigure-3.1.2.jar:/home/daniel/.m2/repository/org/springframework/boot/spring-boot-starter-logging/3.1.2/spring-boot-starter-logging-3.1.2.jar:/home/daniel/.m2/repository/ch/qos/logback/logback-classic/1.4.8/logback-classic-1.4.8.jar:/home/daniel/.m2/repository/ch/qos/logback/logback-core/1.4.8/logback-core-1.4.8.jar:/home/daniel/.m2/repository/org/apache/logging/log4j/log4j-to-slf4j/2.20.0/log4j-to-slf4j-2.20.0.jar:/home/daniel/.m2/repository/org/apache/logging/log4j/log4j-api/2.20.0/log4j-api-2.20.0.jar:/home/daniel/.m2/repository/org/slf4j/jul-to-slf4j/2.0.7/jul-to-slf4j-2.0.7.jar:/home/daniel/.m2/repository/jakarta/annotation/jakarta.annotation-api/2.1.1/jakarta.annotation-api-2.1.1.jar:/home/daniel/.m2/repository/org/yaml/snakeyaml/1.33/snakeyaml-1.33.jar:/home/daniel/.m2/repository/org/mongodb/mongodb-driver-sync/4.9.1/mongodb-driver-sync-4.9.1.jar:/home/daniel/.m2/repository/org/mongodb/bson/4.9.1/bson-4.9.1.jar:/home/daniel/.m2/repository/org/mongodb/mongodb-driver-core/4.9.1/mongodb-driver-core-4.9.1.jar:/home/daniel/.m2/repository/org/mongodb/bson-record-codec/4.9.1/bson-record-codec-4.9.1.jar:/home/daniel/.m2/repository/org/springframework/data/spring-data-mongodb/4.1.2/spring-data-mongodb-4.1.2.jar:/home/daniel/.m2/repository/org/springframework/spring-tx/6.0.11/spring-tx-6.0.11.jar:/home/daniel/.m2/repository/org/springframework/spring-context/6.0.11/spring-context-6.0.11.jar:/home/daniel/.m2/repository/org/springframework/spring-beans/6.0.11/spring-beans-6.0.11.jar:/home/daniel/.m2/repository/org/springframework/spring-expression/6.0.11/spring-expression-6.0.11.jar:/home/daniel/.m2/repository/org/springframework/data/spring-data-commons/3.1.2/spring-data-commons-3.1.2.jar:/home/daniel/.m2/repository/org/slf4j/slf4j-api/2.0.7/slf4j-api-2.0.7.jar:/home/daniel/.m2/repository/org/springframework/boot/spring-boot-starter-web/3.1.2/spring-boot-starter-web-3.1.2.jar:/home/daniel/.m2/repository/org/springframework/boot/spring-boot-starter-json/3.1.2/spring-boot-starter-json-3.1.2.jar:/home/daniel/.m2/repository/com/fasterxml/jackson/core/jackson-databind/2.15.2/jackson-databind-2.15.2.jar:/home/daniel/.m2/repository/com/fasterxml/jackson/core/jackson-annotations/2.15.2/jackson-annotations-2.15.2.jar:/home/daniel/.m2/repository/com/fasterxml/jackson/core/jackson-core/2.15.2/jackson-core-2.15.2.jar:/home/daniel/.m2/repository/com/fasterxml/jackson/datatype/jackson-datatype-jdk8/2.15.2/jackson-datatype-jdk8-2.15.2.jar:/home/daniel/.m2/repository/com/fasterxml/jackson/datatype/jackson-datatype-jsr310/2.15.2/jackson-datatype-jsr310-2.15.2.jar:/home/daniel/.m2/repository/com/fasterxml/jackson/module/jackson-module-parameter-names/2.15.2/jackson-module-parameter-names-2.15.2.jar:/home/daniel/.m2/repository/org/springframework/boot/spring-boot-starter-tomcat/3.1.2/spring-boot-starter-tomcat-3.1.2.jar:/home/daniel/.m2/repository/org/apache/tomcat/embed/tomcat-embed-core/10.1.11/tomcat-embed-core-10.1.11.jar:/home/daniel/.m2/repository/org/apache/tomcat/embed/tomcat-embed-websocket/10.1.11/tomcat-embed-websocket-10.1.11.jar:/home/daniel/.m2/repository/org/springframework/spring-web/6.0.11/spring-web-6.0.11.jar:/home/daniel/.m2/repository/io/micrometer/micrometer-observation/1.11.2/micrometer-observation-1.11.2.jar:/home/daniel/.m2/repository/io/micrometer/micrometer-commons/1.11.2/micrometer-commons-1.11.2.jar:/home/daniel/.m2/repository/org/springframework/spring-webmvc/6.0.11/spring-webmvc-6.0.11.jar:/home/daniel/.m2/repository/org/springframework/boot/spring-boot-starter-webflux/3.1.2/spring-boot-starter-webflux-3.1.2.jar:/home/daniel/.m2/repository/org/springframework/boot/spring-boot-starter-reactor-netty/3.1.2/spring-boot-starter-reactor-netty-3.1.2.jar:/home/daniel/.m2/repository/io/projectreactor/netty/reactor-netty-http/1.1.9/reactor-netty-http-1.1.9.jar:/home/daniel/.m2/repository/io/netty/netty-codec-http/4.1.94.Final/netty-codec-http-4.1.94.Final.jar:/home/daniel/.m2/repository/io/netty/netty-common/4.1.94.Final/netty-common-4.1.94.Final.jar:/home/daniel/.m2/repository/io/netty/netty-buffer/4.1.94.Final/netty-buffer-4.1.94.Final.jar:/home/daniel/.m2/repository/io/netty/netty-transport/4.1.94.Final/netty-transport-4.1.94.Final.jar:/home/daniel/.m2/repository/io/netty/netty-codec/4.1.94.Final/netty-codec-4.1.94.Final.jar:/home/daniel/.m2/repository/io/netty/netty-handler/4.1.94.Final/netty-handler-4.1.94.Final.jar:/home/daniel/.m2/repository/io/netty/netty-codec-http2/4.1.94.Final/netty-codec-http2-4.1.94.Final.jar:/home/daniel/.m2/repository/io/netty/netty-resolver-dns/4.1.94.Final/netty-resolver-dns-4.1.94.Final.jar:/home/daniel/.m2/repository/io/netty/netty-resolver/4.1.94.Final/netty-resolver-4.1.94.Final.jar:/home/daniel/.m2/repository/io/netty/netty-codec-dns/4.1.94.Final/netty-codec-dns-4.1.94.Final.jar:/home/daniel/.m2/repository/io/netty/netty-resolver-dns-native-macos/4.1.94.Final/netty-resolver-dns-native-macos-4.1.94.Final-osx-x86_64.jar:/home/daniel/.m2/repository/io/netty/netty-resolver-dns-classes-macos/4.1.94.Final/netty-resolver-dns-classes-macos-4.1.94.Final.jar:/home/daniel/.m2/repository/io/netty/netty-transport-native-epoll/4.1.94.Final/netty-transport-native-epoll-4.1.94.Final-linux-x86_64.jar:/home/daniel/.m2/repository/io/netty/netty-transport-native-unix-common/4.1.94.Final/netty-transport-native-unix-common-4.1.94.Final.jar:/home/daniel/.m2/repository/io/netty/netty-transport-classes-epoll/4.1.94.Final/netty-transport-classes-epoll-4.1.94.Final.jar:/home/daniel/.m2/repository/io/projectreactor/netty/reactor-netty-core/1.1.9/reactor-netty-core-1.1.9.jar:/home/daniel/.m2/repository/io/netty/netty-handler-proxy/4.1.94.Final/netty-handler-proxy-4.1.94.Final.jar:/home/daniel/.m2/repository/io/netty/netty-codec-socks/4.1.94.Final/netty-codec-socks-4.1.94.Final.jar:/home/daniel/.m2/repository/org/springframework/spring-webflux/6.0.11/spring-webflux-6.0.11.jar:/home/daniel/.m2/repository/org/projectlombok/lombok/1.18.30/lombok-1.18.30.jar:/home/daniel/.m2/repository/org/springframework/boot/spring-boot-starter-test/3.1.2/spring-boot-starter-test-3.1.2.jar:/home/daniel/.m2/repository/org/springframework/boot/spring-boot-test/3.1.2/spring-boot-test-3.1.2.jar:/home/daniel/.m2/repository/org/springframework/boot/spring-boot-test-autoconfigure/3.1.2/spring-boot-test-autoconfigure-3.1.2.jar:/home/daniel/.m2/repository/com/jayway/jsonpath/json-path/2.8.0/json-path-2.8.0.jar:/home/daniel/.m2/repository/jakarta/xml/bind/jakarta.xml.bind-api/4.0.0/jakarta.xml.bind-api-4.0.0.jar:/home/daniel/.m2/repository/jakarta/activation/jakarta.activation-api/2.1.2/jakarta.activation-api-2.1.2.jar:/home/daniel/.m2/repository/net/minidev/json-smart/2.4.11/json-smart-2.4.11.jar:/home/daniel/.m2/repository/net/minidev/accessors-smart/2.4.11/accessors-smart-2.4.11.jar:/home/daniel/.m2/repository/org/ow2/asm/asm/9.3/asm-9.3.jar:/home/daniel/.m2/repository/org/hamcrest/hamcrest/2.2/hamcrest-2.2.jar:/home/daniel/.m2/repository/org/junit/jupiter/junit-jupiter/5.9.3/junit-jupiter-5.9.3.jar:/home/daniel/.m2/repository/org/junit/jupiter/junit-jupiter-api/5.9.3/junit-jupiter-api-5.9.3.jar:/home/daniel/.m2/repository/org/opentest4j/opentest4j/1.2.0/opentest4j-1.2.0.jar:/home/daniel/.m2/repository/org/junit/platform/junit-platform-commons/1.9.3/junit-platform-commons-1.9.3.jar:/home/daniel/.m2/repository/org/apiguardian/apiguardian-api/1.1.2/apiguardian-api-1.1.2.jar:/home/daniel/.m2/repository/org/junit/jupiter/junit-jupiter-params/5.9.3/junit-jupiter-params-5.9.3.jar:/home/daniel/.m2/repository/org/junit/jupiter/junit-jupiter-engine/5.9.3/junit-jupiter-engine-5.9.3.jar:/home/daniel/.m2/repository/org/junit/platform/junit-platform-engine/1.9.3/junit-platform-engine-1.9.3.jar:/home/daniel/.m2/repository/org/mockito/mockito-core/5.3.1/mockito-core-5.3.1.jar:/home/daniel/.m2/repository/net/bytebuddy/byte-buddy-agent/1.14.5/byte-buddy-agent-1.14.5.jar:/home/daniel/.m2/repository/org/objenesis/objenesis/3.3/objenesis-3.3.jar:/home/daniel/.m2/repository/org/mockito/mockito-junit-jupiter/5.3.1/mockito-junit-jupiter-5.3.1.jar:/home/daniel/.m2/repository/org/skyscreamer/jsonassert/1.5.1/jsonassert-1.5.1.jar:/home/daniel/.m2/repository/com/vaadin/external/google/android-json/0.0.20131108.vaadin1/android-json-0.0.20131108.vaadin1.jar:/home/daniel/.m2/repository/org/springframework/spring-core/6.0.11/spring-core-6.0.11.jar:/home/daniel/.m2/repository/org/springframework/spring-jcl/6.0.11/spring-jcl-6.0.11.jar:/home/daniel/.m2/repository/org/springframework/spring-test/6.0.11/spring-test-6.0.11.jar:/home/daniel/.m2/repository/org/xmlunit/xmlunit-core/2.9.1/xmlunit-core-2.9.1.jar:/home/daniel/.m2/repository/io/projectreactor/reactor-test/3.5.8/reactor-test-3.5.8.jar:/home/daniel/.m2/repository/io/projectreactor/reactor-core/3.5.8/reactor-core-3.5.8.jar:/home/daniel/.m2/repository/org/reactivestreams/reactive-streams/1.0.4/reactive-streams-1.0.4.jar:/home/daniel/.m2/repository/org/assertj/assertj-core/3.24.2/assertj-core-3.24.2.jar:/home/daniel/.m2/repository/net/bytebuddy/byte-buddy/1.14.5/byte-buddy-1.14.5.jar:/home/daniel/.m2/repository/org/apache/commons/commons-lang3/3.12.0/commons-lang3-3.12.0.jar:/home/daniel/.m2/repository/de/flapdoodle/embed/de.flapdoodle.embed.mongo.spring30x/4.6.2/de.flapdoodle.embed.mongo.spring30x-4.6.2.jar:/home/daniel/.m2/repository/de/flapdoodle/embed/de.flapdoodle.embed.mongo/4.6.2/de.flapdoodle.embed.mongo-4.6.2.jar:/home/daniel/.m2/repository/de/flapdoodle/embed/de.flapdoodle.embed.process/4.6.1/de.flapdoodle.embed.process-4.6.1.jar:/home/daniel/.m2/repository/de/flapdoodle/reverse/de.flapdoodle.reverse/1.5.2/de.flapdoodle.reverse-1.5.2.jar:/home/daniel/.m2/repository/de/flapdoodle/graph/de.flapdoodle.graph/1.2.3/de.flapdoodle.graph-1.2.3.jar:/home/daniel/.m2/repository/org/jgrapht/jgrapht-core/1.4.0/jgrapht-core-1.4.0.jar:/home/daniel/.m2/repository/org/jheaps/jheaps/0.11/jheaps-0.11.jar:/home/daniel/.m2/repository/de/flapdoodle/java8/de.flapdoodle.java8/1.3.2/de.flapdoodle.java8-1.3.2.jar:/home/daniel/.m2/repository/org/apache/commons/commons-compress/1.22/commons-compress-1.22.jar:/home/daniel/.m2/repository/net/java/dev/jna/jna/5.13.0/jna-5.13.0.jar:/home/daniel/.m2/repository/net/java/dev/jna/jna-platform/5.13.0/jna-platform-5.13.0.jar:/home/daniel/.m2/repository/de/flapdoodle/de.flapdoodle.os-api/1.3.1/de.flapdoodle.os-api-1.3.1.jar:/home/daniel/.m2/repository/de/flapdoodle/embed/de.flapdoodle.embed.mongo.packageresolver/4.5.3/de.flapdoodle.embed.mongo.packageresolver-4.5.3.jar:/home/daniel/.m2/repository/de/flapdoodle/de.flapdoodle.os/1.3.3/de.flapdoodle.os-1.3.3.jar:/home/daniel/.m2/repository/org/springframework/boot/spring-boot-properties-migrator/3.1.2/spring-boot-properties-migrator-3.1.2.jar:/home/daniel/.m2/repository/org/springframework/boot/spring-boot-configuration-metadata/3.1.2/spring-boot-configuration-metadata-3.1.2.jar:/home/daniel/.m2/repository/org/springframework/boot/spring-boot-starter-security/3.1.2/spring-boot-starter-security-3.1.2.jar:/home/daniel/.m2/repository/org/springframework/spring-aop/6.0.11/spring-aop-6.0.11.jar:/home/daniel/.m2/repository/org/springframework/security/spring-security-config/6.1.2/spring-security-config-6.1.2.jar:/home/daniel/.m2/repository/org/springframework/security/spring-security-web/6.1.2/spring-security-web-6.1.2.jar:/home/daniel/.m2/repository/org/bouncycastle/bcprov-jdk15on/1.70/bcprov-jdk15on-1.70.jar:/home/daniel/.m2/repository/org/springframework/security/spring-security-test/6.1.2/spring-security-test-6.1.2.jar:/home/daniel/.m2/repository/org/springframework/security/spring-security-core/6.1.2/spring-security-core-6.1.2.jar:/home/daniel/.m2/repository/org/springframework/security/spring-security-crypto/6.1.2/spring-security-crypto-6.1.2.jar:/home/daniel/.m2/repository/org/springframework/boot/spring-boot-starter-validation/3.1.2/spring-boot-starter-validation-3.1.2.jar:/home/daniel/.m2/repository/org/apache/tomcat/embed/tomcat-embed-el/10.1.11/tomcat-embed-el-10.1.11.jar:/home/daniel/.m2/repository/org/hibernate/validator/hibernate-validator/8.0.1.Final/hibernate-validator-8.0.1.Final.jar:/home/daniel/.m2/repository/jakarta/validation/jakarta.validation-api/3.0.2/jakarta.validation-api-3.0.2.jar:/home/daniel/.m2/repository/org/jboss/logging/jboss-logging/3.5.3.Final/jboss-logging-3.5.3.Final.jar:/home/daniel/.m2/repository/com/fasterxml/classmate/1.5.1/classmate-1.5.1.jar:/home/daniel/.m2/repository/org/springframework/boot/spring-boot-starter-websocket/3.1.2/spring-boot-starter-websocket-3.1.2.jar:/home/daniel/.m2/repository/org/springframework/spring-messaging/6.0.11/spring-messaging-6.0.11.jar:/home/daniel/.m2/repository/org/springframework/spring-websocket/6.0.11/spring-websocket-6.0.11.jar:/home/daniel/.m2/repository/com/google/code/gson/gson/2.10.1/gson-2.10.1.jar:"/>
    <property name="sun.cpu.endian" value="little"/>
    <property name="user.home" value="/home/daniel"/>
    <property name="user.language" value="en"/>
    <property name="java.specification.vendor" value="Oracle Corporation"/>
    <property name="java.version.date" value="2024-07-16"/>
    <property name="java.home" value="/usr/lib/jvm/java-21-openjdk-amd64"/>
    <property name="file.separator" value="/"/>
    <property name="basedir" value="/home/daniel/GitHub/digimon-tcg-simulator/backend"/>
    <property name="java.vm.compressedOopsMode" value="32-bit"/>
    <property name="line.separator" value="&#10;"/>
    <property name="java.specification.name" value="Java Platform API Specification"/>
    <property name="java.vm.specification.vendor" value="Oracle Corporation"/>
    <property name="FILE_LOG_CHARSET" value="UTF-8"/>
    <property name="java.awt.headless" value="true"/>
    <property name="surefire.real.class.path" value="/home/daniel/GitHub/digimon-tcg-simulator/backend/target/surefire/surefirebooter-20240807160839974_3.jar"/>
    <property name="sun.management.compiler" value="HotSpot 64-Bit Tiered Compilers"/>
    <property name="java.runtime.version" value="21.0.4+7-Ubuntu-1ubuntu222.04"/>
    <property name="user.name" value="daniel"/>
    <property name="stdout.encoding" value="UTF-8"/>
    <property name="path.separator" value=":"/>
    <property name="os.version" value="5.15.153.1-microsoft-standard-WSL2"/>
    <property name="java.runtime.name" value="OpenJDK Runtime Environment"/>
    <property name="file.encoding" value="UTF-8"/>
    <property name="java.vm.name" value="OpenJDK 64-Bit Server VM"/>
    <property name="localRepository" value="/home/daniel/.m2/repository"/>
    <property name="java.vendor.url.bug" value="https://bugs.launchpad.net/ubuntu/+source/openjdk-21"/>
    <property name="java.io.tmpdir" value="/tmp"/>
    <property name="java.version" value="21.0.4"/>
    <property name="user.dir" value="/home/daniel/GitHub/digimon-tcg-simulator/backend"/>
    <property name="os.arch" value="amd64"/>
    <property name="java.vm.specification.name" value="Java Virtual Machine Specification"/>
    <property name="PID" value="20518"/>
    <property name="CONSOLE_LOG_CHARSET" value="UTF-8"/>
    <property name="native.encoding" value="UTF-8"/>
    <property name="java.library.path" value="/usr/java/packages/lib:/usr/lib/x86_64-linux-gnu/jni:/lib/x86_64-linux-gnu:/usr/lib/x86_64-linux-gnu:/usr/lib/jni:/lib:/usr/lib"/>
    <property name="java.vm.info" value="mixed mode, sharing"/>
    <property name="stderr.encoding" value="UTF-8"/>
    <property name="java.vendor" value="Ubuntu"/>
    <property name="java.vm.version" value="21.0.4+7-Ubuntu-1ubuntu222.04"/>
    <property name="sun.io.unicode.encoding" value="UnicodeLittle"/>
    <property name="java.class.version" value="65.0"/>
  </properties>
  <testcase name="expectNoContent_whenLogoutUser" classname="com.github.wekaito.backend.security.MongoUserControllerTest" time="0.119">
    <system-out><![CDATA[16:08:43.033 [main] INFO org.springframework.test.context.support.AnnotationConfigContextLoaderUtils -- Could not detect default configuration classes for test class [com.github.wekaito.backend.security.MongoUserControllerTest]: MongoUserControllerTest does not declare any static, non-private, non-final, nested classes annotated with @Configuration.
16:08:43.124 [main] INFO org.springframework.boot.test.context.SpringBootTestContextBootstrapper -- Found @SpringBootConfiguration com.github.wekaito.backend.BackendApplication for test class com.github.wekaito.backend.security.MongoUserControllerTest

  .   ____          _            __ _ _
 /\\ / ___'_ __ _ _(_)_ __  __ _ \ \ \ \
( ( )\___ | '_ | '_| | '_ \/ _` | \ \ \ \
 \\/  ___)| |_)| | | | | || (_| |  ) ) ) )
  '  |____| .__|_| |_|_| |_\__, | / / / /
 =========|_|==============|___/=/_/_/_/
 :: Spring Boot ::                (v3.1.2)

2024-08-07T16:08:43.451+02:00  INFO 20518 --- [           main] c.g.w.b.s.MongoUserControllerTest        : Starting MongoUserControllerTest using Java 21.0.4 with PID 20518 (started by daniel in /home/daniel/GitHub/digimon-tcg-simulator/backend)
2024-08-07T16:08:43.452+02:00  INFO 20518 --- [           main] c.g.w.b.s.MongoUserControllerTest        : No active profile set, falling back to 1 default profile: "default"
2024-08-07T16:08:44.163+02:00  INFO 20518 --- [           main] .s.d.r.c.RepositoryConfigurationDelegate : Bootstrapping Spring Data MongoDB repositories in DEFAULT mode.
2024-08-07T16:08:44.299+02:00  INFO 20518 --- [           main] .s.d.r.c.RepositoryConfigurationDelegate : Finished Spring Data repository scanning in 131 ms. Found 3 MongoDB repository interfaces.
2024-08-07T16:08:44.545+02:00  INFO 20518 --- [           main] trationDelegate$BeanPostProcessorChecker : Bean 'de.flapdoodle.embed.mongo.spring.autoconfigure.EmbeddedMongoAutoConfiguration' of type [de.flapdoodle.embed.mongo.spring.autoconfigure.EmbeddedMongoAutoConfiguration] is not eligible for getting processed by all BeanPostProcessors (for example: not eligible for auto-proxying)
2024-08-07T16:08:44.564+02:00  INFO 20518 --- [           main] trationDelegate$BeanPostProcessorChecker : Bean 'de.flapdoodle.mongodb.embedded-de.flapdoodle.embed.mongo.spring.autoconfigure.EmbeddedMongoProperties' of type [de.flapdoodle.embed.mongo.spring.autoconfigure.EmbeddedMongoProperties] is not eligible for getting processed by all BeanPostProcessors (for example: not eligible for auto-proxying)
2024-08-07T16:08:44.570+02:00  INFO 20518 --- [           main] trationDelegate$BeanPostProcessorChecker : Bean 'spring.data.mongodb-org.springframework.boot.autoconfigure.mongo.MongoProperties' of type [org.springframework.boot.autoconfigure.mongo.MongoProperties] is not eligible for getting processed by all BeanPostProcessors (for example: not eligible for auto-proxying)
2024-08-07T16:08:44.694+02:00  INFO 20518 --- [           main] d.f.e.m.s.a.SyncClientServerFactory      : sync server factory
2024-08-07T16:08:44.862+02:00  INFO 20518 --- [       Thread-4] d.f.e.m.s.autoconfigure.EmbeddedMongo    : {"t":{"$date":"2024-08-07T16:08:44.862+02:00"},"s":"I",  "c":"CONTROL",  "id":23285,   "ctx":"thread1","msg":"Automatically disabling TLS 1.0, to force-enable TLS 1.0 specify --sslDisabledProtocols 'none'"}
2024-08-07T16:08:44.864+02:00  INFO 20518 --- [       Thread-4] d.f.e.m.s.autoconfigure.EmbeddedMongo    : {"t":{"$date":"2024-08-07T16:08:44.864+02:00"},"s":"I",  "c":"NETWORK",  "id":4915701, "ctx":"thread1","msg":"Initialized wire specification","attr":{"spec":{"incomingExternalClient":{"minWireVersion":0,"maxWireVersion":17},"incomingInternalClient":{"minWireVersion":0,"maxWireVersion":17},"outgoing":{"minWireVersion":6,"maxWireVersion":17},"isInternalClient":true}}}
2024-08-07T16:08:44.864+02:00  INFO 20518 --- [       Thread-4] d.f.e.m.s.autoconfigure.EmbeddedMongo    : {"t":{"$date":"2024-08-07T16:08:44.864+02:00"},"s":"I",  "c":"NETWORK",  "id":4648601, "ctx":"thread1","msg":"Implicit TCP FastOpen unavailable. If TCP FastOpen is required, set tcpFastOpenServer, tcpFastOpenClient, and tcpFastOpenQueueSize."}
2024-08-07T16:08:44.864+02:00  INFO 20518 --- [       Thread-4] d.f.e.m.s.autoconfigure.EmbeddedMongo    : {"t":{"$date":"2024-08-07T16:08:44.864+02:00"},"s":"I",  "c":"REPL",     "id":5123008, "ctx":"thread1","msg":"Successfully registered PrimaryOnlyService","attr":{"service":"TenantMigrationDonorService","namespace":"config.tenantMigrationDonors"}}
2024-08-07T16:08:44.865+02:00  INFO 20518 --- [       Thread-4] d.f.e.m.s.autoconfigure.EmbeddedMongo    : {"t":{"$date":"2024-08-07T16:08:44.864+02:00"},"s":"I",  "c":"REPL",     "id":5123008, "ctx":"thread1","msg":"Successfully registered PrimaryOnlyService","attr":{"service":"TenantMigrationRecipientService","namespace":"config.tenantMigrationRecipients"}}
2024-08-07T16:08:44.865+02:00  INFO 20518 --- [       Thread-4] d.f.e.m.s.autoconfigure.EmbeddedMongo    : {"t":{"$date":"2024-08-07T16:08:44.864+02:00"},"s":"I",  "c":"REPL",     "id":5123008, "ctx":"thread1","msg":"Successfully registered PrimaryOnlyService","attr":{"service":"ShardSplitDonorService","namespace":"config.tenantSplitDonors"}}
2024-08-07T16:08:44.865+02:00  INFO 20518 --- [       Thread-4] d.f.e.m.s.autoconfigure.EmbeddedMongo    : {"t":{"$date":"2024-08-07T16:08:44.864+02:00"},"s":"I",  "c":"CONTROL",  "id":5945603, "ctx":"thread1","msg":"Multi threading initialized"}
2024-08-07T16:08:44.865+02:00  INFO 20518 --- [       Thread-4] d.f.e.m.s.autoconfigure.EmbeddedMongo    : {"t":{"$date":"2024-08-07T16:08:44.865+02:00"},"s":"I",  "c":"CONTROL",  "id":4615611, "ctx":"initandlisten","msg":"MongoDB starting","attr":{"pid":20671,"port":36325,"dbPath":"/tmp/temp--05b03885-54c8-4567-9f86-e1a99888336a/mongod-database4335182056258321211","architecture":"64-bit","host":"DNK-PC-RTX"}}
2024-08-07T16:08:44.865+02:00  INFO 20518 --- [       Thread-4] d.f.e.m.s.autoconfigure.EmbeddedMongo    : {"t":{"$date":"2024-08-07T16:08:44.865+02:00"},"s":"I",  "c":"CONTROL",  "id":23403,   "ctx":"initandlisten","msg":"Build Info","attr":{"buildInfo":{"version":"6.0.1","gitVersion":"32f0f9c88dc44a2c8073a5bd47cf779d4bfdee6b","openSSLVersion":"OpenSSL 1.1.1f  31 Mar 2020","modules":[],"allocator":"tcmalloc","environment":{"distmod":"ubuntu2004","distarch":"x86_64","target_arch":"x86_64"}}}}
2024-08-07T16:08:44.865+02:00  INFO 20518 --- [       Thread-4] d.f.e.m.s.autoconfigure.EmbeddedMongo    : {"t":{"$date":"2024-08-07T16:08:44.865+02:00"},"s":"I",  "c":"CONTROL",  "id":51765,   "ctx":"initandlisten","msg":"Operating System","attr":{"os":{"name":"Ubuntu","version":"22.04"}}}
2024-08-07T16:08:44.865+02:00  INFO 20518 --- [       Thread-4] d.f.e.m.s.autoconfigure.EmbeddedMongo    : {"t":{"$date":"2024-08-07T16:08:44.865+02:00"},"s":"I",  "c":"CONTROL",  "id":21951,   "ctx":"initandlisten","msg":"Options set by command line","attr":{"options":{"net":{"bindIp":"127.0.0.1","port":36325},"security":{"authorization":"disabled"},"storage":{"dbPath":"/tmp/temp--05b03885-54c8-4567-9f86-e1a99888336a/mongod-database4335182056258321211","journal":{"enabled":false},"syncPeriodSecs":0}}}}
2024-08-07T16:08:44.866+02:00  INFO 20518 --- [       Thread-4] d.f.e.m.s.autoconfigure.EmbeddedMongo    : {"t":{"$date":"2024-08-07T16:08:44.865+02:00"},"s":"I",  "c":"STORAGE",  "id":22297,   "ctx":"initandlisten","msg":"Using the XFS filesystem is strongly recommended with the WiredTiger storage engine. See http://dochub.mongodb.org/core/prodnotes-filesystem","tags":["startupWarnings"]}
2024-08-07T16:08:44.866+02:00  INFO 20518 --- [       Thread-4] d.f.e.m.s.autoconfigure.EmbeddedMongo    : {"t":{"$date":"2024-08-07T16:08:44.865+02:00"},"s":"I",  "c":"STORAGE",  "id":22315,   "ctx":"initandlisten","msg":"Opening WiredTiger","attr":{"config":"create,cache_size=3427M,session_max=33000,eviction=(threads_min=4,threads_max=4),config_base=false,statistics=(fast),log=(enabled=true,remove=true,path=journal,compressor=snappy),builtin_extension_config=(zstd=(compression_level=6)),file_manager=(close_idle_time=600,close_scan_interval=10,close_handle_minimum=2000),statistics_log=(wait=0),json_output=(error,message),verbose=[recovery_progress:1,checkpoint_progress:1,compact_progress:1,backup:0,checkpoint:0,compact:0,evict:0,history_store:0,recovery:0,rts:0,salvage:0,tiered:0,timestamp:0,transaction:0,verify:0,log:0],,log=(enabled=false),"}}
2024-08-07T16:08:45.017+02:00  INFO 20518 --- [       Thread-4] d.f.e.m.s.autoconfigure.EmbeddedMongo    : {"t":{"$date":"2024-08-07T16:08:45.016+02:00"},"s":"I",  "c":"STORAGE",  "id":4795906, "ctx":"initandlisten","msg":"WiredTiger opened","attr":{"durationMillis":151}}
2024-08-07T16:08:45.017+02:00  INFO 20518 --- [       Thread-4] d.f.e.m.s.autoconfigure.EmbeddedMongo    : {"t":{"$date":"2024-08-07T16:08:45.017+02:00"},"s":"I",  "c":"RECOVERY", "id":23987,   "ctx":"initandlisten","msg":"WiredTiger recoveryTimestamp","attr":{"recoveryTimestamp":{"$timestamp":{"t":0,"i":0}}}}
2024-08-07T16:08:45.046+02:00  INFO 20518 --- [       Thread-4] d.f.e.m.s.autoconfigure.EmbeddedMongo    : {"t":{"$date":"2024-08-07T16:08:45.046+02:00"},"s":"I",  "c":"WT",       "id":4366408, "ctx":"initandlisten","msg":"No table logging settings modifications are required for existing WiredTiger tables","attr":{"loggingEnabled":true}}
2024-08-07T16:08:45.055+02:00  INFO 20518 --- [       Thread-4] d.f.e.m.s.autoconfigure.EmbeddedMongo    : {"t":{"$date":"2024-08-07T16:08:45.055+02:00"},"s":"W",  "c":"CONTROL",  "id":22178,   "ctx":"initandlisten","msg":"/sys/kernel/mm/transparent_hugepage/enabled is 'always'. We suggest setting it to 'never'","tags":["startupWarnings"]}
2024-08-07T16:08:45.055+02:00  INFO 20518 --- [       Thread-4] d.f.e.m.s.autoconfigure.EmbeddedMongo    : {"t":{"$date":"2024-08-07T16:08:45.055+02:00"},"s":"W",  "c":"CONTROL",  "id":5123300, "ctx":"initandlisten","msg":"vm.max_map_count is too low","attr":{"currentValue":262144,"recommendedMinimum":1677720,"maxConns":838860},"tags":["startupWarnings"]}
2024-08-07T16:08:45.055+02:00  INFO 20518 --- [       Thread-4] d.f.e.m.s.autoconfigure.EmbeddedMongo    : {"t":{"$date":"2024-08-07T16:08:45.055+02:00"},"s":"I",  "c":"STORAGE",  "id":20320,   "ctx":"initandlisten","msg":"createCollection","attr":{"namespace":"admin.system.version","uuidDisposition":"provided","uuid":{"uuid":{"$uuid":"564281c1-72e9-4435-a74f-bb65a47b621f"}},"options":{"uuid":{"$uuid":"564281c1-72e9-4435-a74f-bb65a47b621f"}}}}
2024-08-07T16:08:45.085+02:00  INFO 20518 --- [       Thread-4] d.f.e.m.s.autoconfigure.EmbeddedMongo    : {"t":{"$date":"2024-08-07T16:08:45.085+02:00"},"s":"I",  "c":"INDEX",    "id":20345,   "ctx":"initandlisten","msg":"Index build: done building","attr":{"buildUUID":null,"collectionUUID":{"uuid":{"$uuid":"564281c1-72e9-4435-a74f-bb65a47b621f"}},"namespace":"admin.system.version","index":"_id_","ident":"index-1-893394198779810759","collectionIdent":"collection-0-893394198779810759","commitTimestamp":null}}
2024-08-07T16:08:45.086+02:00  INFO 20518 --- [       Thread-4] d.f.e.m.s.autoconfigure.EmbeddedMongo    : {"t":{"$date":"2024-08-07T16:08:45.085+02:00"},"s":"I",  "c":"REPL",     "id":20459,   "ctx":"initandlisten","msg":"Setting featureCompatibilityVersion","attr":{"newVersion":"6.0"}}
2024-08-07T16:08:45.086+02:00  INFO 20518 --- [       Thread-4] d.f.e.m.s.autoconfigure.EmbeddedMongo    : {"t":{"$date":"2024-08-07T16:08:45.085+02:00"},"s":"I",  "c":"REPL",     "id":5853300, "ctx":"initandlisten","msg":"current featureCompatibilityVersion value","attr":{"featureCompatibilityVersion":"6.0","context":"setFCV"}}
2024-08-07T16:08:45.086+02:00  INFO 20518 --- [       Thread-4] d.f.e.m.s.autoconfigure.EmbeddedMongo    : {"t":{"$date":"2024-08-07T16:08:45.085+02:00"},"s":"I",  "c":"NETWORK",  "id":4915702, "ctx":"initandlisten","msg":"Updated wire specification","attr":{"oldSpec":{"incomingExternalClient":{"minWireVersion":0,"maxWireVersion":17},"incomingInternalClient":{"minWireVersion":0,"maxWireVersion":17},"outgoing":{"minWireVersion":6,"maxWireVersion":17},"isInternalClient":true},"newSpec":{"incomingExternalClient":{"minWireVersion":0,"maxWireVersion":17},"incomingInternalClient":{"minWireVersion":17,"maxWireVersion":17},"outgoing":{"minWireVersion":17,"maxWireVersion":17},"isInternalClient":true}}}
2024-08-07T16:08:45.086+02:00  INFO 20518 --- [       Thread-4] d.f.e.m.s.autoconfigure.EmbeddedMongo    : {"t":{"$date":"2024-08-07T16:08:45.085+02:00"},"s":"I",  "c":"NETWORK",  "id":4915702, "ctx":"initandlisten","msg":"Updated wire specification","attr":{"oldSpec":{"incomingExternalClient":{"minWireVersion":0,"maxWireVersion":17},"incomingInternalClient":{"minWireVersion":17,"maxWireVersion":17},"outgoing":{"minWireVersion":17,"maxWireVersion":17},"isInternalClient":true},"newSpec":{"incomingExternalClient":{"minWireVersion":0,"maxWireVersion":17},"incomingInternalClient":{"minWireVersion":17,"maxWireVersion":17},"outgoing":{"minWireVersion":17,"maxWireVersion":17},"isInternalClient":true}}}
2024-08-07T16:08:45.086+02:00  INFO 20518 --- [       Thread-4] d.f.e.m.s.autoconfigure.EmbeddedMongo    : {"t":{"$date":"2024-08-07T16:08:45.085+02:00"},"s":"I",  "c":"REPL",     "id":5853300, "ctx":"initandlisten","msg":"current featureCompatibilityVersion value","attr":{"featureCompatibilityVersion":"6.0","context":"startup"}}
2024-08-07T16:08:45.086+02:00  INFO 20518 --- [       Thread-4] d.f.e.m.s.autoconfigure.EmbeddedMongo    : {"t":{"$date":"2024-08-07T16:08:45.085+02:00"},"s":"I",  "c":"STORAGE",  "id":5071100, "ctx":"initandlisten","msg":"Clearing temp directory"}
2024-08-07T16:08:45.086+02:00  INFO 20518 --- [       Thread-4] d.f.e.m.s.autoconfigure.EmbeddedMongo    : {"t":{"$date":"2024-08-07T16:08:45.085+02:00"},"s":"I",  "c":"CONTROL",  "id":20536,   "ctx":"initandlisten","msg":"Flow Control is enabled on this deployment"}
2024-08-07T16:08:45.086+02:00  INFO 20518 --- [       Thread-4] d.f.e.m.s.autoconfigure.EmbeddedMongo    : {"t":{"$date":"2024-08-07T16:08:45.086+02:00"},"s":"I",  "c":"FTDC",     "id":20625,   "ctx":"initandlisten","msg":"Initializing full-time diagnostic data capture","attr":{"dataDirectory":"/tmp/temp--05b03885-54c8-4567-9f86-e1a99888336a/mongod-database4335182056258321211/diagnostic.data"}}
2024-08-07T16:08:45.087+02:00  INFO 20518 --- [       Thread-4] d.f.e.m.s.autoconfigure.EmbeddedMongo    : {"t":{"$date":"2024-08-07T16:08:45.087+02:00"},"s":"I",  "c":"STORAGE",  "id":20320,   "ctx":"initandlisten","msg":"createCollection","attr":{"namespace":"local.startup_log","uuidDisposition":"generated","uuid":{"uuid":{"$uuid":"a1bf9156-5d26-4311-ab59-5449322d54c1"}},"options":{"capped":true,"size":10485760}}}
2024-08-07T16:08:45.119+02:00  INFO 20518 --- [       Thread-4] d.f.e.m.s.autoconfigure.EmbeddedMongo    : {"t":{"$date":"2024-08-07T16:08:45.118+02:00"},"s":"I",  "c":"INDEX",    "id":20345,   "ctx":"initandlisten","msg":"Index build: done building","attr":{"buildUUID":null,"collectionUUID":{"uuid":{"$uuid":"a1bf9156-5d26-4311-ab59-5449322d54c1"}},"namespace":"local.startup_log","index":"_id_","ident":"index-3-893394198779810759","collectionIdent":"collection-2-893394198779810759","commitTimestamp":null}}
2024-08-07T16:08:45.119+02:00  INFO 20518 --- [       Thread-4] d.f.e.m.s.autoconfigure.EmbeddedMongo    : {"t":{"$date":"2024-08-07T16:08:45.119+02:00"},"s":"I",  "c":"REPL",     "id":6015317, "ctx":"initandlisten","msg":"Setting new configuration state","attr":{"newState":"ConfigReplicationDisabled","oldState":"ConfigPreStart"}}
2024-08-07T16:08:45.119+02:00  INFO 20518 --- [       Thread-4] d.f.e.m.s.autoconfigure.EmbeddedMongo    : {"t":{"$date":"2024-08-07T16:08:45.119+02:00"},"s":"I",  "c":"STORAGE",  "id":22262,   "ctx":"initandlisten","msg":"Timestamp monitor starting"}
2024-08-07T16:08:45.120+02:00  INFO 20518 --- [       Thread-4] d.f.e.m.s.autoconfigure.EmbeddedMongo    : {"t":{"$date":"2024-08-07T16:08:45.120+02:00"},"s":"I",  "c":"CONTROL",  "id":20712,   "ctx":"LogicalSessionCacheReap","msg":"Sessions collection is not set up; waiting until next sessions reap interval","attr":{"error":"NamespaceNotFound: config.system.sessions does not exist"}}
2024-08-07T16:08:45.120+02:00  INFO 20518 --- [       Thread-4] d.f.e.m.s.autoconfigure.EmbeddedMongo    : {"t":{"$date":"2024-08-07T16:08:45.120+02:00"},"s":"I",  "c":"STORAGE",  "id":20320,   "ctx":"LogicalSessionCacheRefresh","msg":"createCollection","attr":{"namespace":"config.system.sessions","uuidDisposition":"generated","uuid":{"uuid":{"$uuid":"f6ec21dc-e312-40bf-ad50-f1595c62e18c"}},"options":{}}}
2024-08-07T16:08:45.120+02:00  INFO 20518 --- [       Thread-4] d.f.e.m.s.autoconfigure.EmbeddedMongo    : {"t":{"$date":"2024-08-07T16:08:45.120+02:00"},"s":"I",  "c":"NETWORK",  "id":23015,   "ctx":"listener","msg":"Listening on","attr":{"address":"/tmp/mongodb-36325.sock"}}
2024-08-07T16:08:45.120+02:00  INFO 20518 --- [       Thread-4] d.f.e.m.s.autoconfigure.EmbeddedMongo    : {"t":{"$date":"2024-08-07T16:08:45.120+02:00"},"s":"I",  "c":"NETWORK",  "id":23015,   "ctx":"listener","msg":"Listening on","attr":{"address":"127.0.0.1"}}
2024-08-07T16:08:45.120+02:00  INFO 20518 --- [       Thread-4] d.f.e.m.s.autoconfigure.EmbeddedMongo    : {"t":{"$date":"2024-08-07T16:08:45.120+02:00"},"s":"I",  "c":"NETWORK",  "id":23016,   "ctx":"listener","msg":"Waiting for connections","attr":{"port":36325,"ssl":"off"}}
2024-08-07T16:08:45.172+02:00  INFO 20518 --- [       Thread-4] d.f.e.m.s.autoconfigure.EmbeddedMongo    : {"t":{"$date":"2024-08-07T16:08:45.171+02:00"},"s":"I",  "c":"INDEX",    "id":20345,   "ctx":"LogicalSessionCacheRefresh","msg":"Index build: done building","attr":{"buildUUID":null,"collectionUUID":{"uuid":{"$uuid":"f6ec21dc-e312-40bf-ad50-f1595c62e18c"}},"namespace":"config.system.sessions","index":"_id_","ident":"index-5-893394198779810759","collectionIdent":"collection-4-893394198779810759","commitTimestamp":null}}
2024-08-07T16:08:45.172+02:00  INFO 20518 --- [       Thread-4] d.f.e.m.s.autoconfigure.EmbeddedMongo    : {"t":{"$date":"2024-08-07T16:08:45.171+02:00"},"s":"I",  "c":"INDEX",    "id":20345,   "ctx":"LogicalSessionCacheRefresh","msg":"Index build: done building","attr":{"buildUUID":null,"collectionUUID":{"uuid":{"$uuid":"f6ec21dc-e312-40bf-ad50-f1595c62e18c"}},"namespace":"config.system.sessions","index":"lsidTTLIndex","ident":"index-6-893394198779810759","collectionIdent":"collection-4-893394198779810759","commitTimestamp":null}}
2024-08-07T16:08:45.219+02:00  INFO 20518 --- [       Thread-4] d.f.e.m.s.autoconfigure.EmbeddedMongo    : {"t":{"$date":"2024-08-07T16:08:45.218+02:00"},"s":"I",  "c":"NETWORK",  "id":22943,   "ctx":"listener","msg":"Connection accepted","attr":{"remote":"127.0.0.1:46792","uuid":"f5a9157f-5672-4421-bf08-375cf8e468bd","connectionId":1,"connectionCount":1}}
2024-08-07T16:08:45.219+02:00  INFO 20518 --- [       Thread-4] d.f.e.m.s.autoconfigure.EmbeddedMongo    : {"t":{"$date":"2024-08-07T16:08:45.219+02:00"},"s":"I",  "c":"NETWORK",  "id":22943,   "ctx":"listener","msg":"Connection accepted","attr":{"remote":"127.0.0.1:46790","uuid":"4ad9620d-0695-4abb-9753-ef3771a9b8a5","connectionId":2,"connectionCount":2}}
2024-08-07T16:08:45.223+02:00  INFO 20518 --- [           main] org.mongodb.driver.client                : MongoClient with metadata {"driver": {"name": "mongo-java-driver|sync|spring-boot", "version": "4.9.1"}, "os": {"type": "Linux", "name": "Linux", "architecture": "amd64", "version": "5.15.153.1-microsoft-standard-WSL2"}, "platform": "Java/Ubuntu/21.0.4+7-Ubuntu-1ubuntu222.04"} created with settings MongoClientSettings{readPreference=primary, writeConcern=WriteConcern{w=null, wTimeout=null ms, journal=null}, retryWrites=true, retryReads=true, readConcern=ReadConcern{level=null}, credential=null, streamFactoryFactory=null, commandListeners=[], codecRegistry=ProvidersCodecRegistry{codecProviders=[ValueCodecProvider{}, BsonValueCodecProvider{}, DBRefCodecProvider{}, DBObjectCodecProvider{}, DocumentCodecProvider{}, CollectionCodecProvider{}, IterableCodecProvider{}, MapCodecProvider{}, GeoJsonCodecProvider{}, GridFSFileCodecProvider{}, Jsr310CodecProvider{}, JsonObjectCodecProvider{}, BsonCodecProvider{}, EnumCodecProvider{}, com.mongodb.client.model.mql.ExpressionCodecProvider@4cf1ba4e, com.mongodb.Jep395RecordCodecProvider@23368646]}, loggerSettings=LoggerSettings{maxDocumentLength=1000}, clusterSettings={hosts=[localhost:36325], srvServiceName=mongodb, mode=SINGLE, requiredClusterType=UNKNOWN, requiredReplicaSetName='null', serverSelector='null', clusterListeners='[]', serverSelectionTimeout='30000 ms', localThreshold='30000 ms'}, socketSettings=SocketSettings{connectTimeoutMS=10000, readTimeoutMS=0, receiveBufferSize=0, sendBufferSize=0}, heartbeatSocketSettings=SocketSettings{connectTimeoutMS=10000, readTimeoutMS=10000, receiveBufferSize=0, sendBufferSize=0}, connectionPoolSettings=ConnectionPoolSettings{maxSize=100, minSize=0, maxWaitTimeMS=120000, maxConnectionLifeTimeMS=0, maxConnectionIdleTimeMS=0, maintenanceInitialDelayMS=0, maintenanceFrequencyMS=60000, connectionPoolListeners=[], maxConnecting=2}, serverSettings=ServerSettings{heartbeatFrequencyMS=10000, minHeartbeatFrequencyMS=500, serverListeners='[]', serverMonitorListeners='[]'}, sslSettings=SslSettings{enabled=false, invalidHostNameAllowed=false, context=null}, applicationName='null', compressorList=[], uuidRepresentation=JAVA_LEGACY, serverApi=null, autoEncryptionSettings=null, contextProvider=null}
2024-08-07T16:08:45.227+02:00  INFO 20518 --- [       Thread-4] d.f.e.m.s.autoconfigure.EmbeddedMongo    : {"t":{"$date":"2024-08-07T16:08:45.226+02:00"},"s":"I",  "c":"NETWORK",  "id":51800,   "ctx":"conn2","msg":"client metadata","attr":{"remote":"127.0.0.1:46790","client":"conn2","doc":{"driver":{"name":"mongo-java-driver|sync|spring-boot","version":"4.9.1"},"os":{"type":"Linux","name":"Linux","architecture":"amd64","version":"5.15.153.1-microsoft-standard-WSL2"},"platform":"Java/Ubuntu/21.0.4+7-Ubuntu-1ubuntu222.04"}}}
2024-08-07T16:08:45.227+02:00  INFO 20518 --- [       Thread-4] d.f.e.m.s.autoconfigure.EmbeddedMongo    : {"t":{"$date":"2024-08-07T16:08:45.226+02:00"},"s":"I",  "c":"NETWORK",  "id":51800,   "ctx":"conn1","msg":"client metadata","attr":{"remote":"127.0.0.1:46792","client":"conn1","doc":{"driver":{"name":"mongo-java-driver|sync|spring-boot","version":"4.9.1"},"os":{"type":"Linux","name":"Linux","architecture":"amd64","version":"5.15.153.1-microsoft-standard-WSL2"},"platform":"Java/Ubuntu/21.0.4+7-Ubuntu-1ubuntu222.04"}}}
2024-08-07T16:08:45.244+02:00  INFO 20518 --- [localhost:36325] org.mongodb.driver.cluster               : Monitor thread successfully connected to server with description ServerDescription{address=localhost:36325, type=STANDALONE, state=CONNECTED, ok=true, minWireVersion=0, maxWireVersion=17, maxDocumentSize=16777216, logicalSessionTimeoutMinutes=30, roundTripTimeNanos=24152704}
2024-08-07T16:08:46.510+02:00  INFO 20518 --- [       Thread-4] d.f.e.m.s.autoconfigure.EmbeddedMongo    : {"t":{"$date":"2024-08-07T16:08:46.509+02:00"},"s":"I",  "c":"NETWORK",  "id":22943,   "ctx":"listener","msg":"Connection accepted","attr":{"remote":"127.0.0.1:46816","uuid":"60050bf2-de8c-4af1-bbff-6d088d52cda1","connectionId":3,"connectionCount":3}}
2024-08-07T16:08:46.510+02:00  INFO 20518 --- [       Thread-4] d.f.e.m.s.autoconfigure.EmbeddedMongo    : {"t":{"$date":"2024-08-07T16:08:46.510+02:00"},"s":"I",  "c":"NETWORK",  "id":51800,   "ctx":"conn3","msg":"client metadata","attr":{"remote":"127.0.0.1:46816","client":"conn3","doc":{"driver":{"name":"mongo-java-driver|sync|spring-boot","version":"4.9.1"},"os":{"type":"Linux","name":"Linux","architecture":"amd64","version":"5.15.153.1-microsoft-standard-WSL2"},"platform":"Java/Ubuntu/21.0.4+7-Ubuntu-1ubuntu222.04"}}}
2024-08-07T16:08:47.099+02:00  INFO 20518 --- [       Thread-4] d.f.e.m.s.autoconfigure.EmbeddedMongo    : {"t":{"$date":"2024-08-07T16:08:47.099+02:00"},"s":"I",  "c":"STORAGE",  "id":20320,   "ctx":"conn3","msg":"createCollection","attr":{"namespace":"test.card","uuidDisposition":"generated","uuid":{"uuid":{"$uuid":"6fc10bc3-d81e-43f4-b5d7-ef8674864d06"}},"options":{}}}
2024-08-07T16:08:47.134+02:00  INFO 20518 --- [       Thread-4] d.f.e.m.s.autoconfigure.EmbeddedMongo    : {"t":{"$date":"2024-08-07T16:08:47.134+02:00"},"s":"I",  "c":"INDEX",    "id":20345,   "ctx":"conn3","msg":"Index build: done building","attr":{"buildUUID":null,"collectionUUID":{"uuid":{"$uuid":"6fc10bc3-d81e-43f4-b5d7-ef8674864d06"}},"namespace":"test.card","index":"_id_","ident":"index-8-893394198779810759","collectionIdent":"collection-7-893394198779810759","commitTimestamp":null}}
2024-08-07T16:08:47.438+02:00  INFO 20518 --- [           main] o.s.s.web.DefaultSecurityFilterChain     : Will secure any request with [org.springframework.security.web.session.DisableEncodeUrlFilter@2c7ac668, org.springframework.security.web.session.ForceEagerSessionCreationFilter@757ba3dc, org.springframework.security.web.context.request.async.WebAsyncManagerIntegrationFilter@206185b3, org.springframework.security.web.context.SecurityContextHolderFilter@651ae325, org.springframework.security.web.header.HeaderWriterFilter@25c515d9, org.springframework.security.web.csrf.CsrfFilter@27bdf7d, org.springframework.security.web.authentication.logout.LogoutFilter@4a467e68, org.springframework.security.web.authentication.www.BasicAuthenticationFilter@5fc38804, org.springframework.security.web.savedrequest.RequestCacheAwareFilter@58b8ca0a, org.springframework.security.web.servletapi.SecurityContextHolderAwareRequestFilter@3fae3045, org.springframework.security.web.authentication.AnonymousAuthenticationFilter@55b4ebbd, org.springframework.security.web.session.SessionManagementFilter@3677b9f0, org.springframework.security.web.access.ExceptionTranslationFilter@e0dd692, org.springframework.security.web.access.intercept.AuthorizationFilter@6336df27]
2024-08-07T16:08:47.964+02:00  INFO 20518 --- [           main] o.s.b.t.m.w.SpringBootMockServletContext : Initializing Spring TestDispatcherServlet ''
2024-08-07T16:08:47.965+02:00  INFO 20518 --- [           main] o.s.t.web.servlet.TestDispatcherServlet  : Initializing Servlet ''
2024-08-07T16:08:47.966+02:00  INFO 20518 --- [           main] o.s.t.web.servlet.TestDispatcherServlet  : Completed initialization in 1 ms
2024-08-07T16:08:47.999+02:00  INFO 20518 --- [           main] c.g.w.b.s.MongoUserControllerTest        : Started MongoUserControllerTest in 4.757 seconds (process running for 7.987)
]]></system-out>
  </testcase>
  <testcase name="getUserName_whenLogin" classname="com.github.wekaito.backend.security.MongoUserControllerTest" time="0.006"/>
  <testcase name="expectQuestion_AfterGetRecoveryQuestion" classname="com.github.wekaito.backend.security.MongoUserControllerTest" time="3.37">
    <system-out><![CDATA[2024-08-07T16:08:48.272+02:00  INFO 20518 --- [       Thread-4] d.f.e.m.s.autoconfigure.EmbeddedMongo    : {"t":{"$date":"2024-08-07T16:08:48.271+02:00"},"s":"I",  "c":"NETWORK",  "id":22943,   "ctx":"listener","msg":"Connection accepted","attr":{"remote":"127.0.0.1:46820","uuid":"f42f4db2-943d-49ac-bb2f-fdfc36b083c0","connectionId":4,"connectionCount":4}}
2024-08-07T16:08:48.272+02:00  INFO 20518 --- [       Thread-4] d.f.e.m.s.autoconfigure.EmbeddedMongo    : {"t":{"$date":"2024-08-07T16:08:48.272+02:00"},"s":"I",  "c":"NETWORK",  "id":51800,   "ctx":"conn4","msg":"client metadata","attr":{"remote":"127.0.0.1:46820","client":"conn4","doc":{"driver":{"name":"mongo-java-driver|sync|spring-boot","version":"4.9.1"},"os":{"type":"Linux","name":"Linux","architecture":"amd64","version":"5.15.153.1-microsoft-standard-WSL2"},"platform":"Java/Ubuntu/21.0.4+7-Ubuntu-1ubuntu222.04"}}}
2024-08-07T16:08:49.146+02:00  INFO 20518 --- [       Thread-4] d.f.e.m.s.autoconfigure.EmbeddedMongo    : {"t":{"$date":"2024-08-07T16:08:49.146+02:00"},"s":"I",  "c":"STORAGE",  "id":20320,   "ctx":"conn3","msg":"createCollection","attr":{"namespace":"test.users","uuidDisposition":"generated","uuid":{"uuid":{"$uuid":"ae534f8c-a3ef-4c96-9db8-6f6dc9f68b04"}},"options":{}}}
2024-08-07T16:08:49.183+02:00  INFO 20518 --- [       Thread-4] d.f.e.m.s.autoconfigure.EmbeddedMongo    : {"t":{"$date":"2024-08-07T16:08:49.183+02:00"},"s":"I",  "c":"INDEX",    "id":20345,   "ctx":"conn3","msg":"Index build: done building","attr":{"buildUUID":null,"collectionUUID":{"uuid":{"$uuid":"ae534f8c-a3ef-4c96-9db8-6f6dc9f68b04"}},"namespace":"test.users","index":"_id_","ident":"index-10-893394198779810759","collectionIdent":"collection-9-893394198779810759","commitTimestamp":null}}
2024-08-07T16:08:51.225+02:00  INFO 20518 --- [       Thread-4] d.f.e.m.s.autoconfigure.EmbeddedMongo    : {"t":{"$date":"2024-08-07T16:08:51.225+02:00"},"s":"I",  "c":"NETWORK",  "id":22944,   "ctx":"conn4","msg":"Connection ended","attr":{"remote":"127.0.0.1:46820","uuid":"f42f4db2-943d-49ac-bb2f-fdfc36b083c0","connectionId":4,"connectionCount":3}}
2024-08-07T16:08:51.225+02:00  INFO 20518 --- [       Thread-4] d.f.e.m.s.autoconfigure.EmbeddedMongo    : {"t":{"$date":"2024-08-07T16:08:51.225+02:00"},"s":"I",  "c":"NETWORK",  "id":22944,   "ctx":"conn3","msg":"Connection ended","attr":{"remote":"127.0.0.1:46816","uuid":"60050bf2-de8c-4af1-bbff-6d088d52cda1","connectionId":3,"connectionCount":2}}
2024-08-07T16:08:51.225+02:00  INFO 20518 --- [       Thread-4] d.f.e.m.s.autoconfigure.EmbeddedMongo    : {"t":{"$date":"2024-08-07T16:08:51.225+02:00"},"s":"I",  "c":"-",        "id":20883,   "ctx":"conn2","msg":"Interrupted operation as its client disconnected","attr":{"opId":12}}
2024-08-07T16:08:51.225+02:00  INFO 20518 --- [       Thread-4] d.f.e.m.s.autoconfigure.EmbeddedMongo    : {"t":{"$date":"2024-08-07T16:08:51.225+02:00"},"s":"I",  "c":"NETWORK",  "id":22944,   "ctx":"conn1","msg":"Connection ended","attr":{"remote":"127.0.0.1:46792","uuid":"f5a9157f-5672-4421-bf08-375cf8e468bd","connectionId":1,"connectionCount":1}}
2024-08-07T16:08:51.225+02:00  INFO 20518 --- [       Thread-4] d.f.e.m.s.autoconfigure.EmbeddedMongo    : {"t":{"$date":"2024-08-07T16:08:51.225+02:00"},"s":"I",  "c":"NETWORK",  "id":22944,   "ctx":"conn2","msg":"Connection ended","attr":{"remote":"127.0.0.1:46790","uuid":"4ad9620d-0695-4abb-9753-ef3771a9b8a5","connectionId":2,"connectionCount":0}}
2024-08-07T16:08:51.227+02:00  INFO 20518 --- [       Thread-4] d.f.e.m.s.autoconfigure.EmbeddedMongo    : {"t":{"$date":"2024-08-07T16:08:51.226+02:00"},"s":"I",  "c":"NETWORK",  "id":22943,   "ctx":"listener","msg":"Connection accepted","attr":{"remote":"127.0.0.1:46826","uuid":"2817b764-b151-4c83-a9c5-8d7b45f6d39e","connectionId":5,"connectionCount":1}}
2024-08-07T16:08:51.227+02:00  INFO 20518 --- [       Thread-4] d.f.e.m.s.autoconfigure.EmbeddedMongo    : {"t":{"$date":"2024-08-07T16:08:51.227+02:00"},"s":"W",  "c":"COMMAND",  "id":5578800, "ctx":"conn5","msg":"Received wire protocol op code or command that is no longer supported. The client driver may require an upgrade. For more details see https://dochub.mongodb.org/core/legacy-opcode-removal","attr":{"op":"query","clientInfo":{"address":"127.0.0.1:46826"}}}
2024-08-07T16:08:51.227+02:00 ERROR 20518 --- [           main] d.flapdoodle.embed.mongo.runtime.Mongod  : Got some response, should be an error message
2024-08-07T16:08:51.227+02:00  INFO 20518 --- [       Thread-4] d.f.e.m.s.autoconfigure.EmbeddedMongo    : {"t":{"$date":"2024-08-07T16:08:51.227+02:00"},"s":"I",  "c":"NETWORK",  "id":22944,   "ctx":"conn5","msg":"Connection ended","attr":{"remote":"127.0.0.1:46826","uuid":"2817b764-b151-4c83-a9c5-8d7b45f6d39e","connectionId":5,"connectionCount":0}}
2024-08-07T16:08:51.328+02:00  INFO 20518 --- [       Thread-4] d.f.e.m.s.autoconfigure.EmbeddedMongo    : {"t":{"$date":"2024-08-07T16:08:51.327+02:00"},"s":"I",  "c":"NETWORK",  "id":22943,   "ctx":"listener","msg":"Connection accepted","attr":{"remote":"127.0.0.1:46838","uuid":"29c8138f-dd77-41d5-8f2b-ccdd888bf1b7","connectionId":6,"connectionCount":1}}
2024-08-07T16:08:51.328+02:00  INFO 20518 --- [       Thread-4] d.f.e.m.s.autoconfigure.EmbeddedMongo    : {"t":{"$date":"2024-08-07T16:08:51.328+02:00"},"s":"I",  "c":"COMMAND",  "id":4695400, "ctx":"conn6","msg":"Terminating via shutdown command","attr":{"force":false,"timeoutMillis":15000}}
2024-08-07T16:08:51.328+02:00  INFO 20518 --- [       Thread-4] d.f.e.m.s.autoconfigure.EmbeddedMongo    : {"t":{"$date":"2024-08-07T16:08:51.328+02:00"},"s":"I",  "c":"REPL",     "id":4794602, "ctx":"thread33","msg":"Attempting to enter quiesce mode"}
2024-08-07T16:08:51.328+02:00  INFO 20518 --- [       Thread-4] d.f.e.m.s.autoconfigure.EmbeddedMongo    : {"t":{"$date":"2024-08-07T16:08:51.328+02:00"},"s":"I",  "c":"-",        "id":6371601, "ctx":"thread33","msg":"Shutting down the FLE Crud thread pool"}
2024-08-07T16:08:51.328+02:00  INFO 20518 --- [       Thread-4] d.f.e.m.s.autoconfigure.EmbeddedMongo    : {"t":{"$date":"2024-08-07T16:08:51.328+02:00"},"s":"I",  "c":"COMMAND",  "id":4784901, "ctx":"thread33","msg":"Shutting down the MirrorMaestro"}
2024-08-07T16:08:51.328+02:00  INFO 20518 --- [       Thread-4] d.f.e.m.s.autoconfigure.EmbeddedMongo    : {"t":{"$date":"2024-08-07T16:08:51.328+02:00"},"s":"I",  "c":"SHARDING", "id":4784902, "ctx":"thread33","msg":"Shutting down the WaitForMajorityService"}
2024-08-07T16:08:51.328+02:00  INFO 20518 --- [       Thread-4] d.f.e.m.s.autoconfigure.EmbeddedMongo    : {"t":{"$date":"2024-08-07T16:08:51.328+02:00"},"s":"I",  "c":"CONTROL",  "id":4784903, "ctx":"thread33","msg":"Shutting down the LogicalSessionCache"}
2024-08-07T16:08:51.329+02:00  INFO 20518 --- [       Thread-4] d.f.e.m.s.autoconfigure.EmbeddedMongo    : {"t":{"$date":"2024-08-07T16:08:51.328+02:00"},"s":"I",  "c":"NETWORK",  "id":20562,   "ctx":"thread33","msg":"Shutdown: going to close listening sockets"}
2024-08-07T16:08:51.329+02:00  INFO 20518 --- [       Thread-4] d.f.e.m.s.autoconfigure.EmbeddedMongo    : {"t":{"$date":"2024-08-07T16:08:51.328+02:00"},"s":"I",  "c":"NETWORK",  "id":23017,   "ctx":"listener","msg":"removing socket file","attr":{"path":"/tmp/mongodb-36325.sock"}}
2024-08-07T16:08:51.329+02:00  INFO 20518 --- [       Thread-4] d.f.e.m.s.autoconfigure.EmbeddedMongo    : {"t":{"$date":"2024-08-07T16:08:51.329+02:00"},"s":"I",  "c":"NETWORK",  "id":4784905, "ctx":"thread33","msg":"Shutting down the global connection pool"}
2024-08-07T16:08:51.329+02:00  INFO 20518 --- [       Thread-4] d.f.e.m.s.autoconfigure.EmbeddedMongo    : {"t":{"$date":"2024-08-07T16:08:51.329+02:00"},"s":"I",  "c":"CONTROL",  "id":4784906, "ctx":"thread33","msg":"Shutting down the FlowControlTicketholder"}
2024-08-07T16:08:51.329+02:00  INFO 20518 --- [       Thread-4] d.f.e.m.s.autoconfigure.EmbeddedMongo    : {"t":{"$date":"2024-08-07T16:08:51.329+02:00"},"s":"I",  "c":"-",        "id":20520,   "ctx":"thread33","msg":"Stopping further Flow Control ticket acquisitions."}
2024-08-07T16:08:51.329+02:00  INFO 20518 --- [       Thread-4] d.f.e.m.s.autoconfigure.EmbeddedMongo    : {"t":{"$date":"2024-08-07T16:08:51.329+02:00"},"s":"I",  "c":"CONTROL",  "id":4784908, "ctx":"thread33","msg":"Shutting down the PeriodicThreadToAbortExpiredTransactions"}
2024-08-07T16:08:51.329+02:00  INFO 20518 --- [       Thread-4] d.f.e.m.s.autoconfigure.EmbeddedMongo    : {"t":{"$date":"2024-08-07T16:08:51.329+02:00"},"s":"I",  "c":"REPL",     "id":4784909, "ctx":"thread33","msg":"Shutting down the ReplicationCoordinator"}
2024-08-07T16:08:51.329+02:00  INFO 20518 --- [       Thread-4] d.f.e.m.s.autoconfigure.EmbeddedMongo    : {"t":{"$date":"2024-08-07T16:08:51.329+02:00"},"s":"I",  "c":"SHARDING", "id":4784910, "ctx":"thread33","msg":"Shutting down the ShardingInitializationMongoD"}
2024-08-07T16:08:51.329+02:00  INFO 20518 --- [       Thread-4] d.f.e.m.s.autoconfigure.EmbeddedMongo    : {"t":{"$date":"2024-08-07T16:08:51.329+02:00"},"s":"I",  "c":"REPL",     "id":4784911, "ctx":"thread33","msg":"Enqueuing the ReplicationStateTransitionLock for shutdown"}
2024-08-07T16:08:51.329+02:00  INFO 20518 --- [       Thread-4] d.f.e.m.s.autoconfigure.EmbeddedMongo    : {"t":{"$date":"2024-08-07T16:08:51.329+02:00"},"s":"I",  "c":"-",        "id":4784912, "ctx":"thread33","msg":"Killing all operations for shutdown"}
2024-08-07T16:08:51.329+02:00  INFO 20518 --- [       Thread-4] d.f.e.m.s.autoconfigure.EmbeddedMongo    : {"t":{"$date":"2024-08-07T16:08:51.329+02:00"},"s":"I",  "c":"-",        "id":4695300, "ctx":"thread33","msg":"Interrupted all currently running operations","attr":{"opsKilled":3}}
2024-08-07T16:08:51.329+02:00  INFO 20518 --- [       Thread-4] d.f.e.m.s.autoconfigure.EmbeddedMongo    : {"t":{"$date":"2024-08-07T16:08:51.329+02:00"},"s":"I",  "c":"TENANT_M", "id":5093807, "ctx":"thread33","msg":"Shutting down all TenantMigrationAccessBlockers on global shutdown"}
2024-08-07T16:08:51.329+02:00  INFO 20518 --- [       Thread-4] d.f.e.m.s.autoconfigure.EmbeddedMongo    : {"t":{"$date":"2024-08-07T16:08:51.329+02:00"},"s":"I",  "c":"COMMAND",  "id":4784913, "ctx":"thread33","msg":"Shutting down all open transactions"}
2024-08-07T16:08:51.329+02:00  INFO 20518 --- [       Thread-4] d.f.e.m.s.autoconfigure.EmbeddedMongo    : {"t":{"$date":"2024-08-07T16:08:51.329+02:00"},"s":"I",  "c":"REPL",     "id":4784914, "ctx":"thread33","msg":"Acquiring the ReplicationStateTransitionLock for shutdown"}
2024-08-07T16:08:51.329+02:00  INFO 20518 --- [       Thread-4] d.f.e.m.s.autoconfigure.EmbeddedMongo    : {"t":{"$date":"2024-08-07T16:08:51.329+02:00"},"s":"I",  "c":"INDEX",    "id":4784915, "ctx":"thread33","msg":"Shutting down the IndexBuildsCoordinator"}
2024-08-07T16:08:51.329+02:00  INFO 20518 --- [       Thread-4] d.f.e.m.s.autoconfigure.EmbeddedMongo    : {"t":{"$date":"2024-08-07T16:08:51.329+02:00"},"s":"I",  "c":"NETWORK",  "id":4784918, "ctx":"thread33","msg":"Shutting down the ReplicaSetMonitor"}
2024-08-07T16:08:51.330+02:00  INFO 20518 --- [       Thread-4] d.f.e.m.s.autoconfigure.EmbeddedMongo    : {"t":{"$date":"2024-08-07T16:08:51.329+02:00"},"s":"I",  "c":"SHARDING", "id":4784921, "ctx":"thread33","msg":"Shutting down the MigrationUtilExecutor"}
2024-08-07T16:08:51.330+02:00  INFO 20518 --- [       Thread-4] d.f.e.m.s.autoconfigure.EmbeddedMongo    : {"t":{"$date":"2024-08-07T16:08:51.329+02:00"},"s":"I",  "c":"ASIO",     "id":22582,   "ctx":"MigrationUtil-TaskExecutor","msg":"Killing all outstanding egress activity."}
2024-08-07T16:08:51.330+02:00  INFO 20518 --- [       Thread-4] d.f.e.m.s.autoconfigure.EmbeddedMongo    : {"t":{"$date":"2024-08-07T16:08:51.329+02:00"},"s":"I",  "c":"COMMAND",  "id":4784923, "ctx":"thread33","msg":"Shutting down the ServiceEntryPoint"}
2024-08-07T16:08:51.330+02:00  INFO 20518 --- [       Thread-4] d.f.e.m.s.autoconfigure.EmbeddedMongo    : {"t":{"$date":"2024-08-07T16:08:51.329+02:00"},"s":"I",  "c":"CONTROL",  "id":4784925, "ctx":"thread33","msg":"Shutting down free monitoring"}
2024-08-07T16:08:51.330+02:00  INFO 20518 --- [       Thread-4] d.f.e.m.s.autoconfigure.EmbeddedMongo    : {"t":{"$date":"2024-08-07T16:08:51.329+02:00"},"s":"I",  "c":"CONTROL",  "id":20609,   "ctx":"thread33","msg":"Shutting down free monitoring"}
2024-08-07T16:08:51.330+02:00  INFO 20518 --- [       Thread-4] d.f.e.m.s.autoconfigure.EmbeddedMongo    : {"t":{"$date":"2024-08-07T16:08:51.329+02:00"},"s":"I",  "c":"CONTROL",  "id":4784927, "ctx":"thread33","msg":"Shutting down the HealthLog"}
2024-08-07T16:08:51.330+02:00  INFO 20518 --- [       Thread-4] d.f.e.m.s.autoconfigure.EmbeddedMongo    : {"t":{"$date":"2024-08-07T16:08:51.329+02:00"},"s":"I",  "c":"CONTROL",  "id":4784928, "ctx":"thread33","msg":"Shutting down the TTL monitor"}
2024-08-07T16:08:51.330+02:00  INFO 20518 --- [       Thread-4] d.f.e.m.s.autoconfigure.EmbeddedMongo    : {"t":{"$date":"2024-08-07T16:08:51.329+02:00"},"s":"I",  "c":"INDEX",    "id":3684100, "ctx":"thread33","msg":"Shutting down TTL collection monitor thread"}
2024-08-07T16:08:51.330+02:00  INFO 20518 --- [       Thread-4] d.f.e.m.s.autoconfigure.EmbeddedMongo    : {"t":{"$date":"2024-08-07T16:08:51.329+02:00"},"s":"I",  "c":"INDEX",    "id":3684101, "ctx":"thread33","msg":"Finished shutting down TTL collection monitor thread"}
2024-08-07T16:08:51.330+02:00  INFO 20518 --- [       Thread-4] d.f.e.m.s.autoconfigure.EmbeddedMongo    : {"t":{"$date":"2024-08-07T16:08:51.329+02:00"},"s":"I",  "c":"CONTROL",  "id":6278511, "ctx":"thread33","msg":"Shutting down the Change Stream Expired Pre-images Remover"}
2024-08-07T16:08:51.330+02:00  INFO 20518 --- [       Thread-4] d.f.e.m.s.autoconfigure.EmbeddedMongo    : {"t":{"$date":"2024-08-07T16:08:51.329+02:00"},"s":"I",  "c":"CONTROL",  "id":4784929, "ctx":"thread33","msg":"Acquiring the global lock for shutdown"}
2024-08-07T16:08:51.330+02:00  INFO 20518 --- [       Thread-4] d.f.e.m.s.autoconfigure.EmbeddedMongo    : {"t":{"$date":"2024-08-07T16:08:51.329+02:00"},"s":"I",  "c":"CONTROL",  "id":4784930, "ctx":"thread33","msg":"Shutting down the storage engine"}
2024-08-07T16:08:51.330+02:00  INFO 20518 --- [       Thread-4] d.f.e.m.s.autoconfigure.EmbeddedMongo    : {"t":{"$date":"2024-08-07T16:08:51.329+02:00"},"s":"I",  "c":"STORAGE",  "id":22320,   "ctx":"thread33","msg":"Shutting down journal flusher thread"}
2024-08-07T16:08:51.381+02:00  INFO 20518 --- [       Thread-4] d.f.e.m.s.autoconfigure.EmbeddedMongo    : {"t":{"$date":"2024-08-07T16:08:51.381+02:00"},"s":"I",  "c":"STORAGE",  "id":22321,   "ctx":"thread33","msg":"Finished shutting down journal flusher thread"}
2024-08-07T16:08:51.381+02:00  INFO 20518 --- [       Thread-4] d.f.e.m.s.autoconfigure.EmbeddedMongo    : {"t":{"$date":"2024-08-07T16:08:51.381+02:00"},"s":"I",  "c":"STORAGE",  "id":22322,   "ctx":"thread33","msg":"Shutting down checkpoint thread"}
2024-08-07T16:08:51.381+02:00  INFO 20518 --- [       Thread-4] d.f.e.m.s.autoconfigure.EmbeddedMongo    : {"t":{"$date":"2024-08-07T16:08:51.381+02:00"},"s":"I",  "c":"STORAGE",  "id":22323,   "ctx":"thread33","msg":"Finished shutting down checkpoint thread"}
2024-08-07T16:08:51.381+02:00  INFO 20518 --- [       Thread-4] d.f.e.m.s.autoconfigure.EmbeddedMongo    : {"t":{"$date":"2024-08-07T16:08:51.381+02:00"},"s":"I",  "c":"STORAGE",  "id":20282,   "ctx":"thread33","msg":"Deregistering all the collections"}
2024-08-07T16:08:51.381+02:00  INFO 20518 --- [       Thread-4] d.f.e.m.s.autoconfigure.EmbeddedMongo    : {"t":{"$date":"2024-08-07T16:08:51.381+02:00"},"s":"I",  "c":"STORAGE",  "id":22261,   "ctx":"thread33","msg":"Timestamp monitor shutting down"}
2024-08-07T16:08:51.381+02:00  INFO 20518 --- [       Thread-4] d.f.e.m.s.autoconfigure.EmbeddedMongo    : {"t":{"$date":"2024-08-07T16:08:51.381+02:00"},"s":"I",  "c":"STORAGE",  "id":22317,   "ctx":"thread33","msg":"WiredTigerKVEngine shutting down"}
2024-08-07T16:08:51.381+02:00  INFO 20518 --- [       Thread-4] d.f.e.m.s.autoconfigure.EmbeddedMongo    : {"t":{"$date":"2024-08-07T16:08:51.381+02:00"},"s":"I",  "c":"STORAGE",  "id":22318,   "ctx":"thread33","msg":"Shutting down session sweeper thread"}
2024-08-07T16:08:51.381+02:00  INFO 20518 --- [       Thread-4] d.f.e.m.s.autoconfigure.EmbeddedMongo    : {"t":{"$date":"2024-08-07T16:08:51.381+02:00"},"s":"I",  "c":"STORAGE",  "id":22319,   "ctx":"thread33","msg":"Finished shutting down session sweeper thread"}
2024-08-07T16:08:51.382+02:00  INFO 20518 --- [       Thread-4] d.f.e.m.s.autoconfigure.EmbeddedMongo    : {"t":{"$date":"2024-08-07T16:08:51.381+02:00"},"s":"I",  "c":"STORAGE",  "id":4795902, "ctx":"thread33","msg":"Closing WiredTiger","attr":{"closeConfig":"leak_memory=true,"}}
2024-08-07T16:08:51.404+02:00  INFO 20518 --- [       Thread-4] d.f.e.m.s.autoconfigure.EmbeddedMongo    : {"t":{"$date":"2024-08-07T16:08:51.404+02:00"},"s":"I",  "c":"STORAGE",  "id":4795901, "ctx":"thread33","msg":"WiredTiger closed","attr":{"durationMillis":23}}
2024-08-07T16:08:51.405+02:00  INFO 20518 --- [       Thread-4] d.f.e.m.s.autoconfigure.EmbeddedMongo    : {"t":{"$date":"2024-08-07T16:08:51.404+02:00"},"s":"I",  "c":"STORAGE",  "id":22279,   "ctx":"thread33","msg":"shutdown: removing fs lock..."}
2024-08-07T16:08:51.405+02:00  INFO 20518 --- [       Thread-4] d.f.e.m.s.autoconfigure.EmbeddedMongo    : {"t":{"$date":"2024-08-07T16:08:51.404+02:00"},"s":"I",  "c":"-",        "id":4784931, "ctx":"thread33","msg":"Dropping the scope cache for shutdown"}
2024-08-07T16:08:51.405+02:00  INFO 20518 --- [       Thread-4] d.f.e.m.s.autoconfigure.EmbeddedMongo    : {"t":{"$date":"2024-08-07T16:08:51.404+02:00"},"s":"I",  "c":"FTDC",     "id":20626,   "ctx":"thread33","msg":"Shutting down full-time diagnostic data capture"}
2024-08-07T16:08:51.406+02:00  INFO 20518 --- [       Thread-4] d.f.e.m.s.autoconfigure.EmbeddedMongo    : {"t":{"$date":"2024-08-07T16:08:51.406+02:00"},"s":"I",  "c":"CONTROL",  "id":20565,   "ctx":"thread33","msg":"Now exiting"}
2024-08-07T16:08:51.407+02:00  INFO 20518 --- [       Thread-4] d.f.e.m.s.autoconfigure.EmbeddedMongo    : {"t":{"$date":"2024-08-07T16:08:51.406+02:00"},"s":"I",  "c":"CONTROL",  "id":23138,   "ctx":"thread33","msg":"Shutting down","attr":{"exitCode":0}}
]]></system-out>
  </testcase>
  <testcase name="expectMessage_AfterChangePassword" classname="com.github.wekaito.backend.security.MongoUserControllerTest" time="3.695">
    <system-out><![CDATA[
  .   ____          _            __ _ _
 /\\ / ___'_ __ _ _(_)_ __  __ _ \ \ \ \
( ( )\___ | '_ | '_| | '_ \/ _` | \ \ \ \
 \\/  ___)| |_)| | | | | || (_| |  ) ) ) )
  '  |____| .__|_| |_|_| |_\__, | / / / /
 =========|_|==============|___/=/_/_/_/
 :: Spring Boot ::                (v3.1.2)

2024-08-07T16:08:51.528+02:00  INFO 20518 --- [           main] c.g.w.b.s.MongoUserControllerTest        : Starting MongoUserControllerTest using Java 21.0.4 with PID 20518 (started by daniel in /home/daniel/GitHub/digimon-tcg-simulator/backend)
2024-08-07T16:08:51.528+02:00  INFO 20518 --- [           main] c.g.w.b.s.MongoUserControllerTest        : No active profile set, falling back to 1 default profile: "default"
2024-08-07T16:08:51.671+02:00  INFO 20518 --- [           main] .s.d.r.c.RepositoryConfigurationDelegate : Bootstrapping Spring Data MongoDB repositories in DEFAULT mode.
2024-08-07T16:08:51.677+02:00  INFO 20518 --- [           main] .s.d.r.c.RepositoryConfigurationDelegate : Finished Spring Data repository scanning in 5 ms. Found 3 MongoDB repository interfaces.
2024-08-07T16:08:51.723+02:00  INFO 20518 --- [           main] trationDelegate$BeanPostProcessorChecker : Bean 'de.flapdoodle.embed.mongo.spring.autoconfigure.EmbeddedMongoAutoConfiguration' of type [de.flapdoodle.embed.mongo.spring.autoconfigure.EmbeddedMongoAutoConfiguration] is not eligible for getting processed by all BeanPostProcessors (for example: not eligible for auto-proxying)
2024-08-07T16:08:51.727+02:00  INFO 20518 --- [           main] trationDelegate$BeanPostProcessorChecker : Bean 'de.flapdoodle.mongodb.embedded-de.flapdoodle.embed.mongo.spring.autoconfigure.EmbeddedMongoProperties' of type [de.flapdoodle.embed.mongo.spring.autoconfigure.EmbeddedMongoProperties] is not eligible for getting processed by all BeanPostProcessors (for example: not eligible for auto-proxying)
2024-08-07T16:08:51.730+02:00  INFO 20518 --- [           main] trationDelegate$BeanPostProcessorChecker : Bean 'spring.data.mongodb-org.springframework.boot.autoconfigure.mongo.MongoProperties' of type [org.springframework.boot.autoconfigure.mongo.MongoProperties] is not eligible for getting processed by all BeanPostProcessors (for example: not eligible for auto-proxying)
2024-08-07T16:08:51.741+02:00  INFO 20518 --- [           main] d.f.e.m.s.a.SyncClientServerFactory      : sync server factory
2024-08-07T16:08:51.767+02:00  INFO 20518 --- [      Thread-20] d.f.e.m.s.autoconfigure.EmbeddedMongo    : {"t":{"$date":"2024-08-07T16:08:51.766+02:00"},"s":"I",  "c":"CONTROL",  "id":23285,   "ctx":"-","msg":"Automatically disabling TLS 1.0, to force-enable TLS 1.0 specify --sslDisabledProtocols 'none'"}
2024-08-07T16:08:51.767+02:00  INFO 20518 --- [      Thread-20] d.f.e.m.s.autoconfigure.EmbeddedMongo    : {"t":{"$date":"2024-08-07T16:08:51.767+02:00"},"s":"I",  "c":"NETWORK",  "id":4915701, "ctx":"main","msg":"Initialized wire specification","attr":{"spec":{"incomingExternalClient":{"minWireVersion":0,"maxWireVersion":17},"incomingInternalClient":{"minWireVersion":0,"maxWireVersion":17},"outgoing":{"minWireVersion":6,"maxWireVersion":17},"isInternalClient":true}}}
2024-08-07T16:08:51.768+02:00  INFO 20518 --- [      Thread-20] d.f.e.m.s.autoconfigure.EmbeddedMongo    : {"t":{"$date":"2024-08-07T16:08:51.768+02:00"},"s":"I",  "c":"NETWORK",  "id":4648601, "ctx":"main","msg":"Implicit TCP FastOpen unavailable. If TCP FastOpen is required, set tcpFastOpenServer, tcpFastOpenClient, and tcpFastOpenQueueSize."}
2024-08-07T16:08:51.768+02:00  INFO 20518 --- [      Thread-20] d.f.e.m.s.autoconfigure.EmbeddedMongo    : {"t":{"$date":"2024-08-07T16:08:51.768+02:00"},"s":"I",  "c":"REPL",     "id":5123008, "ctx":"main","msg":"Successfully registered PrimaryOnlyService","attr":{"service":"TenantMigrationDonorService","namespace":"config.tenantMigrationDonors"}}
2024-08-07T16:08:51.768+02:00  INFO 20518 --- [      Thread-20] d.f.e.m.s.autoconfigure.EmbeddedMongo    : {"t":{"$date":"2024-08-07T16:08:51.768+02:00"},"s":"I",  "c":"REPL",     "id":5123008, "ctx":"main","msg":"Successfully registered PrimaryOnlyService","attr":{"service":"TenantMigrationRecipientService","namespace":"config.tenantMigrationRecipients"}}
2024-08-07T16:08:51.768+02:00  INFO 20518 --- [      Thread-20] d.f.e.m.s.autoconfigure.EmbeddedMongo    : {"t":{"$date":"2024-08-07T16:08:51.768+02:00"},"s":"I",  "c":"REPL",     "id":5123008, "ctx":"main","msg":"Successfully registered PrimaryOnlyService","attr":{"service":"ShardSplitDonorService","namespace":"config.tenantSplitDonors"}}
2024-08-07T16:08:51.768+02:00  INFO 20518 --- [      Thread-20] d.f.e.m.s.autoconfigure.EmbeddedMongo    : {"t":{"$date":"2024-08-07T16:08:51.768+02:00"},"s":"I",  "c":"CONTROL",  "id":5945603, "ctx":"main","msg":"Multi threading initialized"}
2024-08-07T16:08:51.769+02:00  INFO 20518 --- [      Thread-20] d.f.e.m.s.autoconfigure.EmbeddedMongo    : {"t":{"$date":"2024-08-07T16:08:51.768+02:00"},"s":"I",  "c":"CONTROL",  "id":4615611, "ctx":"initandlisten","msg":"MongoDB starting","attr":{"pid":20849,"port":39027,"dbPath":"/tmp/temp--c92c5f30-1540-46c4-be8c-3ba56630cafd/mongod-database3922603456300386460","architecture":"64-bit","host":"DNK-PC-RTX"}}
2024-08-07T16:08:51.769+02:00  INFO 20518 --- [      Thread-20] d.f.e.m.s.autoconfigure.EmbeddedMongo    : {"t":{"$date":"2024-08-07T16:08:51.769+02:00"},"s":"I",  "c":"CONTROL",  "id":23403,   "ctx":"initandlisten","msg":"Build Info","attr":{"buildInfo":{"version":"6.0.1","gitVersion":"32f0f9c88dc44a2c8073a5bd47cf779d4bfdee6b","openSSLVersion":"OpenSSL 1.1.1f  31 Mar 2020","modules":[],"allocator":"tcmalloc","environment":{"distmod":"ubuntu2004","distarch":"x86_64","target_arch":"x86_64"}}}}
2024-08-07T16:08:51.769+02:00  INFO 20518 --- [      Thread-20] d.f.e.m.s.autoconfigure.EmbeddedMongo    : {"t":{"$date":"2024-08-07T16:08:51.769+02:00"},"s":"I",  "c":"CONTROL",  "id":51765,   "ctx":"initandlisten","msg":"Operating System","attr":{"os":{"name":"Ubuntu","version":"22.04"}}}
2024-08-07T16:08:51.769+02:00  INFO 20518 --- [      Thread-20] d.f.e.m.s.autoconfigure.EmbeddedMongo    : {"t":{"$date":"2024-08-07T16:08:51.769+02:00"},"s":"I",  "c":"CONTROL",  "id":21951,   "ctx":"initandlisten","msg":"Options set by command line","attr":{"options":{"net":{"bindIp":"127.0.0.1","port":39027},"security":{"authorization":"disabled"},"storage":{"dbPath":"/tmp/temp--c92c5f30-1540-46c4-be8c-3ba56630cafd/mongod-database3922603456300386460","journal":{"enabled":false},"syncPeriodSecs":0}}}}
2024-08-07T16:08:51.769+02:00  INFO 20518 --- [      Thread-20] d.f.e.m.s.autoconfigure.EmbeddedMongo    : {"t":{"$date":"2024-08-07T16:08:51.769+02:00"},"s":"I",  "c":"STORAGE",  "id":22297,   "ctx":"initandlisten","msg":"Using the XFS filesystem is strongly recommended with the WiredTiger storage engine. See http://dochub.mongodb.org/core/prodnotes-filesystem","tags":["startupWarnings"]}
2024-08-07T16:08:51.769+02:00  INFO 20518 --- [      Thread-20] d.f.e.m.s.autoconfigure.EmbeddedMongo    : {"t":{"$date":"2024-08-07T16:08:51.769+02:00"},"s":"I",  "c":"STORAGE",  "id":22315,   "ctx":"initandlisten","msg":"Opening WiredTiger","attr":{"config":"create,cache_size=3427M,session_max=33000,eviction=(threads_min=4,threads_max=4),config_base=false,statistics=(fast),log=(enabled=true,remove=true,path=journal,compressor=snappy),builtin_extension_config=(zstd=(compression_level=6)),file_manager=(close_idle_time=600,close_scan_interval=10,close_handle_minimum=2000),statistics_log=(wait=0),json_output=(error,message),verbose=[recovery_progress:1,checkpoint_progress:1,compact_progress:1,backup:0,checkpoint:0,compact:0,evict:0,history_store:0,recovery:0,rts:0,salvage:0,tiered:0,timestamp:0,transaction:0,verify:0,log:0],,log=(enabled=false),"}}
2024-08-07T16:08:51.921+02:00  INFO 20518 --- [      Thread-20] d.f.e.m.s.autoconfigure.EmbeddedMongo    : {"t":{"$date":"2024-08-07T16:08:51.920+02:00"},"s":"I",  "c":"STORAGE",  "id":4795906, "ctx":"initandlisten","msg":"WiredTiger opened","attr":{"durationMillis":151}}
2024-08-07T16:08:51.921+02:00  INFO 20518 --- [      Thread-20] d.f.e.m.s.autoconfigure.EmbeddedMongo    : {"t":{"$date":"2024-08-07T16:08:51.921+02:00"},"s":"I",  "c":"RECOVERY", "id":23987,   "ctx":"initandlisten","msg":"WiredTiger recoveryTimestamp","attr":{"recoveryTimestamp":{"$timestamp":{"t":0,"i":0}}}}
2024-08-07T16:08:51.954+02:00  INFO 20518 --- [      Thread-20] d.f.e.m.s.autoconfigure.EmbeddedMongo    : {"t":{"$date":"2024-08-07T16:08:51.954+02:00"},"s":"I",  "c":"WT",       "id":4366408, "ctx":"initandlisten","msg":"No table logging settings modifications are required for existing WiredTiger tables","attr":{"loggingEnabled":true}}
2024-08-07T16:08:51.963+02:00  INFO 20518 --- [      Thread-20] d.f.e.m.s.autoconfigure.EmbeddedMongo    : {"t":{"$date":"2024-08-07T16:08:51.963+02:00"},"s":"W",  "c":"CONTROL",  "id":22178,   "ctx":"initandlisten","msg":"/sys/kernel/mm/transparent_hugepage/enabled is 'always'. We suggest setting it to 'never'","tags":["startupWarnings"]}
2024-08-07T16:08:51.963+02:00  INFO 20518 --- [      Thread-20] d.f.e.m.s.autoconfigure.EmbeddedMongo    : {"t":{"$date":"2024-08-07T16:08:51.963+02:00"},"s":"W",  "c":"CONTROL",  "id":5123300, "ctx":"initandlisten","msg":"vm.max_map_count is too low","attr":{"currentValue":262144,"recommendedMinimum":1677720,"maxConns":838860},"tags":["startupWarnings"]}
2024-08-07T16:08:51.963+02:00  INFO 20518 --- [      Thread-20] d.f.e.m.s.autoconfigure.EmbeddedMongo    : {"t":{"$date":"2024-08-07T16:08:51.963+02:00"},"s":"I",  "c":"STORAGE",  "id":20320,   "ctx":"initandlisten","msg":"createCollection","attr":{"namespace":"admin.system.version","uuidDisposition":"provided","uuid":{"uuid":{"$uuid":"df735c6b-188f-49d5-9db9-39ca7b45a732"}},"options":{"uuid":{"$uuid":"df735c6b-188f-49d5-9db9-39ca7b45a732"}}}}
2024-08-07T16:08:51.991+02:00  INFO 20518 --- [      Thread-20] d.f.e.m.s.autoconfigure.EmbeddedMongo    : {"t":{"$date":"2024-08-07T16:08:51.991+02:00"},"s":"I",  "c":"INDEX",    "id":20345,   "ctx":"initandlisten","msg":"Index build: done building","attr":{"buildUUID":null,"collectionUUID":{"uuid":{"$uuid":"df735c6b-188f-49d5-9db9-39ca7b45a732"}},"namespace":"admin.system.version","index":"_id_","ident":"index-1--4215315407309949201","collectionIdent":"collection-0--4215315407309949201","commitTimestamp":null}}
2024-08-07T16:08:51.991+02:00  INFO 20518 --- [      Thread-20] d.f.e.m.s.autoconfigure.EmbeddedMongo    : {"t":{"$date":"2024-08-07T16:08:51.991+02:00"},"s":"I",  "c":"REPL",     "id":20459,   "ctx":"initandlisten","msg":"Setting featureCompatibilityVersion","attr":{"newVersion":"6.0"}}
2024-08-07T16:08:51.992+02:00  INFO 20518 --- [      Thread-20] d.f.e.m.s.autoconfigure.EmbeddedMongo    : {"t":{"$date":"2024-08-07T16:08:51.991+02:00"},"s":"I",  "c":"REPL",     "id":5853300, "ctx":"initandlisten","msg":"current featureCompatibilityVersion value","attr":{"featureCompatibilityVersion":"6.0","context":"setFCV"}}
2024-08-07T16:08:51.992+02:00  INFO 20518 --- [      Thread-20] d.f.e.m.s.autoconfigure.EmbeddedMongo    : {"t":{"$date":"2024-08-07T16:08:51.991+02:00"},"s":"I",  "c":"NETWORK",  "id":4915702, "ctx":"initandlisten","msg":"Updated wire specification","attr":{"oldSpec":{"incomingExternalClient":{"minWireVersion":0,"maxWireVersion":17},"incomingInternalClient":{"minWireVersion":0,"maxWireVersion":17},"outgoing":{"minWireVersion":6,"maxWireVersion":17},"isInternalClient":true},"newSpec":{"incomingExternalClient":{"minWireVersion":0,"maxWireVersion":17},"incomingInternalClient":{"minWireVersion":17,"maxWireVersion":17},"outgoing":{"minWireVersion":17,"maxWireVersion":17},"isInternalClient":true}}}
2024-08-07T16:08:51.992+02:00  INFO 20518 --- [      Thread-20] d.f.e.m.s.autoconfigure.EmbeddedMongo    : {"t":{"$date":"2024-08-07T16:08:51.991+02:00"},"s":"I",  "c":"NETWORK",  "id":4915702, "ctx":"initandlisten","msg":"Updated wire specification","attr":{"oldSpec":{"incomingExternalClient":{"minWireVersion":0,"maxWireVersion":17},"incomingInternalClient":{"minWireVersion":17,"maxWireVersion":17},"outgoing":{"minWireVersion":17,"maxWireVersion":17},"isInternalClient":true},"newSpec":{"incomingExternalClient":{"minWireVersion":0,"maxWireVersion":17},"incomingInternalClient":{"minWireVersion":17,"maxWireVersion":17},"outgoing":{"minWireVersion":17,"maxWireVersion":17},"isInternalClient":true}}}
2024-08-07T16:08:51.992+02:00  INFO 20518 --- [      Thread-20] d.f.e.m.s.autoconfigure.EmbeddedMongo    : {"t":{"$date":"2024-08-07T16:08:51.991+02:00"},"s":"I",  "c":"REPL",     "id":5853300, "ctx":"initandlisten","msg":"current featureCompatibilityVersion value","attr":{"featureCompatibilityVersion":"6.0","context":"startup"}}
2024-08-07T16:08:51.992+02:00  INFO 20518 --- [      Thread-20] d.f.e.m.s.autoconfigure.EmbeddedMongo    : {"t":{"$date":"2024-08-07T16:08:51.991+02:00"},"s":"I",  "c":"STORAGE",  "id":5071100, "ctx":"initandlisten","msg":"Clearing temp directory"}
2024-08-07T16:08:51.992+02:00  INFO 20518 --- [      Thread-20] d.f.e.m.s.autoconfigure.EmbeddedMongo    : {"t":{"$date":"2024-08-07T16:08:51.991+02:00"},"s":"I",  "c":"CONTROL",  "id":20536,   "ctx":"initandlisten","msg":"Flow Control is enabled on this deployment"}
2024-08-07T16:08:51.992+02:00  INFO 20518 --- [      Thread-20] d.f.e.m.s.autoconfigure.EmbeddedMongo    : {"t":{"$date":"2024-08-07T16:08:51.991+02:00"},"s":"I",  "c":"FTDC",     "id":20625,   "ctx":"initandlisten","msg":"Initializing full-time diagnostic data capture","attr":{"dataDirectory":"/tmp/temp--c92c5f30-1540-46c4-be8c-3ba56630cafd/mongod-database3922603456300386460/diagnostic.data"}}
2024-08-07T16:08:51.993+02:00  INFO 20518 --- [      Thread-20] d.f.e.m.s.autoconfigure.EmbeddedMongo    : {"t":{"$date":"2024-08-07T16:08:51.993+02:00"},"s":"I",  "c":"STORAGE",  "id":20320,   "ctx":"initandlisten","msg":"createCollection","attr":{"namespace":"local.startup_log","uuidDisposition":"generated","uuid":{"uuid":{"$uuid":"6f8608dd-8230-45c7-b685-d21ebc758e4f"}},"options":{"capped":true,"size":10485760}}}
2024-08-07T16:08:52.023+02:00  INFO 20518 --- [      Thread-20] d.f.e.m.s.autoconfigure.EmbeddedMongo    : {"t":{"$date":"2024-08-07T16:08:52.023+02:00"},"s":"I",  "c":"INDEX",    "id":20345,   "ctx":"initandlisten","msg":"Index build: done building","attr":{"buildUUID":null,"collectionUUID":{"uuid":{"$uuid":"6f8608dd-8230-45c7-b685-d21ebc758e4f"}},"namespace":"local.startup_log","index":"_id_","ident":"index-3--4215315407309949201","collectionIdent":"collection-2--4215315407309949201","commitTimestamp":null}}
2024-08-07T16:08:52.023+02:00  INFO 20518 --- [      Thread-20] d.f.e.m.s.autoconfigure.EmbeddedMongo    : {"t":{"$date":"2024-08-07T16:08:52.023+02:00"},"s":"I",  "c":"REPL",     "id":6015317, "ctx":"initandlisten","msg":"Setting new configuration state","attr":{"newState":"ConfigReplicationDisabled","oldState":"ConfigPreStart"}}
2024-08-07T16:08:52.024+02:00  INFO 20518 --- [      Thread-20] d.f.e.m.s.autoconfigure.EmbeddedMongo    : {"t":{"$date":"2024-08-07T16:08:52.023+02:00"},"s":"I",  "c":"STORAGE",  "id":22262,   "ctx":"initandlisten","msg":"Timestamp monitor starting"}
2024-08-07T16:08:52.024+02:00  INFO 20518 --- [      Thread-20] d.f.e.m.s.autoconfigure.EmbeddedMongo    : {"t":{"$date":"2024-08-07T16:08:52.024+02:00"},"s":"I",  "c":"CONTROL",  "id":20712,   "ctx":"LogicalSessionCacheReap","msg":"Sessions collection is not set up; waiting until next sessions reap interval","attr":{"error":"NamespaceNotFound: config.system.sessions does not exist"}}
2024-08-07T16:08:52.025+02:00  INFO 20518 --- [      Thread-20] d.f.e.m.s.autoconfigure.EmbeddedMongo    : {"t":{"$date":"2024-08-07T16:08:52.024+02:00"},"s":"I",  "c":"STORAGE",  "id":20320,   "ctx":"LogicalSessionCacheRefresh","msg":"createCollection","attr":{"namespace":"config.system.sessions","uuidDisposition":"generated","uuid":{"uuid":{"$uuid":"949ca66f-f241-423e-9b63-adf93dd4a270"}},"options":{}}}
2024-08-07T16:08:52.025+02:00  INFO 20518 --- [      Thread-20] d.f.e.m.s.autoconfigure.EmbeddedMongo    : {"t":{"$date":"2024-08-07T16:08:52.024+02:00"},"s":"I",  "c":"NETWORK",  "id":23015,   "ctx":"listener","msg":"Listening on","attr":{"address":"/tmp/mongodb-39027.sock"}}
2024-08-07T16:08:52.025+02:00  INFO 20518 --- [      Thread-20] d.f.e.m.s.autoconfigure.EmbeddedMongo    : {"t":{"$date":"2024-08-07T16:08:52.024+02:00"},"s":"I",  "c":"NETWORK",  "id":23015,   "ctx":"listener","msg":"Listening on","attr":{"address":"127.0.0.1"}}
2024-08-07T16:08:52.025+02:00  INFO 20518 --- [      Thread-20] d.f.e.m.s.autoconfigure.EmbeddedMongo    : {"t":{"$date":"2024-08-07T16:08:52.024+02:00"},"s":"I",  "c":"NETWORK",  "id":23016,   "ctx":"listener","msg":"Waiting for connections","attr":{"port":39027,"ssl":"off"}}
2024-08-07T16:08:52.031+02:00  INFO 20518 --- [           main] org.mongodb.driver.client                : MongoClient with metadata {"driver": {"name": "mongo-java-driver|sync|spring-boot", "version": "4.9.1"}, "os": {"type": "Linux", "name": "Linux", "architecture": "amd64", "version": "5.15.153.1-microsoft-standard-WSL2"}, "platform": "Java/Ubuntu/21.0.4+7-Ubuntu-1ubuntu222.04"} created with settings MongoClientSettings{readPreference=primary, writeConcern=WriteConcern{w=null, wTimeout=null ms, journal=null}, retryWrites=true, retryReads=true, readConcern=ReadConcern{level=null}, credential=null, streamFactoryFactory=null, commandListeners=[], codecRegistry=ProvidersCodecRegistry{codecProviders=[ValueCodecProvider{}, BsonValueCodecProvider{}, DBRefCodecProvider{}, DBObjectCodecProvider{}, DocumentCodecProvider{}, CollectionCodecProvider{}, IterableCodecProvider{}, MapCodecProvider{}, GeoJsonCodecProvider{}, GridFSFileCodecProvider{}, Jsr310CodecProvider{}, JsonObjectCodecProvider{}, BsonCodecProvider{}, EnumCodecProvider{}, com.mongodb.client.model.mql.ExpressionCodecProvider@4cf1ba4e, com.mongodb.Jep395RecordCodecProvider@23368646]}, loggerSettings=LoggerSettings{maxDocumentLength=1000}, clusterSettings={hosts=[localhost:39027], srvServiceName=mongodb, mode=SINGLE, requiredClusterType=UNKNOWN, requiredReplicaSetName='null', serverSelector='null', clusterListeners='[]', serverSelectionTimeout='30000 ms', localThreshold='30000 ms'}, socketSettings=SocketSettings{connectTimeoutMS=10000, readTimeoutMS=0, receiveBufferSize=0, sendBufferSize=0}, heartbeatSocketSettings=SocketSettings{connectTimeoutMS=10000, readTimeoutMS=10000, receiveBufferSize=0, sendBufferSize=0}, connectionPoolSettings=ConnectionPoolSettings{maxSize=100, minSize=0, maxWaitTimeMS=120000, maxConnectionLifeTimeMS=0, maxConnectionIdleTimeMS=0, maintenanceInitialDelayMS=0, maintenanceFrequencyMS=60000, connectionPoolListeners=[], maxConnecting=2}, serverSettings=ServerSettings{heartbeatFrequencyMS=10000, minHeartbeatFrequencyMS=500, serverListeners='[]', serverMonitorListeners='[]'}, sslSettings=SslSettings{enabled=false, invalidHostNameAllowed=false, context=null}, applicationName='null', compressorList=[], uuidRepresentation=JAVA_LEGACY, serverApi=null, autoEncryptionSettings=null, contextProvider=null}
2024-08-07T16:08:52.031+02:00  INFO 20518 --- [      Thread-20] d.f.e.m.s.autoconfigure.EmbeddedMongo    : {"t":{"$date":"2024-08-07T16:08:52.031+02:00"},"s":"I",  "c":"NETWORK",  "id":22943,   "ctx":"listener","msg":"Connection accepted","attr":{"remote":"127.0.0.1:58330","uuid":"972e2c5f-9248-465c-b4c0-f6d1c43a1133","connectionId":1,"connectionCount":1}}
2024-08-07T16:08:52.031+02:00  INFO 20518 --- [      Thread-20] d.f.e.m.s.autoconfigure.EmbeddedMongo    : {"t":{"$date":"2024-08-07T16:08:52.031+02:00"},"s":"I",  "c":"NETWORK",  "id":22943,   "ctx":"listener","msg":"Connection accepted","attr":{"remote":"127.0.0.1:58332","uuid":"d46fca30-37f0-44f6-9405-872042a7c0c1","connectionId":2,"connectionCount":2}}
2024-08-07T16:08:52.032+02:00  INFO 20518 --- [      Thread-20] d.f.e.m.s.autoconfigure.EmbeddedMongo    : {"t":{"$date":"2024-08-07T16:08:52.032+02:00"},"s":"I",  "c":"NETWORK",  "id":51800,   "ctx":"conn1","msg":"client metadata","attr":{"remote":"127.0.0.1:58330","client":"conn1","doc":{"driver":{"name":"mongo-java-driver|sync|spring-boot","version":"4.9.1"},"os":{"type":"Linux","name":"Linux","architecture":"amd64","version":"5.15.153.1-microsoft-standard-WSL2"},"platform":"Java/Ubuntu/21.0.4+7-Ubuntu-1ubuntu222.04"}}}
2024-08-07T16:08:52.032+02:00  INFO 20518 --- [      Thread-20] d.f.e.m.s.autoconfigure.EmbeddedMongo    : {"t":{"$date":"2024-08-07T16:08:52.032+02:00"},"s":"I",  "c":"NETWORK",  "id":51800,   "ctx":"conn2","msg":"client metadata","attr":{"remote":"127.0.0.1:58332","client":"conn2","doc":{"driver":{"name":"mongo-java-driver|sync|spring-boot","version":"4.9.1"},"os":{"type":"Linux","name":"Linux","architecture":"amd64","version":"5.15.153.1-microsoft-standard-WSL2"},"platform":"Java/Ubuntu/21.0.4+7-Ubuntu-1ubuntu222.04"}}}
2024-08-07T16:08:52.032+02:00  INFO 20518 --- [localhost:39027] org.mongodb.driver.cluster               : Monitor thread successfully connected to server with description ServerDescription{address=localhost:39027, type=STANDALONE, state=CONNECTED, ok=true, minWireVersion=0, maxWireVersion=17, maxDocumentSize=16777216, logicalSessionTimeoutMinutes=30, roundTripTimeNanos=1082175}
2024-08-07T16:08:52.073+02:00  INFO 20518 --- [      Thread-20] d.f.e.m.s.autoconfigure.EmbeddedMongo    : {"t":{"$date":"2024-08-07T16:08:52.073+02:00"},"s":"I",  "c":"INDEX",    "id":20345,   "ctx":"LogicalSessionCacheRefresh","msg":"Index build: done building","attr":{"buildUUID":null,"collectionUUID":{"uuid":{"$uuid":"949ca66f-f241-423e-9b63-adf93dd4a270"}},"namespace":"config.system.sessions","index":"_id_","ident":"index-5--4215315407309949201","collectionIdent":"collection-4--4215315407309949201","commitTimestamp":null}}
2024-08-07T16:08:52.073+02:00  INFO 20518 --- [      Thread-20] d.f.e.m.s.autoconfigure.EmbeddedMongo    : {"t":{"$date":"2024-08-07T16:08:52.073+02:00"},"s":"I",  "c":"INDEX",    "id":20345,   "ctx":"LogicalSessionCacheRefresh","msg":"Index build: done building","attr":{"buildUUID":null,"collectionUUID":{"uuid":{"$uuid":"949ca66f-f241-423e-9b63-adf93dd4a270"}},"namespace":"config.system.sessions","index":"lsidTTLIndex","ident":"index-6--4215315407309949201","collectionIdent":"collection-4--4215315407309949201","commitTimestamp":null}}
2024-08-07T16:08:52.239+02:00  INFO 20518 --- [      Thread-20] d.f.e.m.s.autoconfigure.EmbeddedMongo    : {"t":{"$date":"2024-08-07T16:08:52.238+02:00"},"s":"I",  "c":"NETWORK",  "id":22943,   "ctx":"listener","msg":"Connection accepted","attr":{"remote":"127.0.0.1:58340","uuid":"2770defc-9242-4bad-89bd-5eb589b7d3f2","connectionId":3,"connectionCount":3}}
2024-08-07T16:08:52.239+02:00  INFO 20518 --- [      Thread-20] d.f.e.m.s.autoconfigure.EmbeddedMongo    : {"t":{"$date":"2024-08-07T16:08:52.239+02:00"},"s":"I",  "c":"NETWORK",  "id":51800,   "ctx":"conn3","msg":"client metadata","attr":{"remote":"127.0.0.1:58340","client":"conn3","doc":{"driver":{"name":"mongo-java-driver|sync|spring-boot","version":"4.9.1"},"os":{"type":"Linux","name":"Linux","architecture":"amd64","version":"5.15.153.1-microsoft-standard-WSL2"},"platform":"Java/Ubuntu/21.0.4+7-Ubuntu-1ubuntu222.04"}}}
2024-08-07T16:08:52.694+02:00  INFO 20518 --- [      Thread-20] d.f.e.m.s.autoconfigure.EmbeddedMongo    : {"t":{"$date":"2024-08-07T16:08:52.693+02:00"},"s":"I",  "c":"STORAGE",  "id":20320,   "ctx":"conn3","msg":"createCollection","attr":{"namespace":"test.card","uuidDisposition":"generated","uuid":{"uuid":{"$uuid":"807f9ef5-140d-4096-bbaa-bed1a9ec8f89"}},"options":{}}}
2024-08-07T16:08:52.730+02:00  INFO 20518 --- [      Thread-20] d.f.e.m.s.autoconfigure.EmbeddedMongo    : {"t":{"$date":"2024-08-07T16:08:52.730+02:00"},"s":"I",  "c":"INDEX",    "id":20345,   "ctx":"conn3","msg":"Index build: done building","attr":{"buildUUID":null,"collectionUUID":{"uuid":{"$uuid":"807f9ef5-140d-4096-bbaa-bed1a9ec8f89"}},"namespace":"test.card","index":"_id_","ident":"index-8--4215315407309949201","collectionIdent":"collection-7--4215315407309949201","commitTimestamp":null}}
2024-08-07T16:08:52.776+02:00  INFO 20518 --- [           main] o.s.s.web.DefaultSecurityFilterChain     : Will secure any request with [org.springframework.security.web.session.DisableEncodeUrlFilter@61cab492, org.springframework.security.web.session.ForceEagerSessionCreationFilter@2d482ce3, org.springframework.security.web.context.request.async.WebAsyncManagerIntegrationFilter@4ebdcc8a, org.springframework.security.web.context.SecurityContextHolderFilter@1f30442b, org.springframework.security.web.header.HeaderWriterFilter@4120dd8d, org.springframework.security.web.csrf.CsrfFilter@cbf13d5, org.springframework.security.web.authentication.logout.LogoutFilter@8e3fa5, org.springframework.security.web.authentication.www.BasicAuthenticationFilter@1e1a4a92, org.springframework.security.web.savedrequest.RequestCacheAwareFilter@1f302749, org.springframework.security.web.servletapi.SecurityContextHolderAwareRequestFilter@58bb5d97, org.springframework.security.web.authentication.AnonymousAuthenticationFilter@183216fe, org.springframework.security.web.session.SessionManagementFilter@6b65d329, org.springframework.security.web.access.ExceptionTranslationFilter@3a0740e4, org.springframework.security.web.access.intercept.AuthorizationFilter@1048c229]
2024-08-07T16:08:52.841+02:00  INFO 20518 --- [           main] o.s.b.t.m.w.SpringBootMockServletContext : Initializing Spring TestDispatcherServlet ''
2024-08-07T16:08:52.841+02:00  INFO 20518 --- [           main] o.s.t.web.servlet.TestDispatcherServlet  : Initializing Servlet ''
2024-08-07T16:08:52.841+02:00  INFO 20518 --- [           main] o.s.t.web.servlet.TestDispatcherServlet  : Completed initialization in 0 ms
2024-08-07T16:08:52.847+02:00  INFO 20518 --- [           main] c.g.w.b.s.MongoUserControllerTest        : Started MongoUserControllerTest in 1.334 seconds (process running for 12.835)
2024-08-07T16:08:53.578+02:00  INFO 20518 --- [      Thread-20] d.f.e.m.s.autoconfigure.EmbeddedMongo    : {"t":{"$date":"2024-08-07T16:08:53.578+02:00"},"s":"I",  "c":"NETWORK",  "id":22943,   "ctx":"listener","msg":"Connection accepted","attr":{"remote":"127.0.0.1:58348","uuid":"fbe10e64-887a-47c3-a6f4-eafdea9fa1a7","connectionId":4,"connectionCount":4}}
2024-08-07T16:08:53.579+02:00  INFO 20518 --- [      Thread-20] d.f.e.m.s.autoconfigure.EmbeddedMongo    : {"t":{"$date":"2024-08-07T16:08:53.578+02:00"},"s":"I",  "c":"NETWORK",  "id":51800,   "ctx":"conn4","msg":"client metadata","attr":{"remote":"127.0.0.1:58348","client":"conn4","doc":{"driver":{"name":"mongo-java-driver|sync|spring-boot","version":"4.9.1"},"os":{"type":"Linux","name":"Linux","architecture":"amd64","version":"5.15.153.1-microsoft-standard-WSL2"},"platform":"Java/Ubuntu/21.0.4+7-Ubuntu-1ubuntu222.04"}}}
2024-08-07T16:08:53.580+02:00  INFO 20518 --- [      Thread-20] d.f.e.m.s.autoconfigure.EmbeddedMongo    : {"t":{"$date":"2024-08-07T16:08:53.580+02:00"},"s":"I",  "c":"STORAGE",  "id":20320,   "ctx":"conn4","msg":"createCollection","attr":{"namespace":"test.users","uuidDisposition":"generated","uuid":{"uuid":{"$uuid":"b9b8b9f0-79e6-429e-aa4a-63a3282833b0"}},"options":{}}}
2024-08-07T16:08:53.617+02:00  INFO 20518 --- [      Thread-20] d.f.e.m.s.autoconfigure.EmbeddedMongo    : {"t":{"$date":"2024-08-07T16:08:53.617+02:00"},"s":"I",  "c":"INDEX",    "id":20345,   "ctx":"conn4","msg":"Index build: done building","attr":{"buildUUID":null,"collectionUUID":{"uuid":{"$uuid":"b9b8b9f0-79e6-429e-aa4a-63a3282833b0"}},"namespace":"test.users","index":"_id_","ident":"index-10--4215315407309949201","collectionIdent":"collection-9--4215315407309949201","commitTimestamp":null}}
2024-08-07T16:08:56.265+02:00  INFO 20518 --- [      Thread-20] d.f.e.m.s.autoconfigure.EmbeddedMongo    : {"t":{"$date":"2024-08-07T16:08:56.264+02:00"},"s":"I",  "c":"NETWORK",  "id":22944,   "ctx":"conn4","msg":"Connection ended","attr":{"remote":"127.0.0.1:58348","uuid":"fbe10e64-887a-47c3-a6f4-eafdea9fa1a7","connectionId":4,"connectionCount":3}}
2024-08-07T16:08:56.265+02:00  INFO 20518 --- [      Thread-20] d.f.e.m.s.autoconfigure.EmbeddedMongo    : {"t":{"$date":"2024-08-07T16:08:56.264+02:00"},"s":"I",  "c":"NETWORK",  "id":22944,   "ctx":"conn3","msg":"Connection ended","attr":{"remote":"127.0.0.1:58340","uuid":"2770defc-9242-4bad-89bd-5eb589b7d3f2","connectionId":3,"connectionCount":2}}
2024-08-07T16:08:56.265+02:00  INFO 20518 --- [      Thread-20] d.f.e.m.s.autoconfigure.EmbeddedMongo    : {"t":{"$date":"2024-08-07T16:08:56.264+02:00"},"s":"I",  "c":"-",        "id":20883,   "ctx":"conn1","msg":"Interrupted operation as its client disconnected","attr":{"opId":14}}
2024-08-07T16:08:56.265+02:00  INFO 20518 --- [      Thread-20] d.f.e.m.s.autoconfigure.EmbeddedMongo    : {"t":{"$date":"2024-08-07T16:08:56.265+02:00"},"s":"I",  "c":"NETWORK",  "id":22944,   "ctx":"conn2","msg":"Connection ended","attr":{"remote":"127.0.0.1:58332","uuid":"d46fca30-37f0-44f6-9405-872042a7c0c1","connectionId":2,"connectionCount":1}}
2024-08-07T16:08:56.265+02:00  INFO 20518 --- [      Thread-20] d.f.e.m.s.autoconfigure.EmbeddedMongo    : {"t":{"$date":"2024-08-07T16:08:56.265+02:00"},"s":"I",  "c":"NETWORK",  "id":22944,   "ctx":"conn1","msg":"Connection ended","attr":{"remote":"127.0.0.1:58330","uuid":"972e2c5f-9248-465c-b4c0-f6d1c43a1133","connectionId":1,"connectionCount":0}}
2024-08-07T16:08:56.265+02:00  INFO 20518 --- [      Thread-20] d.f.e.m.s.autoconfigure.EmbeddedMongo    : {"t":{"$date":"2024-08-07T16:08:56.265+02:00"},"s":"I",  "c":"NETWORK",  "id":22943,   "ctx":"listener","msg":"Connection accepted","attr":{"remote":"127.0.0.1:58360","uuid":"959c2f62-e81b-4b26-94ec-339f6b10573d","connectionId":5,"connectionCount":1}}
2024-08-07T16:08:56.265+02:00  INFO 20518 --- [      Thread-20] d.f.e.m.s.autoconfigure.EmbeddedMongo    : {"t":{"$date":"2024-08-07T16:08:56.265+02:00"},"s":"W",  "c":"COMMAND",  "id":5578800, "ctx":"conn5","msg":"Received wire protocol op code or command that is no longer supported. The client driver may require an upgrade. For more details see https://dochub.mongodb.org/core/legacy-opcode-removal","attr":{"op":"query","clientInfo":{"address":"127.0.0.1:58360"}}}
2024-08-07T16:08:56.265+02:00 ERROR 20518 --- [           main] d.flapdoodle.embed.mongo.runtime.Mongod  : Got some response, should be an error message
2024-08-07T16:08:56.266+02:00  INFO 20518 --- [      Thread-20] d.f.e.m.s.autoconfigure.EmbeddedMongo    : {"t":{"$date":"2024-08-07T16:08:56.265+02:00"},"s":"I",  "c":"NETWORK",  "id":22944,   "ctx":"conn5","msg":"Connection ended","attr":{"remote":"127.0.0.1:58360","uuid":"959c2f62-e81b-4b26-94ec-339f6b10573d","connectionId":5,"connectionCount":0}}
2024-08-07T16:08:56.366+02:00  INFO 20518 --- [      Thread-20] d.f.e.m.s.autoconfigure.EmbeddedMongo    : {"t":{"$date":"2024-08-07T16:08:56.366+02:00"},"s":"I",  "c":"NETWORK",  "id":22943,   "ctx":"listener","msg":"Connection accepted","attr":{"remote":"127.0.0.1:58372","uuid":"59f4da12-5066-4b41-bcfa-6dbf80311115","connectionId":6,"connectionCount":1}}
2024-08-07T16:08:56.366+02:00  INFO 20518 --- [      Thread-20] d.f.e.m.s.autoconfigure.EmbeddedMongo    : {"t":{"$date":"2024-08-07T16:08:56.366+02:00"},"s":"I",  "c":"COMMAND",  "id":4695400, "ctx":"conn6","msg":"Terminating via shutdown command","attr":{"force":false,"timeoutMillis":15000}}
2024-08-07T16:08:56.366+02:00  INFO 20518 --- [      Thread-20] d.f.e.m.s.autoconfigure.EmbeddedMongo    : {"t":{"$date":"2024-08-07T16:08:56.366+02:00"},"s":"I",  "c":"REPL",     "id":4794602, "ctx":"thread32","msg":"Attempting to enter quiesce mode"}
2024-08-07T16:08:56.366+02:00  INFO 20518 --- [      Thread-20] d.f.e.m.s.autoconfigure.EmbeddedMongo    : {"t":{"$date":"2024-08-07T16:08:56.366+02:00"},"s":"I",  "c":"-",        "id":6371601, "ctx":"thread32","msg":"Shutting down the FLE Crud thread pool"}
2024-08-07T16:08:56.366+02:00  INFO 20518 --- [      Thread-20] d.f.e.m.s.autoconfigure.EmbeddedMongo    : {"t":{"$date":"2024-08-07T16:08:56.366+02:00"},"s":"I",  "c":"COMMAND",  "id":4784901, "ctx":"thread32","msg":"Shutting down the MirrorMaestro"}
2024-08-07T16:08:56.367+02:00  INFO 20518 --- [      Thread-20] d.f.e.m.s.autoconfigure.EmbeddedMongo    : {"t":{"$date":"2024-08-07T16:08:56.366+02:00"},"s":"I",  "c":"SHARDING", "id":4784902, "ctx":"thread32","msg":"Shutting down the WaitForMajorityService"}
2024-08-07T16:08:56.367+02:00  INFO 20518 --- [      Thread-20] d.f.e.m.s.autoconfigure.EmbeddedMongo    : {"t":{"$date":"2024-08-07T16:08:56.367+02:00"},"s":"I",  "c":"CONTROL",  "id":4784903, "ctx":"thread32","msg":"Shutting down the LogicalSessionCache"}
2024-08-07T16:08:56.367+02:00  INFO 20518 --- [      Thread-20] d.f.e.m.s.autoconfigure.EmbeddedMongo    : {"t":{"$date":"2024-08-07T16:08:56.367+02:00"},"s":"I",  "c":"NETWORK",  "id":20562,   "ctx":"thread32","msg":"Shutdown: going to close listening sockets"}
2024-08-07T16:08:56.367+02:00  INFO 20518 --- [      Thread-20] d.f.e.m.s.autoconfigure.EmbeddedMongo    : {"t":{"$date":"2024-08-07T16:08:56.367+02:00"},"s":"I",  "c":"NETWORK",  "id":23017,   "ctx":"listener","msg":"removing socket file","attr":{"path":"/tmp/mongodb-39027.sock"}}
2024-08-07T16:08:56.367+02:00  INFO 20518 --- [      Thread-20] d.f.e.m.s.autoconfigure.EmbeddedMongo    : {"t":{"$date":"2024-08-07T16:08:56.367+02:00"},"s":"I",  "c":"NETWORK",  "id":4784905, "ctx":"thread32","msg":"Shutting down the global connection pool"}
2024-08-07T16:08:56.367+02:00  INFO 20518 --- [      Thread-20] d.f.e.m.s.autoconfigure.EmbeddedMongo    : {"t":{"$date":"2024-08-07T16:08:56.367+02:00"},"s":"I",  "c":"CONTROL",  "id":4784906, "ctx":"thread32","msg":"Shutting down the FlowControlTicketholder"}
2024-08-07T16:08:56.367+02:00  INFO 20518 --- [      Thread-20] d.f.e.m.s.autoconfigure.EmbeddedMongo    : {"t":{"$date":"2024-08-07T16:08:56.367+02:00"},"s":"I",  "c":"-",        "id":20520,   "ctx":"thread32","msg":"Stopping further Flow Control ticket acquisitions."}
2024-08-07T16:08:56.367+02:00  INFO 20518 --- [      Thread-20] d.f.e.m.s.autoconfigure.EmbeddedMongo    : {"t":{"$date":"2024-08-07T16:08:56.367+02:00"},"s":"I",  "c":"CONTROL",  "id":4784908, "ctx":"thread32","msg":"Shutting down the PeriodicThreadToAbortExpiredTransactions"}
2024-08-07T16:08:56.367+02:00  INFO 20518 --- [      Thread-20] d.f.e.m.s.autoconfigure.EmbeddedMongo    : {"t":{"$date":"2024-08-07T16:08:56.367+02:00"},"s":"I",  "c":"REPL",     "id":4784909, "ctx":"thread32","msg":"Shutting down the ReplicationCoordinator"}
2024-08-07T16:08:56.368+02:00  INFO 20518 --- [      Thread-20] d.f.e.m.s.autoconfigure.EmbeddedMongo    : {"t":{"$date":"2024-08-07T16:08:56.367+02:00"},"s":"I",  "c":"SHARDING", "id":4784910, "ctx":"thread32","msg":"Shutting down the ShardingInitializationMongoD"}
2024-08-07T16:08:56.368+02:00  INFO 20518 --- [      Thread-20] d.f.e.m.s.autoconfigure.EmbeddedMongo    : {"t":{"$date":"2024-08-07T16:08:56.367+02:00"},"s":"I",  "c":"REPL",     "id":4784911, "ctx":"thread32","msg":"Enqueuing the ReplicationStateTransitionLock for shutdown"}
2024-08-07T16:08:56.368+02:00  INFO 20518 --- [      Thread-20] d.f.e.m.s.autoconfigure.EmbeddedMongo    : {"t":{"$date":"2024-08-07T16:08:56.367+02:00"},"s":"I",  "c":"-",        "id":4784912, "ctx":"thread32","msg":"Killing all operations for shutdown"}
2024-08-07T16:08:56.368+02:00  INFO 20518 --- [      Thread-20] d.f.e.m.s.autoconfigure.EmbeddedMongo    : {"t":{"$date":"2024-08-07T16:08:56.367+02:00"},"s":"I",  "c":"-",        "id":4695300, "ctx":"thread32","msg":"Interrupted all currently running operations","attr":{"opsKilled":3}}
2024-08-07T16:08:56.368+02:00  INFO 20518 --- [      Thread-20] d.f.e.m.s.autoconfigure.EmbeddedMongo    : {"t":{"$date":"2024-08-07T16:08:56.367+02:00"},"s":"I",  "c":"TENANT_M", "id":5093807, "ctx":"thread32","msg":"Shutting down all TenantMigrationAccessBlockers on global shutdown"}
2024-08-07T16:08:56.368+02:00  INFO 20518 --- [      Thread-20] d.f.e.m.s.autoconfigure.EmbeddedMongo    : {"t":{"$date":"2024-08-07T16:08:56.367+02:00"},"s":"I",  "c":"COMMAND",  "id":4784913, "ctx":"thread32","msg":"Shutting down all open transactions"}
2024-08-07T16:08:56.368+02:00  INFO 20518 --- [      Thread-20] d.f.e.m.s.autoconfigure.EmbeddedMongo    : {"t":{"$date":"2024-08-07T16:08:56.367+02:00"},"s":"I",  "c":"REPL",     "id":4784914, "ctx":"thread32","msg":"Acquiring the ReplicationStateTransitionLock for shutdown"}
2024-08-07T16:08:56.368+02:00  INFO 20518 --- [      Thread-20] d.f.e.m.s.autoconfigure.EmbeddedMongo    : {"t":{"$date":"2024-08-07T16:08:56.367+02:00"},"s":"I",  "c":"INDEX",    "id":4784915, "ctx":"thread32","msg":"Shutting down the IndexBuildsCoordinator"}
2024-08-07T16:08:56.368+02:00  INFO 20518 --- [      Thread-20] d.f.e.m.s.autoconfigure.EmbeddedMongo    : {"t":{"$date":"2024-08-07T16:08:56.367+02:00"},"s":"I",  "c":"NETWORK",  "id":4784918, "ctx":"thread32","msg":"Shutting down the ReplicaSetMonitor"}
2024-08-07T16:08:56.368+02:00  INFO 20518 --- [      Thread-20] d.f.e.m.s.autoconfigure.EmbeddedMongo    : {"t":{"$date":"2024-08-07T16:08:56.367+02:00"},"s":"I",  "c":"SHARDING", "id":4784921, "ctx":"thread32","msg":"Shutting down the MigrationUtilExecutor"}
2024-08-07T16:08:56.368+02:00  INFO 20518 --- [      Thread-20] d.f.e.m.s.autoconfigure.EmbeddedMongo    : {"t":{"$date":"2024-08-07T16:08:56.368+02:00"},"s":"I",  "c":"ASIO",     "id":22582,   "ctx":"MigrationUtil-TaskExecutor","msg":"Killing all outstanding egress activity."}
2024-08-07T16:08:56.368+02:00  INFO 20518 --- [      Thread-20] d.f.e.m.s.autoconfigure.EmbeddedMongo    : {"t":{"$date":"2024-08-07T16:08:56.368+02:00"},"s":"I",  "c":"COMMAND",  "id":4784923, "ctx":"thread32","msg":"Shutting down the ServiceEntryPoint"}
2024-08-07T16:08:56.368+02:00  INFO 20518 --- [      Thread-20] d.f.e.m.s.autoconfigure.EmbeddedMongo    : {"t":{"$date":"2024-08-07T16:08:56.368+02:00"},"s":"I",  "c":"CONTROL",  "id":4784925, "ctx":"thread32","msg":"Shutting down free monitoring"}
2024-08-07T16:08:56.368+02:00  INFO 20518 --- [      Thread-20] d.f.e.m.s.autoconfigure.EmbeddedMongo    : {"t":{"$date":"2024-08-07T16:08:56.368+02:00"},"s":"I",  "c":"CONTROL",  "id":20609,   "ctx":"thread32","msg":"Shutting down free monitoring"}
2024-08-07T16:08:56.368+02:00  INFO 20518 --- [      Thread-20] d.f.e.m.s.autoconfigure.EmbeddedMongo    : {"t":{"$date":"2024-08-07T16:08:56.368+02:00"},"s":"I",  "c":"CONTROL",  "id":4784927, "ctx":"thread32","msg":"Shutting down the HealthLog"}
2024-08-07T16:08:56.368+02:00  INFO 20518 --- [      Thread-20] d.f.e.m.s.autoconfigure.EmbeddedMongo    : {"t":{"$date":"2024-08-07T16:08:56.368+02:00"},"s":"I",  "c":"CONTROL",  "id":4784928, "ctx":"thread32","msg":"Shutting down the TTL monitor"}
2024-08-07T16:08:56.368+02:00  INFO 20518 --- [      Thread-20] d.f.e.m.s.autoconfigure.EmbeddedMongo    : {"t":{"$date":"2024-08-07T16:08:56.368+02:00"},"s":"I",  "c":"INDEX",    "id":3684100, "ctx":"thread32","msg":"Shutting down TTL collection monitor thread"}
2024-08-07T16:08:56.368+02:00  INFO 20518 --- [      Thread-20] d.f.e.m.s.autoconfigure.EmbeddedMongo    : {"t":{"$date":"2024-08-07T16:08:56.368+02:00"},"s":"I",  "c":"INDEX",    "id":3684101, "ctx":"thread32","msg":"Finished shutting down TTL collection monitor thread"}
2024-08-07T16:08:56.368+02:00  INFO 20518 --- [      Thread-20] d.f.e.m.s.autoconfigure.EmbeddedMongo    : {"t":{"$date":"2024-08-07T16:08:56.368+02:00"},"s":"I",  "c":"CONTROL",  "id":6278511, "ctx":"thread32","msg":"Shutting down the Change Stream Expired Pre-images Remover"}
2024-08-07T16:08:56.368+02:00  INFO 20518 --- [      Thread-20] d.f.e.m.s.autoconfigure.EmbeddedMongo    : {"t":{"$date":"2024-08-07T16:08:56.368+02:00"},"s":"I",  "c":"CONTROL",  "id":4784929, "ctx":"thread32","msg":"Acquiring the global lock for shutdown"}
2024-08-07T16:08:56.368+02:00  INFO 20518 --- [      Thread-20] d.f.e.m.s.autoconfigure.EmbeddedMongo    : {"t":{"$date":"2024-08-07T16:08:56.368+02:00"},"s":"I",  "c":"CONTROL",  "id":4784930, "ctx":"thread32","msg":"Shutting down the storage engine"}
2024-08-07T16:08:56.368+02:00  INFO 20518 --- [      Thread-20] d.f.e.m.s.autoconfigure.EmbeddedMongo    : {"t":{"$date":"2024-08-07T16:08:56.368+02:00"},"s":"I",  "c":"STORAGE",  "id":22320,   "ctx":"thread32","msg":"Shutting down journal flusher thread"}
2024-08-07T16:08:56.417+02:00  INFO 20518 --- [      Thread-20] d.f.e.m.s.autoconfigure.EmbeddedMongo    : {"t":{"$date":"2024-08-07T16:08:56.417+02:00"},"s":"I",  "c":"STORAGE",  "id":22321,   "ctx":"thread32","msg":"Finished shutting down journal flusher thread"}
2024-08-07T16:08:56.417+02:00  INFO 20518 --- [      Thread-20] d.f.e.m.s.autoconfigure.EmbeddedMongo    : {"t":{"$date":"2024-08-07T16:08:56.417+02:00"},"s":"I",  "c":"STORAGE",  "id":22322,   "ctx":"thread32","msg":"Shutting down checkpoint thread"}
2024-08-07T16:08:56.417+02:00  INFO 20518 --- [      Thread-20] d.f.e.m.s.autoconfigure.EmbeddedMongo    : {"t":{"$date":"2024-08-07T16:08:56.417+02:00"},"s":"I",  "c":"STORAGE",  "id":22323,   "ctx":"thread32","msg":"Finished shutting down checkpoint thread"}
2024-08-07T16:08:56.417+02:00  INFO 20518 --- [      Thread-20] d.f.e.m.s.autoconfigure.EmbeddedMongo    : {"t":{"$date":"2024-08-07T16:08:56.417+02:00"},"s":"I",  "c":"STORAGE",  "id":20282,   "ctx":"thread32","msg":"Deregistering all the collections"}
2024-08-07T16:08:56.417+02:00  INFO 20518 --- [      Thread-20] d.f.e.m.s.autoconfigure.EmbeddedMongo    : {"t":{"$date":"2024-08-07T16:08:56.417+02:00"},"s":"I",  "c":"STORAGE",  "id":22261,   "ctx":"thread32","msg":"Timestamp monitor shutting down"}
2024-08-07T16:08:56.417+02:00  INFO 20518 --- [      Thread-20] d.f.e.m.s.autoconfigure.EmbeddedMongo    : {"t":{"$date":"2024-08-07T16:08:56.417+02:00"},"s":"I",  "c":"STORAGE",  "id":22317,   "ctx":"thread32","msg":"WiredTigerKVEngine shutting down"}
2024-08-07T16:08:56.417+02:00  INFO 20518 --- [      Thread-20] d.f.e.m.s.autoconfigure.EmbeddedMongo    : {"t":{"$date":"2024-08-07T16:08:56.417+02:00"},"s":"I",  "c":"STORAGE",  "id":22318,   "ctx":"thread32","msg":"Shutting down session sweeper thread"}
2024-08-07T16:08:56.417+02:00  INFO 20518 --- [      Thread-20] d.f.e.m.s.autoconfigure.EmbeddedMongo    : {"t":{"$date":"2024-08-07T16:08:56.417+02:00"},"s":"I",  "c":"STORAGE",  "id":22319,   "ctx":"thread32","msg":"Finished shutting down session sweeper thread"}
2024-08-07T16:08:56.417+02:00  INFO 20518 --- [      Thread-20] d.f.e.m.s.autoconfigure.EmbeddedMongo    : {"t":{"$date":"2024-08-07T16:08:56.417+02:00"},"s":"I",  "c":"STORAGE",  "id":4795902, "ctx":"thread32","msg":"Closing WiredTiger","attr":{"closeConfig":"leak_memory=true,"}}
2024-08-07T16:08:56.438+02:00  INFO 20518 --- [      Thread-20] d.f.e.m.s.autoconfigure.EmbeddedMongo    : {"t":{"$date":"2024-08-07T16:08:56.438+02:00"},"s":"I",  "c":"STORAGE",  "id":4795901, "ctx":"thread32","msg":"WiredTiger closed","attr":{"durationMillis":21}}
2024-08-07T16:08:56.438+02:00  INFO 20518 --- [      Thread-20] d.f.e.m.s.autoconfigure.EmbeddedMongo    : {"t":{"$date":"2024-08-07T16:08:56.438+02:00"},"s":"I",  "c":"STORAGE",  "id":22279,   "ctx":"thread32","msg":"shutdown: removing fs lock..."}
2024-08-07T16:08:56.438+02:00  INFO 20518 --- [      Thread-20] d.f.e.m.s.autoconfigure.EmbeddedMongo    : {"t":{"$date":"2024-08-07T16:08:56.438+02:00"},"s":"I",  "c":"-",        "id":4784931, "ctx":"thread32","msg":"Dropping the scope cache for shutdown"}
2024-08-07T16:08:56.438+02:00  INFO 20518 --- [      Thread-20] d.f.e.m.s.autoconfigure.EmbeddedMongo    : {"t":{"$date":"2024-08-07T16:08:56.438+02:00"},"s":"I",  "c":"FTDC",     "id":20626,   "ctx":"thread32","msg":"Shutting down full-time diagnostic data capture"}
2024-08-07T16:08:56.440+02:00  INFO 20518 --- [      Thread-20] d.f.e.m.s.autoconfigure.EmbeddedMongo    : {"t":{"$date":"2024-08-07T16:08:56.440+02:00"},"s":"I",  "c":"CONTROL",  "id":20565,   "ctx":"thread32","msg":"Now exiting"}
2024-08-07T16:08:56.440+02:00  INFO 20518 --- [      Thread-20] d.f.e.m.s.autoconfigure.EmbeddedMongo    : {"t":{"$date":"2024-08-07T16:08:56.440+02:00"},"s":"I",  "c":"CONTROL",  "id":23138,   "ctx":"thread32","msg":"Shutting down","attr":{"exitCode":0}}
]]></system-out>
  </testcase>
  <testcase name="expectRegistration_whenRegisterUser" classname="com.github.wekaito.backend.security.MongoUserControllerTest" time="0.766">
    <system-out><![CDATA[
  .   ____          _            __ _ _
 /\\ / ___'_ __ _ _(_)_ __  __ _ \ \ \ \
( ( )\___ | '_ | '_| | '_ \/ _` | \ \ \ \
 \\/  ___)| |_)| | | | | || (_| |  ) ) ) )
  '  |____| .__|_| |_|_| |_\__, | / / / /
 =========|_|==============|___/=/_/_/_/
 :: Spring Boot ::                (v3.1.2)

2024-08-07T16:08:56.558+02:00  INFO 20518 --- [           main] c.g.w.b.s.MongoUserControllerTest        : Starting MongoUserControllerTest using Java 21.0.4 with PID 20518 (started by daniel in /home/daniel/GitHub/digimon-tcg-simulator/backend)
2024-08-07T16:08:56.558+02:00  INFO 20518 --- [           main] c.g.w.b.s.MongoUserControllerTest        : No active profile set, falling back to 1 default profile: "default"
2024-08-07T16:08:56.668+02:00  INFO 20518 --- [           main] .s.d.r.c.RepositoryConfigurationDelegate : Bootstrapping Spring Data MongoDB repositories in DEFAULT mode.
2024-08-07T16:08:56.674+02:00  INFO 20518 --- [           main] .s.d.r.c.RepositoryConfigurationDelegate : Finished Spring Data repository scanning in 4 ms. Found 3 MongoDB repository interfaces.
2024-08-07T16:08:56.703+02:00  INFO 20518 --- [           main] trationDelegate$BeanPostProcessorChecker : Bean 'de.flapdoodle.embed.mongo.spring.autoconfigure.EmbeddedMongoAutoConfiguration' of type [de.flapdoodle.embed.mongo.spring.autoconfigure.EmbeddedMongoAutoConfiguration] is not eligible for getting processed by all BeanPostProcessors (for example: not eligible for auto-proxying)
2024-08-07T16:08:56.705+02:00  INFO 20518 --- [           main] trationDelegate$BeanPostProcessorChecker : Bean 'de.flapdoodle.mongodb.embedded-de.flapdoodle.embed.mongo.spring.autoconfigure.EmbeddedMongoProperties' of type [de.flapdoodle.embed.mongo.spring.autoconfigure.EmbeddedMongoProperties] is not eligible for getting processed by all BeanPostProcessors (for example: not eligible for auto-proxying)
2024-08-07T16:08:56.707+02:00  INFO 20518 --- [           main] trationDelegate$BeanPostProcessorChecker : Bean 'spring.data.mongodb-org.springframework.boot.autoconfigure.mongo.MongoProperties' of type [org.springframework.boot.autoconfigure.mongo.MongoProperties] is not eligible for getting processed by all BeanPostProcessors (for example: not eligible for auto-proxying)
2024-08-07T16:08:56.715+02:00  INFO 20518 --- [           main] d.f.e.m.s.a.SyncClientServerFactory      : sync server factory
2024-08-07T16:08:56.742+02:00  INFO 20518 --- [      Thread-36] d.f.e.m.s.autoconfigure.EmbeddedMongo    : {"t":{"$date":"2024-08-07T16:08:56.742+02:00"},"s":"I",  "c":"CONTROL",  "id":23285,   "ctx":"-","msg":"Automatically disabling TLS 1.0, to force-enable TLS 1.0 specify --sslDisabledProtocols 'none'"}
2024-08-07T16:08:56.744+02:00  INFO 20518 --- [      Thread-36] d.f.e.m.s.autoconfigure.EmbeddedMongo    : {"t":{"$date":"2024-08-07T16:08:56.744+02:00"},"s":"I",  "c":"NETWORK",  "id":4915701, "ctx":"main","msg":"Initialized wire specification","attr":{"spec":{"incomingExternalClient":{"minWireVersion":0,"maxWireVersion":17},"incomingInternalClient":{"minWireVersion":0,"maxWireVersion":17},"outgoing":{"minWireVersion":6,"maxWireVersion":17},"isInternalClient":true}}}
2024-08-07T16:08:56.744+02:00  INFO 20518 --- [      Thread-36] d.f.e.m.s.autoconfigure.EmbeddedMongo    : {"t":{"$date":"2024-08-07T16:08:56.744+02:00"},"s":"I",  "c":"NETWORK",  "id":4648601, "ctx":"main","msg":"Implicit TCP FastOpen unavailable. If TCP FastOpen is required, set tcpFastOpenServer, tcpFastOpenClient, and tcpFastOpenQueueSize."}
2024-08-07T16:08:56.745+02:00  INFO 20518 --- [      Thread-36] d.f.e.m.s.autoconfigure.EmbeddedMongo    : {"t":{"$date":"2024-08-07T16:08:56.745+02:00"},"s":"I",  "c":"REPL",     "id":5123008, "ctx":"main","msg":"Successfully registered PrimaryOnlyService","attr":{"service":"TenantMigrationDonorService","namespace":"config.tenantMigrationDonors"}}
2024-08-07T16:08:56.745+02:00  INFO 20518 --- [      Thread-36] d.f.e.m.s.autoconfigure.EmbeddedMongo    : {"t":{"$date":"2024-08-07T16:08:56.745+02:00"},"s":"I",  "c":"REPL",     "id":5123008, "ctx":"main","msg":"Successfully registered PrimaryOnlyService","attr":{"service":"TenantMigrationRecipientService","namespace":"config.tenantMigrationRecipients"}}
2024-08-07T16:08:56.745+02:00  INFO 20518 --- [      Thread-36] d.f.e.m.s.autoconfigure.EmbeddedMongo    : {"t":{"$date":"2024-08-07T16:08:56.745+02:00"},"s":"I",  "c":"REPL",     "id":5123008, "ctx":"main","msg":"Successfully registered PrimaryOnlyService","attr":{"service":"ShardSplitDonorService","namespace":"config.tenantSplitDonors"}}
2024-08-07T16:08:56.745+02:00  INFO 20518 --- [      Thread-36] d.f.e.m.s.autoconfigure.EmbeddedMongo    : {"t":{"$date":"2024-08-07T16:08:56.745+02:00"},"s":"I",  "c":"CONTROL",  "id":5945603, "ctx":"main","msg":"Multi threading initialized"}
2024-08-07T16:08:56.745+02:00  INFO 20518 --- [      Thread-36] d.f.e.m.s.autoconfigure.EmbeddedMongo    : {"t":{"$date":"2024-08-07T16:08:56.745+02:00"},"s":"I",  "c":"CONTROL",  "id":4615611, "ctx":"initandlisten","msg":"MongoDB starting","attr":{"pid":20991,"port":41081,"dbPath":"/tmp/temp--ce14ee22-3b42-4212-a0d1-29e266cde7c6/mongod-database4091875385974714343","architecture":"64-bit","host":"DNK-PC-RTX"}}
2024-08-07T16:08:56.745+02:00  INFO 20518 --- [      Thread-36] d.f.e.m.s.autoconfigure.EmbeddedMongo    : {"t":{"$date":"2024-08-07T16:08:56.745+02:00"},"s":"I",  "c":"CONTROL",  "id":23403,   "ctx":"initandlisten","msg":"Build Info","attr":{"buildInfo":{"version":"6.0.1","gitVersion":"32f0f9c88dc44a2c8073a5bd47cf779d4bfdee6b","openSSLVersion":"OpenSSL 1.1.1f  31 Mar 2020","modules":[],"allocator":"tcmalloc","environment":{"distmod":"ubuntu2004","distarch":"x86_64","target_arch":"x86_64"}}}}
2024-08-07T16:08:56.745+02:00  INFO 20518 --- [      Thread-36] d.f.e.m.s.autoconfigure.EmbeddedMongo    : {"t":{"$date":"2024-08-07T16:08:56.745+02:00"},"s":"I",  "c":"CONTROL",  "id":51765,   "ctx":"initandlisten","msg":"Operating System","attr":{"os":{"name":"Ubuntu","version":"22.04"}}}
2024-08-07T16:08:56.745+02:00  INFO 20518 --- [      Thread-36] d.f.e.m.s.autoconfigure.EmbeddedMongo    : {"t":{"$date":"2024-08-07T16:08:56.745+02:00"},"s":"I",  "c":"CONTROL",  "id":21951,   "ctx":"initandlisten","msg":"Options set by command line","attr":{"options":{"net":{"bindIp":"127.0.0.1","port":41081},"security":{"authorization":"disabled"},"storage":{"dbPath":"/tmp/temp--ce14ee22-3b42-4212-a0d1-29e266cde7c6/mongod-database4091875385974714343","journal":{"enabled":false},"syncPeriodSecs":0}}}}
2024-08-07T16:08:56.746+02:00  INFO 20518 --- [      Thread-36] d.f.e.m.s.autoconfigure.EmbeddedMongo    : {"t":{"$date":"2024-08-07T16:08:56.746+02:00"},"s":"I",  "c":"STORAGE",  "id":22297,   "ctx":"initandlisten","msg":"Using the XFS filesystem is strongly recommended with the WiredTiger storage engine. See http://dochub.mongodb.org/core/prodnotes-filesystem","tags":["startupWarnings"]}
2024-08-07T16:08:56.746+02:00  INFO 20518 --- [      Thread-36] d.f.e.m.s.autoconfigure.EmbeddedMongo    : {"t":{"$date":"2024-08-07T16:08:56.746+02:00"},"s":"I",  "c":"STORAGE",  "id":22315,   "ctx":"initandlisten","msg":"Opening WiredTiger","attr":{"config":"create,cache_size=3427M,session_max=33000,eviction=(threads_min=4,threads_max=4),config_base=false,statistics=(fast),log=(enabled=true,remove=true,path=journal,compressor=snappy),builtin_extension_config=(zstd=(compression_level=6)),file_manager=(close_idle_time=600,close_scan_interval=10,close_handle_minimum=2000),statistics_log=(wait=0),json_output=(error,message),verbose=[recovery_progress:1,checkpoint_progress:1,compact_progress:1,backup:0,checkpoint:0,compact:0,evict:0,history_store:0,recovery:0,rts:0,salvage:0,tiered:0,timestamp:0,transaction:0,verify:0,log:0],,log=(enabled=false),"}}
2024-08-07T16:08:56.877+02:00  INFO 20518 --- [      Thread-36] d.f.e.m.s.autoconfigure.EmbeddedMongo    : {"t":{"$date":"2024-08-07T16:08:56.877+02:00"},"s":"I",  "c":"STORAGE",  "id":4795906, "ctx":"initandlisten","msg":"WiredTiger opened","attr":{"durationMillis":131}}
2024-08-07T16:08:56.877+02:00  INFO 20518 --- [      Thread-36] d.f.e.m.s.autoconfigure.EmbeddedMongo    : {"t":{"$date":"2024-08-07T16:08:56.877+02:00"},"s":"I",  "c":"RECOVERY", "id":23987,   "ctx":"initandlisten","msg":"WiredTiger recoveryTimestamp","attr":{"recoveryTimestamp":{"$timestamp":{"t":0,"i":0}}}}
2024-08-07T16:08:56.907+02:00  INFO 20518 --- [      Thread-36] d.f.e.m.s.autoconfigure.EmbeddedMongo    : {"t":{"$date":"2024-08-07T16:08:56.907+02:00"},"s":"I",  "c":"WT",       "id":4366408, "ctx":"initandlisten","msg":"No table logging settings modifications are required for existing WiredTiger tables","attr":{"loggingEnabled":true}}
2024-08-07T16:08:56.915+02:00  INFO 20518 --- [      Thread-36] d.f.e.m.s.autoconfigure.EmbeddedMongo    : {"t":{"$date":"2024-08-07T16:08:56.915+02:00"},"s":"W",  "c":"CONTROL",  "id":22178,   "ctx":"initandlisten","msg":"/sys/kernel/mm/transparent_hugepage/enabled is 'always'. We suggest setting it to 'never'","tags":["startupWarnings"]}
2024-08-07T16:08:56.916+02:00  INFO 20518 --- [      Thread-36] d.f.e.m.s.autoconfigure.EmbeddedMongo    : {"t":{"$date":"2024-08-07T16:08:56.915+02:00"},"s":"W",  "c":"CONTROL",  "id":5123300, "ctx":"initandlisten","msg":"vm.max_map_count is too low","attr":{"currentValue":262144,"recommendedMinimum":1677720,"maxConns":838860},"tags":["startupWarnings"]}
2024-08-07T16:08:56.916+02:00  INFO 20518 --- [      Thread-36] d.f.e.m.s.autoconfigure.EmbeddedMongo    : {"t":{"$date":"2024-08-07T16:08:56.915+02:00"},"s":"I",  "c":"STORAGE",  "id":20320,   "ctx":"initandlisten","msg":"createCollection","attr":{"namespace":"admin.system.version","uuidDisposition":"provided","uuid":{"uuid":{"$uuid":"aaa97783-bec3-42c3-b24a-c079ff4260cd"}},"options":{"uuid":{"$uuid":"aaa97783-bec3-42c3-b24a-c079ff4260cd"}}}}
2024-08-07T16:08:56.944+02:00  INFO 20518 --- [      Thread-36] d.f.e.m.s.autoconfigure.EmbeddedMongo    : {"t":{"$date":"2024-08-07T16:08:56.944+02:00"},"s":"I",  "c":"INDEX",    "id":20345,   "ctx":"initandlisten","msg":"Index build: done building","attr":{"buildUUID":null,"collectionUUID":{"uuid":{"$uuid":"aaa97783-bec3-42c3-b24a-c079ff4260cd"}},"namespace":"admin.system.version","index":"_id_","ident":"index-1-6132072520020607891","collectionIdent":"collection-0-6132072520020607891","commitTimestamp":null}}
2024-08-07T16:08:56.944+02:00  INFO 20518 --- [      Thread-36] d.f.e.m.s.autoconfigure.EmbeddedMongo    : {"t":{"$date":"2024-08-07T16:08:56.944+02:00"},"s":"I",  "c":"REPL",     "id":20459,   "ctx":"initandlisten","msg":"Setting featureCompatibilityVersion","attr":{"newVersion":"6.0"}}
2024-08-07T16:08:56.945+02:00  INFO 20518 --- [      Thread-36] d.f.e.m.s.autoconfigure.EmbeddedMongo    : {"t":{"$date":"2024-08-07T16:08:56.944+02:00"},"s":"I",  "c":"REPL",     "id":5853300, "ctx":"initandlisten","msg":"current featureCompatibilityVersion value","attr":{"featureCompatibilityVersion":"6.0","context":"setFCV"}}
2024-08-07T16:08:56.945+02:00  INFO 20518 --- [      Thread-36] d.f.e.m.s.autoconfigure.EmbeddedMongo    : {"t":{"$date":"2024-08-07T16:08:56.944+02:00"},"s":"I",  "c":"NETWORK",  "id":4915702, "ctx":"initandlisten","msg":"Updated wire specification","attr":{"oldSpec":{"incomingExternalClient":{"minWireVersion":0,"maxWireVersion":17},"incomingInternalClient":{"minWireVersion":0,"maxWireVersion":17},"outgoing":{"minWireVersion":6,"maxWireVersion":17},"isInternalClient":true},"newSpec":{"incomingExternalClient":{"minWireVersion":0,"maxWireVersion":17},"incomingInternalClient":{"minWireVersion":17,"maxWireVersion":17},"outgoing":{"minWireVersion":17,"maxWireVersion":17},"isInternalClient":true}}}
2024-08-07T16:08:56.945+02:00  INFO 20518 --- [      Thread-36] d.f.e.m.s.autoconfigure.EmbeddedMongo    : {"t":{"$date":"2024-08-07T16:08:56.944+02:00"},"s":"I",  "c":"NETWORK",  "id":4915702, "ctx":"initandlisten","msg":"Updated wire specification","attr":{"oldSpec":{"incomingExternalClient":{"minWireVersion":0,"maxWireVersion":17},"incomingInternalClient":{"minWireVersion":17,"maxWireVersion":17},"outgoing":{"minWireVersion":17,"maxWireVersion":17},"isInternalClient":true},"newSpec":{"incomingExternalClient":{"minWireVersion":0,"maxWireVersion":17},"incomingInternalClient":{"minWireVersion":17,"maxWireVersion":17},"outgoing":{"minWireVersion":17,"maxWireVersion":17},"isInternalClient":true}}}
2024-08-07T16:08:56.945+02:00  INFO 20518 --- [      Thread-36] d.f.e.m.s.autoconfigure.EmbeddedMongo    : {"t":{"$date":"2024-08-07T16:08:56.944+02:00"},"s":"I",  "c":"REPL",     "id":5853300, "ctx":"initandlisten","msg":"current featureCompatibilityVersion value","attr":{"featureCompatibilityVersion":"6.0","context":"startup"}}
2024-08-07T16:08:56.945+02:00  INFO 20518 --- [      Thread-36] d.f.e.m.s.autoconfigure.EmbeddedMongo    : {"t":{"$date":"2024-08-07T16:08:56.944+02:00"},"s":"I",  "c":"STORAGE",  "id":5071100, "ctx":"initandlisten","msg":"Clearing temp directory"}
2024-08-07T16:08:56.945+02:00  INFO 20518 --- [      Thread-36] d.f.e.m.s.autoconfigure.EmbeddedMongo    : {"t":{"$date":"2024-08-07T16:08:56.944+02:00"},"s":"I",  "c":"CONTROL",  "id":20536,   "ctx":"initandlisten","msg":"Flow Control is enabled on this deployment"}
2024-08-07T16:08:56.945+02:00  INFO 20518 --- [      Thread-36] d.f.e.m.s.autoconfigure.EmbeddedMongo    : {"t":{"$date":"2024-08-07T16:08:56.944+02:00"},"s":"I",  "c":"FTDC",     "id":20625,   "ctx":"initandlisten","msg":"Initializing full-time diagnostic data capture","attr":{"dataDirectory":"/tmp/temp--ce14ee22-3b42-4212-a0d1-29e266cde7c6/mongod-database4091875385974714343/diagnostic.data"}}
2024-08-07T16:08:56.945+02:00  INFO 20518 --- [      Thread-36] d.f.e.m.s.autoconfigure.EmbeddedMongo    : {"t":{"$date":"2024-08-07T16:08:56.945+02:00"},"s":"I",  "c":"STORAGE",  "id":20320,   "ctx":"initandlisten","msg":"createCollection","attr":{"namespace":"local.startup_log","uuidDisposition":"generated","uuid":{"uuid":{"$uuid":"44209d52-8213-443b-bc44-b121d71f620a"}},"options":{"capped":true,"size":10485760}}}
2024-08-07T16:08:56.979+02:00  INFO 20518 --- [      Thread-36] d.f.e.m.s.autoconfigure.EmbeddedMongo    : {"t":{"$date":"2024-08-07T16:08:56.979+02:00"},"s":"I",  "c":"INDEX",    "id":20345,   "ctx":"initandlisten","msg":"Index build: done building","attr":{"buildUUID":null,"collectionUUID":{"uuid":{"$uuid":"44209d52-8213-443b-bc44-b121d71f620a"}},"namespace":"local.startup_log","index":"_id_","ident":"index-3-6132072520020607891","collectionIdent":"collection-2-6132072520020607891","commitTimestamp":null}}
2024-08-07T16:08:56.980+02:00  INFO 20518 --- [      Thread-36] d.f.e.m.s.autoconfigure.EmbeddedMongo    : {"t":{"$date":"2024-08-07T16:08:56.979+02:00"},"s":"I",  "c":"REPL",     "id":6015317, "ctx":"initandlisten","msg":"Setting new configuration state","attr":{"newState":"ConfigReplicationDisabled","oldState":"ConfigPreStart"}}
2024-08-07T16:08:56.980+02:00  INFO 20518 --- [      Thread-36] d.f.e.m.s.autoconfigure.EmbeddedMongo    : {"t":{"$date":"2024-08-07T16:08:56.979+02:00"},"s":"I",  "c":"STORAGE",  "id":22262,   "ctx":"initandlisten","msg":"Timestamp monitor starting"}
2024-08-07T16:08:56.981+02:00  INFO 20518 --- [      Thread-36] d.f.e.m.s.autoconfigure.EmbeddedMongo    : {"t":{"$date":"2024-08-07T16:08:56.980+02:00"},"s":"I",  "c":"CONTROL",  "id":20712,   "ctx":"LogicalSessionCacheReap","msg":"Sessions collection is not set up; waiting until next sessions reap interval","attr":{"error":"NamespaceNotFound: config.system.sessions does not exist"}}
2024-08-07T16:08:56.981+02:00  INFO 20518 --- [      Thread-36] d.f.e.m.s.autoconfigure.EmbeddedMongo    : {"t":{"$date":"2024-08-07T16:08:56.981+02:00"},"s":"I",  "c":"STORAGE",  "id":20320,   "ctx":"LogicalSessionCacheRefresh","msg":"createCollection","attr":{"namespace":"config.system.sessions","uuidDisposition":"generated","uuid":{"uuid":{"$uuid":"3c9b25e7-e4fb-40d4-9a87-7497c9a271b7"}},"options":{}}}
2024-08-07T16:08:56.981+02:00  INFO 20518 --- [      Thread-36] d.f.e.m.s.autoconfigure.EmbeddedMongo    : {"t":{"$date":"2024-08-07T16:08:56.981+02:00"},"s":"I",  "c":"NETWORK",  "id":23015,   "ctx":"listener","msg":"Listening on","attr":{"address":"/tmp/mongodb-41081.sock"}}
2024-08-07T16:08:56.981+02:00  INFO 20518 --- [      Thread-36] d.f.e.m.s.autoconfigure.EmbeddedMongo    : {"t":{"$date":"2024-08-07T16:08:56.981+02:00"},"s":"I",  "c":"NETWORK",  "id":23015,   "ctx":"listener","msg":"Listening on","attr":{"address":"127.0.0.1"}}
2024-08-07T16:08:56.981+02:00  INFO 20518 --- [      Thread-36] d.f.e.m.s.autoconfigure.EmbeddedMongo    : {"t":{"$date":"2024-08-07T16:08:56.981+02:00"},"s":"I",  "c":"NETWORK",  "id":23016,   "ctx":"listener","msg":"Waiting for connections","attr":{"port":41081,"ssl":"off"}}
2024-08-07T16:08:56.986+02:00  INFO 20518 --- [      Thread-36] d.f.e.m.s.autoconfigure.EmbeddedMongo    : {"t":{"$date":"2024-08-07T16:08:56.986+02:00"},"s":"I",  "c":"NETWORK",  "id":22943,   "ctx":"listener","msg":"Connection accepted","attr":{"remote":"127.0.0.1:52748","uuid":"0e52dd1f-346d-4714-b5cd-41e90266624d","connectionId":1,"connectionCount":1}}
2024-08-07T16:08:56.986+02:00  INFO 20518 --- [           main] org.mongodb.driver.client                : MongoClient with metadata {"driver": {"name": "mongo-java-driver|sync|spring-boot", "version": "4.9.1"}, "os": {"type": "Linux", "name": "Linux", "architecture": "amd64", "version": "5.15.153.1-microsoft-standard-WSL2"}, "platform": "Java/Ubuntu/21.0.4+7-Ubuntu-1ubuntu222.04"} created with settings MongoClientSettings{readPreference=primary, writeConcern=WriteConcern{w=null, wTimeout=null ms, journal=null}, retryWrites=true, retryReads=true, readConcern=ReadConcern{level=null}, credential=null, streamFactoryFactory=null, commandListeners=[], codecRegistry=ProvidersCodecRegistry{codecProviders=[ValueCodecProvider{}, BsonValueCodecProvider{}, DBRefCodecProvider{}, DBObjectCodecProvider{}, DocumentCodecProvider{}, CollectionCodecProvider{}, IterableCodecProvider{}, MapCodecProvider{}, GeoJsonCodecProvider{}, GridFSFileCodecProvider{}, Jsr310CodecProvider{}, JsonObjectCodecProvider{}, BsonCodecProvider{}, EnumCodecProvider{}, com.mongodb.client.model.mql.ExpressionCodecProvider@4cf1ba4e, com.mongodb.Jep395RecordCodecProvider@23368646]}, loggerSettings=LoggerSettings{maxDocumentLength=1000}, clusterSettings={hosts=[localhost:41081], srvServiceName=mongodb, mode=SINGLE, requiredClusterType=UNKNOWN, requiredReplicaSetName='null', serverSelector='null', clusterListeners='[]', serverSelectionTimeout='30000 ms', localThreshold='30000 ms'}, socketSettings=SocketSettings{connectTimeoutMS=10000, readTimeoutMS=0, receiveBufferSize=0, sendBufferSize=0}, heartbeatSocketSettings=SocketSettings{connectTimeoutMS=10000, readTimeoutMS=10000, receiveBufferSize=0, sendBufferSize=0}, connectionPoolSettings=ConnectionPoolSettings{maxSize=100, minSize=0, maxWaitTimeMS=120000, maxConnectionLifeTimeMS=0, maxConnectionIdleTimeMS=0, maintenanceInitialDelayMS=0, maintenanceFrequencyMS=60000, connectionPoolListeners=[], maxConnecting=2}, serverSettings=ServerSettings{heartbeatFrequencyMS=10000, minHeartbeatFrequencyMS=500, serverListeners='[]', serverMonitorListeners='[]'}, sslSettings=SslSettings{enabled=false, invalidHostNameAllowed=false, context=null}, applicationName='null', compressorList=[], uuidRepresentation=JAVA_LEGACY, serverApi=null, autoEncryptionSettings=null, contextProvider=null}
2024-08-07T16:08:56.986+02:00  INFO 20518 --- [      Thread-36] d.f.e.m.s.autoconfigure.EmbeddedMongo    : {"t":{"$date":"2024-08-07T16:08:56.986+02:00"},"s":"I",  "c":"NETWORK",  "id":22943,   "ctx":"listener","msg":"Connection accepted","attr":{"remote":"127.0.0.1:52750","uuid":"5e9ec2da-0899-4010-add0-c232b105a49a","connectionId":2,"connectionCount":2}}
2024-08-07T16:08:56.987+02:00  INFO 20518 --- [      Thread-36] d.f.e.m.s.autoconfigure.EmbeddedMongo    : {"t":{"$date":"2024-08-07T16:08:56.986+02:00"},"s":"I",  "c":"NETWORK",  "id":51800,   "ctx":"conn1","msg":"client metadata","attr":{"remote":"127.0.0.1:52748","client":"conn1","doc":{"driver":{"name":"mongo-java-driver|sync|spring-boot","version":"4.9.1"},"os":{"type":"Linux","name":"Linux","architecture":"amd64","version":"5.15.153.1-microsoft-standard-WSL2"},"platform":"Java/Ubuntu/21.0.4+7-Ubuntu-1ubuntu222.04"}}}
2024-08-07T16:08:56.987+02:00  INFO 20518 --- [      Thread-36] d.f.e.m.s.autoconfigure.EmbeddedMongo    : {"t":{"$date":"2024-08-07T16:08:56.986+02:00"},"s":"I",  "c":"NETWORK",  "id":51800,   "ctx":"conn2","msg":"client metadata","attr":{"remote":"127.0.0.1:52750","client":"conn2","doc":{"driver":{"name":"mongo-java-driver|sync|spring-boot","version":"4.9.1"},"os":{"type":"Linux","name":"Linux","architecture":"amd64","version":"5.15.153.1-microsoft-standard-WSL2"},"platform":"Java/Ubuntu/21.0.4+7-Ubuntu-1ubuntu222.04"}}}
2024-08-07T16:08:56.987+02:00  INFO 20518 --- [localhost:41081] org.mongodb.driver.cluster               : Monitor thread successfully connected to server with description ServerDescription{address=localhost:41081, type=STANDALONE, state=CONNECTED, ok=true, minWireVersion=0, maxWireVersion=17, maxDocumentSize=16777216, logicalSessionTimeoutMinutes=30, roundTripTimeNanos=1047752}
2024-08-07T16:08:57.057+02:00  INFO 20518 --- [      Thread-36] d.f.e.m.s.autoconfigure.EmbeddedMongo    : {"t":{"$date":"2024-08-07T16:08:57.057+02:00"},"s":"I",  "c":"INDEX",    "id":20345,   "ctx":"LogicalSessionCacheRefresh","msg":"Index build: done building","attr":{"buildUUID":null,"collectionUUID":{"uuid":{"$uuid":"3c9b25e7-e4fb-40d4-9a87-7497c9a271b7"}},"namespace":"config.system.sessions","index":"_id_","ident":"index-5-6132072520020607891","collectionIdent":"collection-4-6132072520020607891","commitTimestamp":null}}
2024-08-07T16:08:57.057+02:00  INFO 20518 --- [      Thread-36] d.f.e.m.s.autoconfigure.EmbeddedMongo    : {"t":{"$date":"2024-08-07T16:08:57.057+02:00"},"s":"I",  "c":"INDEX",    "id":20345,   "ctx":"LogicalSessionCacheRefresh","msg":"Index build: done building","attr":{"buildUUID":null,"collectionUUID":{"uuid":{"$uuid":"3c9b25e7-e4fb-40d4-9a87-7497c9a271b7"}},"namespace":"config.system.sessions","index":"lsidTTLIndex","ident":"index-6-6132072520020607891","collectionIdent":"collection-4-6132072520020607891","commitTimestamp":null}}
2024-08-07T16:08:57.395+02:00  INFO 20518 --- [      Thread-36] d.f.e.m.s.autoconfigure.EmbeddedMongo    : {"t":{"$date":"2024-08-07T16:08:57.395+02:00"},"s":"I",  "c":"NETWORK",  "id":22943,   "ctx":"listener","msg":"Connection accepted","attr":{"remote":"127.0.0.1:52766","uuid":"7a8ddac7-42dd-4cce-b9d5-5348291d3ff9","connectionId":3,"connectionCount":3}}
2024-08-07T16:08:57.395+02:00  INFO 20518 --- [      Thread-36] d.f.e.m.s.autoconfigure.EmbeddedMongo    : {"t":{"$date":"2024-08-07T16:08:57.395+02:00"},"s":"I",  "c":"NETWORK",  "id":51800,   "ctx":"conn3","msg":"client metadata","attr":{"remote":"127.0.0.1:52766","client":"conn3","doc":{"driver":{"name":"mongo-java-driver|sync|spring-boot","version":"4.9.1"},"os":{"type":"Linux","name":"Linux","architecture":"amd64","version":"5.15.153.1-microsoft-standard-WSL2"},"platform":"Java/Ubuntu/21.0.4+7-Ubuntu-1ubuntu222.04"}}}
2024-08-07T16:08:57.645+02:00  INFO 20518 --- [      Thread-36] d.f.e.m.s.autoconfigure.EmbeddedMongo    : {"t":{"$date":"2024-08-07T16:08:57.645+02:00"},"s":"I",  "c":"STORAGE",  "id":20320,   "ctx":"conn3","msg":"createCollection","attr":{"namespace":"test.card","uuidDisposition":"generated","uuid":{"uuid":{"$uuid":"7988cd30-ab15-4d12-9dfc-c02cfcbef362"}},"options":{}}}
2024-08-07T16:08:57.679+02:00  INFO 20518 --- [      Thread-36] d.f.e.m.s.autoconfigure.EmbeddedMongo    : {"t":{"$date":"2024-08-07T16:08:57.679+02:00"},"s":"I",  "c":"INDEX",    "id":20345,   "ctx":"conn3","msg":"Index build: done building","attr":{"buildUUID":null,"collectionUUID":{"uuid":{"$uuid":"7988cd30-ab15-4d12-9dfc-c02cfcbef362"}},"namespace":"test.card","index":"_id_","ident":"index-8-6132072520020607891","collectionIdent":"collection-7-6132072520020607891","commitTimestamp":null}}
2024-08-07T16:08:57.718+02:00  INFO 20518 --- [           main] o.s.s.web.DefaultSecurityFilterChain     : Will secure any request with [org.springframework.security.web.session.DisableEncodeUrlFilter@3271658, org.springframework.security.web.session.ForceEagerSessionCreationFilter@5759370a, org.springframework.security.web.context.request.async.WebAsyncManagerIntegrationFilter@3a689b24, org.springframework.security.web.context.SecurityContextHolderFilter@22624c80, org.springframework.security.web.header.HeaderWriterFilter@4481c0a7, org.springframework.security.web.csrf.CsrfFilter@21557e98, org.springframework.security.web.authentication.logout.LogoutFilter@38f89c02, org.springframework.security.web.authentication.www.BasicAuthenticationFilter@6fb763bd, org.springframework.security.web.savedrequest.RequestCacheAwareFilter@201ef0d0, org.springframework.security.web.servletapi.SecurityContextHolderAwareRequestFilter@6a50888c, org.springframework.security.web.authentication.AnonymousAuthenticationFilter@5921db2a, org.springframework.security.web.session.SessionManagementFilter@28c946bf, org.springframework.security.web.access.ExceptionTranslationFilter@62cc064a, org.springframework.security.web.access.intercept.AuthorizationFilter@7f438d3e]
2024-08-07T16:08:57.777+02:00  INFO 20518 --- [           main] o.s.b.t.m.w.SpringBootMockServletContext : Initializing Spring TestDispatcherServlet ''
2024-08-07T16:08:57.777+02:00  INFO 20518 --- [           main] o.s.t.web.servlet.TestDispatcherServlet  : Initializing Servlet ''
2024-08-07T16:08:57.777+02:00  INFO 20518 --- [           main] o.s.t.web.servlet.TestDispatcherServlet  : Completed initialization in 0 ms
2024-08-07T16:08:57.782+02:00  INFO 20518 --- [           main] c.g.w.b.s.MongoUserControllerTest        : Started MongoUserControllerTest in 1.237 seconds (process running for 17.771)
2024-08-07T16:08:58.508+02:00  INFO 20518 --- [      Thread-36] d.f.e.m.s.autoconfigure.EmbeddedMongo    : {"t":{"$date":"2024-08-07T16:08:58.508+02:00"},"s":"I",  "c":"NETWORK",  "id":22943,   "ctx":"listener","msg":"Connection accepted","attr":{"remote":"127.0.0.1:52774","uuid":"035daedd-85e8-4de3-b104-1164a452166d","connectionId":4,"connectionCount":4}}
2024-08-07T16:08:58.508+02:00  INFO 20518 --- [      Thread-36] d.f.e.m.s.autoconfigure.EmbeddedMongo    : {"t":{"$date":"2024-08-07T16:08:58.508+02:00"},"s":"I",  "c":"NETWORK",  "id":51800,   "ctx":"conn4","msg":"client metadata","attr":{"remote":"127.0.0.1:52774","client":"conn4","doc":{"driver":{"name":"mongo-java-driver|sync|spring-boot","version":"4.9.1"},"os":{"type":"Linux","name":"Linux","architecture":"amd64","version":"5.15.153.1-microsoft-standard-WSL2"},"platform":"Java/Ubuntu/21.0.4+7-Ubuntu-1ubuntu222.04"}}}
2024-08-07T16:08:58.509+02:00  INFO 20518 --- [      Thread-36] d.f.e.m.s.autoconfigure.EmbeddedMongo    : {"t":{"$date":"2024-08-07T16:08:58.509+02:00"},"s":"I",  "c":"STORAGE",  "id":20320,   "ctx":"conn4","msg":"createCollection","attr":{"namespace":"test.users","uuidDisposition":"generated","uuid":{"uuid":{"$uuid":"3626cd62-034b-4fc8-bbcf-0640a80137db"}},"options":{}}}
2024-08-07T16:08:58.547+02:00  INFO 20518 --- [      Thread-36] d.f.e.m.s.autoconfigure.EmbeddedMongo    : {"t":{"$date":"2024-08-07T16:08:58.547+02:00"},"s":"I",  "c":"INDEX",    "id":20345,   "ctx":"conn4","msg":"Index build: done building","attr":{"buildUUID":null,"collectionUUID":{"uuid":{"$uuid":"3626cd62-034b-4fc8-bbcf-0640a80137db"}},"namespace":"test.users","index":"_id_","ident":"index-10-6132072520020607891","collectionIdent":"collection-9-6132072520020607891","commitTimestamp":null}}
]]></system-out>
  </testcase>
  <testcase name="expectTestAvatar_AfterSetAvatar" classname="com.github.wekaito.backend.security.MongoUserControllerTest" time="2.311">
    <system-out><![CDATA[2024-08-07T16:09:00.579+02:00  INFO 20518 --- [      Thread-36] d.f.e.m.s.autoconfigure.EmbeddedMongo    : {"t":{"$date":"2024-08-07T16:09:00.579+02:00"},"s":"I",  "c":"NETWORK",  "id":22944,   "ctx":"conn4","msg":"Connection ended","attr":{"remote":"127.0.0.1:52774","uuid":"035daedd-85e8-4de3-b104-1164a452166d","connectionId":4,"connectionCount":3}}
2024-08-07T16:09:00.579+02:00  INFO 20518 --- [      Thread-36] d.f.e.m.s.autoconfigure.EmbeddedMongo    : {"t":{"$date":"2024-08-07T16:09:00.579+02:00"},"s":"I",  "c":"NETWORK",  "id":22944,   "ctx":"conn3","msg":"Connection ended","attr":{"remote":"127.0.0.1:52766","uuid":"7a8ddac7-42dd-4cce-b9d5-5348291d3ff9","connectionId":3,"connectionCount":2}}
2024-08-07T16:09:00.579+02:00  INFO 20518 --- [      Thread-36] d.f.e.m.s.autoconfigure.EmbeddedMongo    : {"t":{"$date":"2024-08-07T16:09:00.579+02:00"},"s":"I",  "c":"-",        "id":20883,   "ctx":"conn1","msg":"Interrupted operation as its client disconnected","attr":{"opId":12}}
2024-08-07T16:09:00.579+02:00  INFO 20518 --- [      Thread-36] d.f.e.m.s.autoconfigure.EmbeddedMongo    : {"t":{"$date":"2024-08-07T16:09:00.579+02:00"},"s":"I",  "c":"NETWORK",  "id":22944,   "ctx":"conn2","msg":"Connection ended","attr":{"remote":"127.0.0.1:52750","uuid":"5e9ec2da-0899-4010-add0-c232b105a49a","connectionId":2,"connectionCount":1}}
2024-08-07T16:09:00.579+02:00  INFO 20518 --- [      Thread-36] d.f.e.m.s.autoconfigure.EmbeddedMongo    : {"t":{"$date":"2024-08-07T16:09:00.579+02:00"},"s":"I",  "c":"NETWORK",  "id":22944,   "ctx":"conn1","msg":"Connection ended","attr":{"remote":"127.0.0.1:52748","uuid":"0e52dd1f-346d-4714-b5cd-41e90266624d","connectionId":1,"connectionCount":0}}
2024-08-07T16:09:00.579+02:00  INFO 20518 --- [      Thread-36] d.f.e.m.s.autoconfigure.EmbeddedMongo    : {"t":{"$date":"2024-08-07T16:09:00.579+02:00"},"s":"I",  "c":"NETWORK",  "id":22943,   "ctx":"listener","msg":"Connection accepted","attr":{"remote":"127.0.0.1:52782","uuid":"b4305c4b-d358-459b-afb8-8ae66e167135","connectionId":5,"connectionCount":1}}
2024-08-07T16:09:00.579+02:00  INFO 20518 --- [      Thread-36] d.f.e.m.s.autoconfigure.EmbeddedMongo    : {"t":{"$date":"2024-08-07T16:09:00.579+02:00"},"s":"W",  "c":"COMMAND",  "id":5578800, "ctx":"conn5","msg":"Received wire protocol op code or command that is no longer supported. The client driver may require an upgrade. For more details see https://dochub.mongodb.org/core/legacy-opcode-removal","attr":{"op":"query","clientInfo":{"address":"127.0.0.1:52782"}}}
2024-08-07T16:09:00.579+02:00 ERROR 20518 --- [           main] d.flapdoodle.embed.mongo.runtime.Mongod  : Got some response, should be an error message
2024-08-07T16:09:00.580+02:00  INFO 20518 --- [      Thread-36] d.f.e.m.s.autoconfigure.EmbeddedMongo    : {"t":{"$date":"2024-08-07T16:09:00.580+02:00"},"s":"I",  "c":"NETWORK",  "id":22944,   "ctx":"conn5","msg":"Connection ended","attr":{"remote":"127.0.0.1:52782","uuid":"b4305c4b-d358-459b-afb8-8ae66e167135","connectionId":5,"connectionCount":0}}
2024-08-07T16:09:00.680+02:00  INFO 20518 --- [      Thread-36] d.f.e.m.s.autoconfigure.EmbeddedMongo    : {"t":{"$date":"2024-08-07T16:09:00.680+02:00"},"s":"I",  "c":"NETWORK",  "id":22943,   "ctx":"listener","msg":"Connection accepted","attr":{"remote":"127.0.0.1:52788","uuid":"8a473769-b4ec-4e74-966b-aa029dc4fc6d","connectionId":6,"connectionCount":1}}
2024-08-07T16:09:00.680+02:00  INFO 20518 --- [      Thread-36] d.f.e.m.s.autoconfigure.EmbeddedMongo    : {"t":{"$date":"2024-08-07T16:09:00.680+02:00"},"s":"I",  "c":"COMMAND",  "id":4695400, "ctx":"conn6","msg":"Terminating via shutdown command","attr":{"force":false,"timeoutMillis":15000}}
2024-08-07T16:09:00.681+02:00  INFO 20518 --- [      Thread-36] d.f.e.m.s.autoconfigure.EmbeddedMongo    : {"t":{"$date":"2024-08-07T16:09:00.681+02:00"},"s":"I",  "c":"REPL",     "id":4794602, "ctx":"thread32","msg":"Attempting to enter quiesce mode"}
2024-08-07T16:09:00.681+02:00  INFO 20518 --- [      Thread-36] d.f.e.m.s.autoconfigure.EmbeddedMongo    : {"t":{"$date":"2024-08-07T16:09:00.681+02:00"},"s":"I",  "c":"-",        "id":6371601, "ctx":"thread32","msg":"Shutting down the FLE Crud thread pool"}
2024-08-07T16:09:00.681+02:00  INFO 20518 --- [      Thread-36] d.f.e.m.s.autoconfigure.EmbeddedMongo    : {"t":{"$date":"2024-08-07T16:09:00.681+02:00"},"s":"I",  "c":"COMMAND",  "id":4784901, "ctx":"thread32","msg":"Shutting down the MirrorMaestro"}
2024-08-07T16:09:00.681+02:00  INFO 20518 --- [      Thread-36] d.f.e.m.s.autoconfigure.EmbeddedMongo    : {"t":{"$date":"2024-08-07T16:09:00.681+02:00"},"s":"I",  "c":"SHARDING", "id":4784902, "ctx":"thread32","msg":"Shutting down the WaitForMajorityService"}
2024-08-07T16:09:00.681+02:00  INFO 20518 --- [      Thread-36] d.f.e.m.s.autoconfigure.EmbeddedMongo    : {"t":{"$date":"2024-08-07T16:09:00.681+02:00"},"s":"I",  "c":"CONTROL",  "id":4784903, "ctx":"thread32","msg":"Shutting down the LogicalSessionCache"}
2024-08-07T16:09:00.681+02:00  INFO 20518 --- [      Thread-36] d.f.e.m.s.autoconfigure.EmbeddedMongo    : {"t":{"$date":"2024-08-07T16:09:00.681+02:00"},"s":"I",  "c":"NETWORK",  "id":20562,   "ctx":"thread32","msg":"Shutdown: going to close listening sockets"}
2024-08-07T16:09:00.681+02:00  INFO 20518 --- [      Thread-36] d.f.e.m.s.autoconfigure.EmbeddedMongo    : {"t":{"$date":"2024-08-07T16:09:00.681+02:00"},"s":"I",  "c":"NETWORK",  "id":23017,   "ctx":"listener","msg":"removing socket file","attr":{"path":"/tmp/mongodb-41081.sock"}}
2024-08-07T16:09:00.682+02:00  INFO 20518 --- [      Thread-36] d.f.e.m.s.autoconfigure.EmbeddedMongo    : {"t":{"$date":"2024-08-07T16:09:00.682+02:00"},"s":"I",  "c":"NETWORK",  "id":4784905, "ctx":"thread32","msg":"Shutting down the global connection pool"}
2024-08-07T16:09:00.682+02:00  INFO 20518 --- [      Thread-36] d.f.e.m.s.autoconfigure.EmbeddedMongo    : {"t":{"$date":"2024-08-07T16:09:00.682+02:00"},"s":"I",  "c":"CONTROL",  "id":4784906, "ctx":"thread32","msg":"Shutting down the FlowControlTicketholder"}
2024-08-07T16:09:00.682+02:00  INFO 20518 --- [      Thread-36] d.f.e.m.s.autoconfigure.EmbeddedMongo    : {"t":{"$date":"2024-08-07T16:09:00.682+02:00"},"s":"I",  "c":"-",        "id":20520,   "ctx":"thread32","msg":"Stopping further Flow Control ticket acquisitions."}
2024-08-07T16:09:00.682+02:00  INFO 20518 --- [      Thread-36] d.f.e.m.s.autoconfigure.EmbeddedMongo    : {"t":{"$date":"2024-08-07T16:09:00.682+02:00"},"s":"I",  "c":"CONTROL",  "id":4784908, "ctx":"thread32","msg":"Shutting down the PeriodicThreadToAbortExpiredTransactions"}
2024-08-07T16:09:00.682+02:00  INFO 20518 --- [      Thread-36] d.f.e.m.s.autoconfigure.EmbeddedMongo    : {"t":{"$date":"2024-08-07T16:09:00.682+02:00"},"s":"I",  "c":"REPL",     "id":4784909, "ctx":"thread32","msg":"Shutting down the ReplicationCoordinator"}
2024-08-07T16:09:00.682+02:00  INFO 20518 --- [      Thread-36] d.f.e.m.s.autoconfigure.EmbeddedMongo    : {"t":{"$date":"2024-08-07T16:09:00.682+02:00"},"s":"I",  "c":"SHARDING", "id":4784910, "ctx":"thread32","msg":"Shutting down the ShardingInitializationMongoD"}
2024-08-07T16:09:00.682+02:00  INFO 20518 --- [      Thread-36] d.f.e.m.s.autoconfigure.EmbeddedMongo    : {"t":{"$date":"2024-08-07T16:09:00.682+02:00"},"s":"I",  "c":"REPL",     "id":4784911, "ctx":"thread32","msg":"Enqueuing the ReplicationStateTransitionLock for shutdown"}
2024-08-07T16:09:00.682+02:00  INFO 20518 --- [      Thread-36] d.f.e.m.s.autoconfigure.EmbeddedMongo    : {"t":{"$date":"2024-08-07T16:09:00.682+02:00"},"s":"I",  "c":"-",        "id":4784912, "ctx":"thread32","msg":"Killing all operations for shutdown"}
2024-08-07T16:09:00.682+02:00  INFO 20518 --- [      Thread-36] d.f.e.m.s.autoconfigure.EmbeddedMongo    : {"t":{"$date":"2024-08-07T16:09:00.682+02:00"},"s":"I",  "c":"-",        "id":4695300, "ctx":"thread32","msg":"Interrupted all currently running operations","attr":{"opsKilled":3}}
2024-08-07T16:09:00.682+02:00  INFO 20518 --- [      Thread-36] d.f.e.m.s.autoconfigure.EmbeddedMongo    : {"t":{"$date":"2024-08-07T16:09:00.682+02:00"},"s":"I",  "c":"TENANT_M", "id":5093807, "ctx":"thread32","msg":"Shutting down all TenantMigrationAccessBlockers on global shutdown"}
2024-08-07T16:09:00.682+02:00  INFO 20518 --- [      Thread-36] d.f.e.m.s.autoconfigure.EmbeddedMongo    : {"t":{"$date":"2024-08-07T16:09:00.682+02:00"},"s":"I",  "c":"COMMAND",  "id":4784913, "ctx":"thread32","msg":"Shutting down all open transactions"}
2024-08-07T16:09:00.682+02:00  INFO 20518 --- [      Thread-36] d.f.e.m.s.autoconfigure.EmbeddedMongo    : {"t":{"$date":"2024-08-07T16:09:00.682+02:00"},"s":"I",  "c":"REPL",     "id":4784914, "ctx":"thread32","msg":"Acquiring the ReplicationStateTransitionLock for shutdown"}
2024-08-07T16:09:00.682+02:00  INFO 20518 --- [      Thread-36] d.f.e.m.s.autoconfigure.EmbeddedMongo    : {"t":{"$date":"2024-08-07T16:09:00.682+02:00"},"s":"I",  "c":"INDEX",    "id":4784915, "ctx":"thread32","msg":"Shutting down the IndexBuildsCoordinator"}
2024-08-07T16:09:00.682+02:00  INFO 20518 --- [      Thread-36] d.f.e.m.s.autoconfigure.EmbeddedMongo    : {"t":{"$date":"2024-08-07T16:09:00.682+02:00"},"s":"I",  "c":"NETWORK",  "id":4784918, "ctx":"thread32","msg":"Shutting down the ReplicaSetMonitor"}
2024-08-07T16:09:00.682+02:00  INFO 20518 --- [      Thread-36] d.f.e.m.s.autoconfigure.EmbeddedMongo    : {"t":{"$date":"2024-08-07T16:09:00.682+02:00"},"s":"I",  "c":"SHARDING", "id":4784921, "ctx":"thread32","msg":"Shutting down the MigrationUtilExecutor"}
2024-08-07T16:09:00.682+02:00  INFO 20518 --- [      Thread-36] d.f.e.m.s.autoconfigure.EmbeddedMongo    : {"t":{"$date":"2024-08-07T16:09:00.682+02:00"},"s":"I",  "c":"ASIO",     "id":22582,   "ctx":"MigrationUtil-TaskExecutor","msg":"Killing all outstanding egress activity."}
2024-08-07T16:09:00.682+02:00  INFO 20518 --- [      Thread-36] d.f.e.m.s.autoconfigure.EmbeddedMongo    : {"t":{"$date":"2024-08-07T16:09:00.682+02:00"},"s":"I",  "c":"COMMAND",  "id":4784923, "ctx":"thread32","msg":"Shutting down the ServiceEntryPoint"}
2024-08-07T16:09:00.682+02:00  INFO 20518 --- [      Thread-36] d.f.e.m.s.autoconfigure.EmbeddedMongo    : {"t":{"$date":"2024-08-07T16:09:00.682+02:00"},"s":"I",  "c":"CONTROL",  "id":4784925, "ctx":"thread32","msg":"Shutting down free monitoring"}
2024-08-07T16:09:00.682+02:00  INFO 20518 --- [      Thread-36] d.f.e.m.s.autoconfigure.EmbeddedMongo    : {"t":{"$date":"2024-08-07T16:09:00.682+02:00"},"s":"I",  "c":"CONTROL",  "id":20609,   "ctx":"thread32","msg":"Shutting down free monitoring"}
2024-08-07T16:09:00.682+02:00  INFO 20518 --- [      Thread-36] d.f.e.m.s.autoconfigure.EmbeddedMongo    : {"t":{"$date":"2024-08-07T16:09:00.682+02:00"},"s":"I",  "c":"CONTROL",  "id":4784927, "ctx":"thread32","msg":"Shutting down the HealthLog"}
2024-08-07T16:09:00.682+02:00  INFO 20518 --- [      Thread-36] d.f.e.m.s.autoconfigure.EmbeddedMongo    : {"t":{"$date":"2024-08-07T16:09:00.682+02:00"},"s":"I",  "c":"CONTROL",  "id":4784928, "ctx":"thread32","msg":"Shutting down the TTL monitor"}
2024-08-07T16:09:00.682+02:00  INFO 20518 --- [      Thread-36] d.f.e.m.s.autoconfigure.EmbeddedMongo    : {"t":{"$date":"2024-08-07T16:09:00.682+02:00"},"s":"I",  "c":"INDEX",    "id":3684100, "ctx":"thread32","msg":"Shutting down TTL collection monitor thread"}
2024-08-07T16:09:00.683+02:00  INFO 20518 --- [      Thread-36] d.f.e.m.s.autoconfigure.EmbeddedMongo    : {"t":{"$date":"2024-08-07T16:09:00.682+02:00"},"s":"I",  "c":"INDEX",    "id":3684101, "ctx":"thread32","msg":"Finished shutting down TTL collection monitor thread"}
2024-08-07T16:09:00.683+02:00  INFO 20518 --- [      Thread-36] d.f.e.m.s.autoconfigure.EmbeddedMongo    : {"t":{"$date":"2024-08-07T16:09:00.682+02:00"},"s":"I",  "c":"CONTROL",  "id":6278511, "ctx":"thread32","msg":"Shutting down the Change Stream Expired Pre-images Remover"}
2024-08-07T16:09:00.683+02:00  INFO 20518 --- [      Thread-36] d.f.e.m.s.autoconfigure.EmbeddedMongo    : {"t":{"$date":"2024-08-07T16:09:00.682+02:00"},"s":"I",  "c":"CONTROL",  "id":4784929, "ctx":"thread32","msg":"Acquiring the global lock for shutdown"}
2024-08-07T16:09:00.683+02:00  INFO 20518 --- [      Thread-36] d.f.e.m.s.autoconfigure.EmbeddedMongo    : {"t":{"$date":"2024-08-07T16:09:00.682+02:00"},"s":"I",  "c":"CONTROL",  "id":4784930, "ctx":"thread32","msg":"Shutting down the storage engine"}
2024-08-07T16:09:00.683+02:00  INFO 20518 --- [      Thread-36] d.f.e.m.s.autoconfigure.EmbeddedMongo    : {"t":{"$date":"2024-08-07T16:09:00.682+02:00"},"s":"I",  "c":"STORAGE",  "id":22320,   "ctx":"thread32","msg":"Shutting down journal flusher thread"}
2024-08-07T16:09:00.733+02:00  INFO 20518 --- [      Thread-36] d.f.e.m.s.autoconfigure.EmbeddedMongo    : {"t":{"$date":"2024-08-07T16:09:00.732+02:00"},"s":"I",  "c":"STORAGE",  "id":22321,   "ctx":"thread32","msg":"Finished shutting down journal flusher thread"}
2024-08-07T16:09:00.733+02:00  INFO 20518 --- [      Thread-36] d.f.e.m.s.autoconfigure.EmbeddedMongo    : {"t":{"$date":"2024-08-07T16:09:00.733+02:00"},"s":"I",  "c":"STORAGE",  "id":22322,   "ctx":"thread32","msg":"Shutting down checkpoint thread"}
2024-08-07T16:09:00.733+02:00  INFO 20518 --- [      Thread-36] d.f.e.m.s.autoconfigure.EmbeddedMongo    : {"t":{"$date":"2024-08-07T16:09:00.733+02:00"},"s":"I",  "c":"STORAGE",  "id":22323,   "ctx":"thread32","msg":"Finished shutting down checkpoint thread"}
2024-08-07T16:09:00.733+02:00  INFO 20518 --- [      Thread-36] d.f.e.m.s.autoconfigure.EmbeddedMongo    : {"t":{"$date":"2024-08-07T16:09:00.733+02:00"},"s":"I",  "c":"STORAGE",  "id":20282,   "ctx":"thread32","msg":"Deregistering all the collections"}
2024-08-07T16:09:00.733+02:00  INFO 20518 --- [      Thread-36] d.f.e.m.s.autoconfigure.EmbeddedMongo    : {"t":{"$date":"2024-08-07T16:09:00.733+02:00"},"s":"I",  "c":"STORAGE",  "id":22261,   "ctx":"thread32","msg":"Timestamp monitor shutting down"}
2024-08-07T16:09:00.733+02:00  INFO 20518 --- [      Thread-36] d.f.e.m.s.autoconfigure.EmbeddedMongo    : {"t":{"$date":"2024-08-07T16:09:00.733+02:00"},"s":"I",  "c":"STORAGE",  "id":22317,   "ctx":"thread32","msg":"WiredTigerKVEngine shutting down"}
2024-08-07T16:09:00.733+02:00  INFO 20518 --- [      Thread-36] d.f.e.m.s.autoconfigure.EmbeddedMongo    : {"t":{"$date":"2024-08-07T16:09:00.733+02:00"},"s":"I",  "c":"STORAGE",  "id":22318,   "ctx":"thread32","msg":"Shutting down session sweeper thread"}
2024-08-07T16:09:00.733+02:00  INFO 20518 --- [      Thread-36] d.f.e.m.s.autoconfigure.EmbeddedMongo    : {"t":{"$date":"2024-08-07T16:09:00.733+02:00"},"s":"I",  "c":"STORAGE",  "id":22319,   "ctx":"thread32","msg":"Finished shutting down session sweeper thread"}
2024-08-07T16:09:00.733+02:00  INFO 20518 --- [      Thread-36] d.f.e.m.s.autoconfigure.EmbeddedMongo    : {"t":{"$date":"2024-08-07T16:09:00.733+02:00"},"s":"I",  "c":"STORAGE",  "id":4795902, "ctx":"thread32","msg":"Closing WiredTiger","attr":{"closeConfig":"leak_memory=true,"}}
2024-08-07T16:09:00.757+02:00  INFO 20518 --- [      Thread-36] d.f.e.m.s.autoconfigure.EmbeddedMongo    : {"t":{"$date":"2024-08-07T16:09:00.757+02:00"},"s":"I",  "c":"STORAGE",  "id":4795901, "ctx":"thread32","msg":"WiredTiger closed","attr":{"durationMillis":24}}
2024-08-07T16:09:00.757+02:00  INFO 20518 --- [      Thread-36] d.f.e.m.s.autoconfigure.EmbeddedMongo    : {"t":{"$date":"2024-08-07T16:09:00.757+02:00"},"s":"I",  "c":"STORAGE",  "id":22279,   "ctx":"thread32","msg":"shutdown: removing fs lock..."}
2024-08-07T16:09:00.757+02:00  INFO 20518 --- [      Thread-36] d.f.e.m.s.autoconfigure.EmbeddedMongo    : {"t":{"$date":"2024-08-07T16:09:00.757+02:00"},"s":"I",  "c":"-",        "id":4784931, "ctx":"thread32","msg":"Dropping the scope cache for shutdown"}
2024-08-07T16:09:00.757+02:00  INFO 20518 --- [      Thread-36] d.f.e.m.s.autoconfigure.EmbeddedMongo    : {"t":{"$date":"2024-08-07T16:09:00.757+02:00"},"s":"I",  "c":"FTDC",     "id":20626,   "ctx":"thread32","msg":"Shutting down full-time diagnostic data capture"}
2024-08-07T16:09:00.758+02:00  INFO 20518 --- [      Thread-36] d.f.e.m.s.autoconfigure.EmbeddedMongo    : {"t":{"$date":"2024-08-07T16:09:00.758+02:00"},"s":"I",  "c":"CONTROL",  "id":20565,   "ctx":"thread32","msg":"Now exiting"}
2024-08-07T16:09:00.759+02:00  INFO 20518 --- [      Thread-36] d.f.e.m.s.autoconfigure.EmbeddedMongo    : {"t":{"$date":"2024-08-07T16:09:00.759+02:00"},"s":"I",  "c":"CONTROL",  "id":23138,   "ctx":"thread32","msg":"Shutting down","attr":{"exitCode":0}}
]]></system-out>
  </testcase>
  <testcase name="expectActiveDeck_AfterSetActiveDeck" classname="com.github.wekaito.backend.security.MongoUserControllerTest" time="3.003">
    <system-out><![CDATA[
  .   ____          _            __ _ _
 /\\ / ___'_ __ _ _(_)_ __  __ _ \ \ \ \
( ( )\___ | '_ | '_| | '_ \/ _` | \ \ \ \
 \\/  ___)| |_)| | | | | || (_| |  ) ) ) )
  '  |____| .__|_| |_|_| |_\__, | / / / /
 =========|_|==============|___/=/_/_/_/
 :: Spring Boot ::                (v3.1.2)

2024-08-07T16:09:00.874+02:00  INFO 20518 --- [           main] c.g.w.b.s.MongoUserControllerTest        : Starting MongoUserControllerTest using Java 21.0.4 with PID 20518 (started by daniel in /home/daniel/GitHub/digimon-tcg-simulator/backend)
2024-08-07T16:09:00.874+02:00  INFO 20518 --- [           main] c.g.w.b.s.MongoUserControllerTest        : No active profile set, falling back to 1 default profile: "default"
2024-08-07T16:09:00.975+02:00  INFO 20518 --- [           main] .s.d.r.c.RepositoryConfigurationDelegate : Bootstrapping Spring Data MongoDB repositories in DEFAULT mode.
2024-08-07T16:09:00.981+02:00  INFO 20518 --- [           main] .s.d.r.c.RepositoryConfigurationDelegate : Finished Spring Data repository scanning in 5 ms. Found 3 MongoDB repository interfaces.
2024-08-07T16:09:01.007+02:00  INFO 20518 --- [           main] trationDelegate$BeanPostProcessorChecker : Bean 'de.flapdoodle.embed.mongo.spring.autoconfigure.EmbeddedMongoAutoConfiguration' of type [de.flapdoodle.embed.mongo.spring.autoconfigure.EmbeddedMongoAutoConfiguration] is not eligible for getting processed by all BeanPostProcessors (for example: not eligible for auto-proxying)
2024-08-07T16:09:01.009+02:00  INFO 20518 --- [           main] trationDelegate$BeanPostProcessorChecker : Bean 'de.flapdoodle.mongodb.embedded-de.flapdoodle.embed.mongo.spring.autoconfigure.EmbeddedMongoProperties' of type [de.flapdoodle.embed.mongo.spring.autoconfigure.EmbeddedMongoProperties] is not eligible for getting processed by all BeanPostProcessors (for example: not eligible for auto-proxying)
2024-08-07T16:09:01.010+02:00  INFO 20518 --- [           main] trationDelegate$BeanPostProcessorChecker : Bean 'spring.data.mongodb-org.springframework.boot.autoconfigure.mongo.MongoProperties' of type [org.springframework.boot.autoconfigure.mongo.MongoProperties] is not eligible for getting processed by all BeanPostProcessors (for example: not eligible for auto-proxying)
2024-08-07T16:09:01.017+02:00  INFO 20518 --- [           main] d.f.e.m.s.a.SyncClientServerFactory      : sync server factory
2024-08-07T16:09:01.036+02:00  INFO 20518 --- [      Thread-52] d.f.e.m.s.autoconfigure.EmbeddedMongo    : {"t":{"$date":"2024-08-07T16:09:01.036+02:00"},"s":"I",  "c":"NETWORK",  "id":4915701, "ctx":"-","msg":"Initialized wire specification","attr":{"spec":{"incomingExternalClient":{"minWireVersion":0,"maxWireVersion":17},"incomingInternalClient":{"minWireVersion":0,"maxWireVersion":17},"outgoing":{"minWireVersion":6,"maxWireVersion":17},"isInternalClient":true}}}
2024-08-07T16:09:01.038+02:00  INFO 20518 --- [      Thread-52] d.f.e.m.s.autoconfigure.EmbeddedMongo    : {"t":{"$date":"2024-08-07T16:09:01.038+02:00"},"s":"I",  "c":"CONTROL",  "id":23285,   "ctx":"-","msg":"Automatically disabling TLS 1.0, to force-enable TLS 1.0 specify --sslDisabledProtocols 'none'"}
2024-08-07T16:09:01.038+02:00  INFO 20518 --- [      Thread-52] d.f.e.m.s.autoconfigure.EmbeddedMongo    : {"t":{"$date":"2024-08-07T16:09:01.038+02:00"},"s":"I",  "c":"NETWORK",  "id":4648601, "ctx":"main","msg":"Implicit TCP FastOpen unavailable. If TCP FastOpen is required, set tcpFastOpenServer, tcpFastOpenClient, and tcpFastOpenQueueSize."}
2024-08-07T16:09:01.039+02:00  INFO 20518 --- [      Thread-52] d.f.e.m.s.autoconfigure.EmbeddedMongo    : {"t":{"$date":"2024-08-07T16:09:01.039+02:00"},"s":"I",  "c":"REPL",     "id":5123008, "ctx":"main","msg":"Successfully registered PrimaryOnlyService","attr":{"service":"TenantMigrationDonorService","namespace":"config.tenantMigrationDonors"}}
2024-08-07T16:09:01.039+02:00  INFO 20518 --- [      Thread-52] d.f.e.m.s.autoconfigure.EmbeddedMongo    : {"t":{"$date":"2024-08-07T16:09:01.039+02:00"},"s":"I",  "c":"REPL",     "id":5123008, "ctx":"main","msg":"Successfully registered PrimaryOnlyService","attr":{"service":"TenantMigrationRecipientService","namespace":"config.tenantMigrationRecipients"}}
2024-08-07T16:09:01.039+02:00  INFO 20518 --- [      Thread-52] d.f.e.m.s.autoconfigure.EmbeddedMongo    : {"t":{"$date":"2024-08-07T16:09:01.039+02:00"},"s":"I",  "c":"REPL",     "id":5123008, "ctx":"main","msg":"Successfully registered PrimaryOnlyService","attr":{"service":"ShardSplitDonorService","namespace":"config.tenantSplitDonors"}}
2024-08-07T16:09:01.039+02:00  INFO 20518 --- [      Thread-52] d.f.e.m.s.autoconfigure.EmbeddedMongo    : {"t":{"$date":"2024-08-07T16:09:01.039+02:00"},"s":"I",  "c":"CONTROL",  "id":5945603, "ctx":"main","msg":"Multi threading initialized"}
2024-08-07T16:09:01.039+02:00  INFO 20518 --- [      Thread-52] d.f.e.m.s.autoconfigure.EmbeddedMongo    : {"t":{"$date":"2024-08-07T16:09:01.039+02:00"},"s":"I",  "c":"CONTROL",  "id":4615611, "ctx":"initandlisten","msg":"MongoDB starting","attr":{"pid":21167,"port":36679,"dbPath":"/tmp/temp--1f42a874-946f-49ca-8669-4aa8f0f2d905/mongod-database7132039836968138157","architecture":"64-bit","host":"DNK-PC-RTX"}}
2024-08-07T16:09:01.039+02:00  INFO 20518 --- [      Thread-52] d.f.e.m.s.autoconfigure.EmbeddedMongo    : {"t":{"$date":"2024-08-07T16:09:01.039+02:00"},"s":"I",  "c":"CONTROL",  "id":23403,   "ctx":"initandlisten","msg":"Build Info","attr":{"buildInfo":{"version":"6.0.1","gitVersion":"32f0f9c88dc44a2c8073a5bd47cf779d4bfdee6b","openSSLVersion":"OpenSSL 1.1.1f  31 Mar 2020","modules":[],"allocator":"tcmalloc","environment":{"distmod":"ubuntu2004","distarch":"x86_64","target_arch":"x86_64"}}}}
2024-08-07T16:09:01.039+02:00  INFO 20518 --- [      Thread-52] d.f.e.m.s.autoconfigure.EmbeddedMongo    : {"t":{"$date":"2024-08-07T16:09:01.039+02:00"},"s":"I",  "c":"CONTROL",  "id":51765,   "ctx":"initandlisten","msg":"Operating System","attr":{"os":{"name":"Ubuntu","version":"22.04"}}}
2024-08-07T16:09:01.039+02:00  INFO 20518 --- [      Thread-52] d.f.e.m.s.autoconfigure.EmbeddedMongo    : {"t":{"$date":"2024-08-07T16:09:01.039+02:00"},"s":"I",  "c":"CONTROL",  "id":21951,   "ctx":"initandlisten","msg":"Options set by command line","attr":{"options":{"net":{"bindIp":"127.0.0.1","port":36679},"security":{"authorization":"disabled"},"storage":{"dbPath":"/tmp/temp--1f42a874-946f-49ca-8669-4aa8f0f2d905/mongod-database7132039836968138157","journal":{"enabled":false},"syncPeriodSecs":0}}}}
2024-08-07T16:09:01.040+02:00  INFO 20518 --- [      Thread-52] d.f.e.m.s.autoconfigure.EmbeddedMongo    : {"t":{"$date":"2024-08-07T16:09:01.040+02:00"},"s":"I",  "c":"STORAGE",  "id":22297,   "ctx":"initandlisten","msg":"Using the XFS filesystem is strongly recommended with the WiredTiger storage engine. See http://dochub.mongodb.org/core/prodnotes-filesystem","tags":["startupWarnings"]}
2024-08-07T16:09:01.040+02:00  INFO 20518 --- [      Thread-52] d.f.e.m.s.autoconfigure.EmbeddedMongo    : {"t":{"$date":"2024-08-07T16:09:01.040+02:00"},"s":"I",  "c":"STORAGE",  "id":22315,   "ctx":"initandlisten","msg":"Opening WiredTiger","attr":{"config":"create,cache_size=3427M,session_max=33000,eviction=(threads_min=4,threads_max=4),config_base=false,statistics=(fast),log=(enabled=true,remove=true,path=journal,compressor=snappy),builtin_extension_config=(zstd=(compression_level=6)),file_manager=(close_idle_time=600,close_scan_interval=10,close_handle_minimum=2000),statistics_log=(wait=0),json_output=(error,message),verbose=[recovery_progress:1,checkpoint_progress:1,compact_progress:1,backup:0,checkpoint:0,compact:0,evict:0,history_store:0,recovery:0,rts:0,salvage:0,tiered:0,timestamp:0,transaction:0,verify:0,log:0],,log=(enabled=false),"}}
2024-08-07T16:09:01.179+02:00  INFO 20518 --- [      Thread-52] d.f.e.m.s.autoconfigure.EmbeddedMongo    : {"t":{"$date":"2024-08-07T16:09:01.179+02:00"},"s":"I",  "c":"STORAGE",  "id":4795906, "ctx":"initandlisten","msg":"WiredTiger opened","attr":{"durationMillis":139}}
2024-08-07T16:09:01.179+02:00  INFO 20518 --- [      Thread-52] d.f.e.m.s.autoconfigure.EmbeddedMongo    : {"t":{"$date":"2024-08-07T16:09:01.179+02:00"},"s":"I",  "c":"RECOVERY", "id":23987,   "ctx":"initandlisten","msg":"WiredTiger recoveryTimestamp","attr":{"recoveryTimestamp":{"$timestamp":{"t":0,"i":0}}}}
2024-08-07T16:09:01.210+02:00  INFO 20518 --- [      Thread-52] d.f.e.m.s.autoconfigure.EmbeddedMongo    : {"t":{"$date":"2024-08-07T16:09:01.210+02:00"},"s":"I",  "c":"WT",       "id":4366408, "ctx":"initandlisten","msg":"No table logging settings modifications are required for existing WiredTiger tables","attr":{"loggingEnabled":true}}
2024-08-07T16:09:01.219+02:00  INFO 20518 --- [      Thread-52] d.f.e.m.s.autoconfigure.EmbeddedMongo    : {"t":{"$date":"2024-08-07T16:09:01.219+02:00"},"s":"W",  "c":"CONTROL",  "id":22178,   "ctx":"initandlisten","msg":"/sys/kernel/mm/transparent_hugepage/enabled is 'always'. We suggest setting it to 'never'","tags":["startupWarnings"]}
2024-08-07T16:09:01.219+02:00  INFO 20518 --- [      Thread-52] d.f.e.m.s.autoconfigure.EmbeddedMongo    : {"t":{"$date":"2024-08-07T16:09:01.219+02:00"},"s":"W",  "c":"CONTROL",  "id":5123300, "ctx":"initandlisten","msg":"vm.max_map_count is too low","attr":{"currentValue":262144,"recommendedMinimum":1677720,"maxConns":838860},"tags":["startupWarnings"]}
2024-08-07T16:09:01.219+02:00  INFO 20518 --- [      Thread-52] d.f.e.m.s.autoconfigure.EmbeddedMongo    : {"t":{"$date":"2024-08-07T16:09:01.219+02:00"},"s":"I",  "c":"STORAGE",  "id":20320,   "ctx":"initandlisten","msg":"createCollection","attr":{"namespace":"admin.system.version","uuidDisposition":"provided","uuid":{"uuid":{"$uuid":"32a36f76-aac9-487e-9d6f-54555c98efe6"}},"options":{"uuid":{"$uuid":"32a36f76-aac9-487e-9d6f-54555c98efe6"}}}}
2024-08-07T16:09:01.251+02:00  INFO 20518 --- [      Thread-52] d.f.e.m.s.autoconfigure.EmbeddedMongo    : {"t":{"$date":"2024-08-07T16:09:01.250+02:00"},"s":"I",  "c":"INDEX",    "id":20345,   "ctx":"initandlisten","msg":"Index build: done building","attr":{"buildUUID":null,"collectionUUID":{"uuid":{"$uuid":"32a36f76-aac9-487e-9d6f-54555c98efe6"}},"namespace":"admin.system.version","index":"_id_","ident":"index-1-2091582071419722740","collectionIdent":"collection-0-2091582071419722740","commitTimestamp":null}}
2024-08-07T16:09:01.251+02:00  INFO 20518 --- [      Thread-52] d.f.e.m.s.autoconfigure.EmbeddedMongo    : {"t":{"$date":"2024-08-07T16:09:01.250+02:00"},"s":"I",  "c":"REPL",     "id":20459,   "ctx":"initandlisten","msg":"Setting featureCompatibilityVersion","attr":{"newVersion":"6.0"}}
2024-08-07T16:09:01.251+02:00  INFO 20518 --- [      Thread-52] d.f.e.m.s.autoconfigure.EmbeddedMongo    : {"t":{"$date":"2024-08-07T16:09:01.250+02:00"},"s":"I",  "c":"REPL",     "id":5853300, "ctx":"initandlisten","msg":"current featureCompatibilityVersion value","attr":{"featureCompatibilityVersion":"6.0","context":"setFCV"}}
2024-08-07T16:09:01.251+02:00  INFO 20518 --- [      Thread-52] d.f.e.m.s.autoconfigure.EmbeddedMongo    : {"t":{"$date":"2024-08-07T16:09:01.250+02:00"},"s":"I",  "c":"NETWORK",  "id":4915702, "ctx":"initandlisten","msg":"Updated wire specification","attr":{"oldSpec":{"incomingExternalClient":{"minWireVersion":0,"maxWireVersion":17},"incomingInternalClient":{"minWireVersion":0,"maxWireVersion":17},"outgoing":{"minWireVersion":6,"maxWireVersion":17},"isInternalClient":true},"newSpec":{"incomingExternalClient":{"minWireVersion":0,"maxWireVersion":17},"incomingInternalClient":{"minWireVersion":17,"maxWireVersion":17},"outgoing":{"minWireVersion":17,"maxWireVersion":17},"isInternalClient":true}}}
2024-08-07T16:09:01.251+02:00  INFO 20518 --- [      Thread-52] d.f.e.m.s.autoconfigure.EmbeddedMongo    : {"t":{"$date":"2024-08-07T16:09:01.251+02:00"},"s":"I",  "c":"NETWORK",  "id":4915702, "ctx":"initandlisten","msg":"Updated wire specification","attr":{"oldSpec":{"incomingExternalClient":{"minWireVersion":0,"maxWireVersion":17},"incomingInternalClient":{"minWireVersion":17,"maxWireVersion":17},"outgoing":{"minWireVersion":17,"maxWireVersion":17},"isInternalClient":true},"newSpec":{"incomingExternalClient":{"minWireVersion":0,"maxWireVersion":17},"incomingInternalClient":{"minWireVersion":17,"maxWireVersion":17},"outgoing":{"minWireVersion":17,"maxWireVersion":17},"isInternalClient":true}}}
2024-08-07T16:09:01.251+02:00  INFO 20518 --- [      Thread-52] d.f.e.m.s.autoconfigure.EmbeddedMongo    : {"t":{"$date":"2024-08-07T16:09:01.251+02:00"},"s":"I",  "c":"REPL",     "id":5853300, "ctx":"initandlisten","msg":"current featureCompatibilityVersion value","attr":{"featureCompatibilityVersion":"6.0","context":"startup"}}
2024-08-07T16:09:01.251+02:00  INFO 20518 --- [      Thread-52] d.f.e.m.s.autoconfigure.EmbeddedMongo    : {"t":{"$date":"2024-08-07T16:09:01.251+02:00"},"s":"I",  "c":"STORAGE",  "id":5071100, "ctx":"initandlisten","msg":"Clearing temp directory"}
2024-08-07T16:09:01.251+02:00  INFO 20518 --- [      Thread-52] d.f.e.m.s.autoconfigure.EmbeddedMongo    : {"t":{"$date":"2024-08-07T16:09:01.251+02:00"},"s":"I",  "c":"CONTROL",  "id":20536,   "ctx":"initandlisten","msg":"Flow Control is enabled on this deployment"}
2024-08-07T16:09:01.251+02:00  INFO 20518 --- [      Thread-52] d.f.e.m.s.autoconfigure.EmbeddedMongo    : {"t":{"$date":"2024-08-07T16:09:01.251+02:00"},"s":"I",  "c":"FTDC",     "id":20625,   "ctx":"initandlisten","msg":"Initializing full-time diagnostic data capture","attr":{"dataDirectory":"/tmp/temp--1f42a874-946f-49ca-8669-4aa8f0f2d905/mongod-database7132039836968138157/diagnostic.data"}}
2024-08-07T16:09:01.252+02:00  INFO 20518 --- [      Thread-52] d.f.e.m.s.autoconfigure.EmbeddedMongo    : {"t":{"$date":"2024-08-07T16:09:01.252+02:00"},"s":"I",  "c":"STORAGE",  "id":20320,   "ctx":"initandlisten","msg":"createCollection","attr":{"namespace":"local.startup_log","uuidDisposition":"generated","uuid":{"uuid":{"$uuid":"5257d11b-29b1-4675-99ad-1bf2e3d9a164"}},"options":{"capped":true,"size":10485760}}}
2024-08-07T16:09:01.282+02:00  INFO 20518 --- [      Thread-52] d.f.e.m.s.autoconfigure.EmbeddedMongo    : {"t":{"$date":"2024-08-07T16:09:01.282+02:00"},"s":"I",  "c":"INDEX",    "id":20345,   "ctx":"initandlisten","msg":"Index build: done building","attr":{"buildUUID":null,"collectionUUID":{"uuid":{"$uuid":"5257d11b-29b1-4675-99ad-1bf2e3d9a164"}},"namespace":"local.startup_log","index":"_id_","ident":"index-3-2091582071419722740","collectionIdent":"collection-2-2091582071419722740","commitTimestamp":null}}
2024-08-07T16:09:01.283+02:00  INFO 20518 --- [      Thread-52] d.f.e.m.s.autoconfigure.EmbeddedMongo    : {"t":{"$date":"2024-08-07T16:09:01.282+02:00"},"s":"I",  "c":"REPL",     "id":6015317, "ctx":"initandlisten","msg":"Setting new configuration state","attr":{"newState":"ConfigReplicationDisabled","oldState":"ConfigPreStart"}}
2024-08-07T16:09:01.283+02:00  INFO 20518 --- [      Thread-52] d.f.e.m.s.autoconfigure.EmbeddedMongo    : {"t":{"$date":"2024-08-07T16:09:01.282+02:00"},"s":"I",  "c":"STORAGE",  "id":22262,   "ctx":"initandlisten","msg":"Timestamp monitor starting"}
2024-08-07T16:09:01.284+02:00  INFO 20518 --- [      Thread-52] d.f.e.m.s.autoconfigure.EmbeddedMongo    : {"t":{"$date":"2024-08-07T16:09:01.283+02:00"},"s":"I",  "c":"STORAGE",  "id":20320,   "ctx":"LogicalSessionCacheRefresh","msg":"createCollection","attr":{"namespace":"config.system.sessions","uuidDisposition":"generated","uuid":{"uuid":{"$uuid":"d5ea4fc6-dfa3-447d-a220-99084bb2ec24"}},"options":{}}}
2024-08-07T16:09:01.284+02:00  INFO 20518 --- [      Thread-52] d.f.e.m.s.autoconfigure.EmbeddedMongo    : {"t":{"$date":"2024-08-07T16:09:01.284+02:00"},"s":"I",  "c":"CONTROL",  "id":20712,   "ctx":"LogicalSessionCacheReap","msg":"Sessions collection is not set up; waiting until next sessions reap interval","attr":{"error":"NamespaceNotFound: config.system.sessions does not exist"}}
2024-08-07T16:09:01.284+02:00  INFO 20518 --- [      Thread-52] d.f.e.m.s.autoconfigure.EmbeddedMongo    : {"t":{"$date":"2024-08-07T16:09:01.284+02:00"},"s":"I",  "c":"NETWORK",  "id":23015,   "ctx":"listener","msg":"Listening on","attr":{"address":"/tmp/mongodb-36679.sock"}}
2024-08-07T16:09:01.284+02:00  INFO 20518 --- [      Thread-52] d.f.e.m.s.autoconfigure.EmbeddedMongo    : {"t":{"$date":"2024-08-07T16:09:01.284+02:00"},"s":"I",  "c":"NETWORK",  "id":23015,   "ctx":"listener","msg":"Listening on","attr":{"address":"127.0.0.1"}}
2024-08-07T16:09:01.284+02:00  INFO 20518 --- [      Thread-52] d.f.e.m.s.autoconfigure.EmbeddedMongo    : {"t":{"$date":"2024-08-07T16:09:01.284+02:00"},"s":"I",  "c":"NETWORK",  "id":23016,   "ctx":"listener","msg":"Waiting for connections","attr":{"port":36679,"ssl":"off"}}
2024-08-07T16:09:01.288+02:00  INFO 20518 --- [      Thread-52] d.f.e.m.s.autoconfigure.EmbeddedMongo    : {"t":{"$date":"2024-08-07T16:09:01.288+02:00"},"s":"I",  "c":"NETWORK",  "id":22943,   "ctx":"listener","msg":"Connection accepted","attr":{"remote":"127.0.0.1:58924","uuid":"6a2f5308-e718-469d-8550-4d445f7e602c","connectionId":1,"connectionCount":1}}
2024-08-07T16:09:01.288+02:00  INFO 20518 --- [           main] org.mongodb.driver.client                : MongoClient with metadata {"driver": {"name": "mongo-java-driver|sync|spring-boot", "version": "4.9.1"}, "os": {"type": "Linux", "name": "Linux", "architecture": "amd64", "version": "5.15.153.1-microsoft-standard-WSL2"}, "platform": "Java/Ubuntu/21.0.4+7-Ubuntu-1ubuntu222.04"} created with settings MongoClientSettings{readPreference=primary, writeConcern=WriteConcern{w=null, wTimeout=null ms, journal=null}, retryWrites=true, retryReads=true, readConcern=ReadConcern{level=null}, credential=null, streamFactoryFactory=null, commandListeners=[], codecRegistry=ProvidersCodecRegistry{codecProviders=[ValueCodecProvider{}, BsonValueCodecProvider{}, DBRefCodecProvider{}, DBObjectCodecProvider{}, DocumentCodecProvider{}, CollectionCodecProvider{}, IterableCodecProvider{}, MapCodecProvider{}, GeoJsonCodecProvider{}, GridFSFileCodecProvider{}, Jsr310CodecProvider{}, JsonObjectCodecProvider{}, BsonCodecProvider{}, EnumCodecProvider{}, com.mongodb.client.model.mql.ExpressionCodecProvider@4cf1ba4e, com.mongodb.Jep395RecordCodecProvider@23368646]}, loggerSettings=LoggerSettings{maxDocumentLength=1000}, clusterSettings={hosts=[localhost:36679], srvServiceName=mongodb, mode=SINGLE, requiredClusterType=UNKNOWN, requiredReplicaSetName='null', serverSelector='null', clusterListeners='[]', serverSelectionTimeout='30000 ms', localThreshold='30000 ms'}, socketSettings=SocketSettings{connectTimeoutMS=10000, readTimeoutMS=0, receiveBufferSize=0, sendBufferSize=0}, heartbeatSocketSettings=SocketSettings{connectTimeoutMS=10000, readTimeoutMS=10000, receiveBufferSize=0, sendBufferSize=0}, connectionPoolSettings=ConnectionPoolSettings{maxSize=100, minSize=0, maxWaitTimeMS=120000, maxConnectionLifeTimeMS=0, maxConnectionIdleTimeMS=0, maintenanceInitialDelayMS=0, maintenanceFrequencyMS=60000, connectionPoolListeners=[], maxConnecting=2}, serverSettings=ServerSettings{heartbeatFrequencyMS=10000, minHeartbeatFrequencyMS=500, serverListeners='[]', serverMonitorListeners='[]'}, sslSettings=SslSettings{enabled=false, invalidHostNameAllowed=false, context=null}, applicationName='null', compressorList=[], uuidRepresentation=JAVA_LEGACY, serverApi=null, autoEncryptionSettings=null, contextProvider=null}
2024-08-07T16:09:01.288+02:00  INFO 20518 --- [      Thread-52] d.f.e.m.s.autoconfigure.EmbeddedMongo    : {"t":{"$date":"2024-08-07T16:09:01.288+02:00"},"s":"I",  "c":"NETWORK",  "id":22943,   "ctx":"listener","msg":"Connection accepted","attr":{"remote":"127.0.0.1:58936","uuid":"e2a86209-7246-4419-ba54-e6149ef6fccc","connectionId":2,"connectionCount":2}}
2024-08-07T16:09:01.289+02:00  INFO 20518 --- [      Thread-52] d.f.e.m.s.autoconfigure.EmbeddedMongo    : {"t":{"$date":"2024-08-07T16:09:01.288+02:00"},"s":"I",  "c":"NETWORK",  "id":51800,   "ctx":"conn1","msg":"client metadata","attr":{"remote":"127.0.0.1:58924","client":"conn1","doc":{"driver":{"name":"mongo-java-driver|sync|spring-boot","version":"4.9.1"},"os":{"type":"Linux","name":"Linux","architecture":"amd64","version":"5.15.153.1-microsoft-standard-WSL2"},"platform":"Java/Ubuntu/21.0.4+7-Ubuntu-1ubuntu222.04"}}}
2024-08-07T16:09:01.289+02:00  INFO 20518 --- [      Thread-52] d.f.e.m.s.autoconfigure.EmbeddedMongo    : {"t":{"$date":"2024-08-07T16:09:01.289+02:00"},"s":"I",  "c":"NETWORK",  "id":51800,   "ctx":"conn2","msg":"client metadata","attr":{"remote":"127.0.0.1:58936","client":"conn2","doc":{"driver":{"name":"mongo-java-driver|sync|spring-boot","version":"4.9.1"},"os":{"type":"Linux","name":"Linux","architecture":"amd64","version":"5.15.153.1-microsoft-standard-WSL2"},"platform":"Java/Ubuntu/21.0.4+7-Ubuntu-1ubuntu222.04"}}}
2024-08-07T16:09:01.289+02:00  INFO 20518 --- [localhost:36679] org.mongodb.driver.cluster               : Monitor thread successfully connected to server with description ServerDescription{address=localhost:36679, type=STANDALONE, state=CONNECTED, ok=true, minWireVersion=0, maxWireVersion=17, maxDocumentSize=16777216, logicalSessionTimeoutMinutes=30, roundTripTimeNanos=691642}
2024-08-07T16:09:01.333+02:00  INFO 20518 --- [      Thread-52] d.f.e.m.s.autoconfigure.EmbeddedMongo    : {"t":{"$date":"2024-08-07T16:09:01.333+02:00"},"s":"I",  "c":"INDEX",    "id":20345,   "ctx":"LogicalSessionCacheRefresh","msg":"Index build: done building","attr":{"buildUUID":null,"collectionUUID":{"uuid":{"$uuid":"d5ea4fc6-dfa3-447d-a220-99084bb2ec24"}},"namespace":"config.system.sessions","index":"_id_","ident":"index-5-2091582071419722740","collectionIdent":"collection-4-2091582071419722740","commitTimestamp":null}}
2024-08-07T16:09:01.333+02:00  INFO 20518 --- [      Thread-52] d.f.e.m.s.autoconfigure.EmbeddedMongo    : {"t":{"$date":"2024-08-07T16:09:01.333+02:00"},"s":"I",  "c":"INDEX",    "id":20345,   "ctx":"LogicalSessionCacheRefresh","msg":"Index build: done building","attr":{"buildUUID":null,"collectionUUID":{"uuid":{"$uuid":"d5ea4fc6-dfa3-447d-a220-99084bb2ec24"}},"namespace":"config.system.sessions","index":"lsidTTLIndex","ident":"index-6-2091582071419722740","collectionIdent":"collection-4-2091582071419722740","commitTimestamp":null}}
2024-08-07T16:09:01.500+02:00  INFO 20518 --- [      Thread-52] d.f.e.m.s.autoconfigure.EmbeddedMongo    : {"t":{"$date":"2024-08-07T16:09:01.500+02:00"},"s":"I",  "c":"NETWORK",  "id":22943,   "ctx":"listener","msg":"Connection accepted","attr":{"remote":"127.0.0.1:58942","uuid":"94dc509c-27c1-4cd4-8d0e-d79308e39d4d","connectionId":3,"connectionCount":3}}
2024-08-07T16:09:01.500+02:00  INFO 20518 --- [      Thread-52] d.f.e.m.s.autoconfigure.EmbeddedMongo    : {"t":{"$date":"2024-08-07T16:09:01.500+02:00"},"s":"I",  "c":"NETWORK",  "id":51800,   "ctx":"conn3","msg":"client metadata","attr":{"remote":"127.0.0.1:58942","client":"conn3","doc":{"driver":{"name":"mongo-java-driver|sync|spring-boot","version":"4.9.1"},"os":{"type":"Linux","name":"Linux","architecture":"amd64","version":"5.15.153.1-microsoft-standard-WSL2"},"platform":"Java/Ubuntu/21.0.4+7-Ubuntu-1ubuntu222.04"}}}
2024-08-07T16:09:01.720+02:00  INFO 20518 --- [      Thread-52] d.f.e.m.s.autoconfigure.EmbeddedMongo    : {"t":{"$date":"2024-08-07T16:09:01.720+02:00"},"s":"I",  "c":"STORAGE",  "id":20320,   "ctx":"conn3","msg":"createCollection","attr":{"namespace":"test.card","uuidDisposition":"generated","uuid":{"uuid":{"$uuid":"26706c01-2d1d-407a-93e2-d6c7070700bc"}},"options":{}}}
2024-08-07T16:09:01.754+02:00  INFO 20518 --- [      Thread-52] d.f.e.m.s.autoconfigure.EmbeddedMongo    : {"t":{"$date":"2024-08-07T16:09:01.754+02:00"},"s":"I",  "c":"INDEX",    "id":20345,   "ctx":"conn3","msg":"Index build: done building","attr":{"buildUUID":null,"collectionUUID":{"uuid":{"$uuid":"26706c01-2d1d-407a-93e2-d6c7070700bc"}},"namespace":"test.card","index":"_id_","ident":"index-8-2091582071419722740","collectionIdent":"collection-7-2091582071419722740","commitTimestamp":null}}
2024-08-07T16:09:01.789+02:00  INFO 20518 --- [           main] o.s.s.web.DefaultSecurityFilterChain     : Will secure any request with [org.springframework.security.web.session.DisableEncodeUrlFilter@3b0b1ee8, org.springframework.security.web.session.ForceEagerSessionCreationFilter@77541199, org.springframework.security.web.context.request.async.WebAsyncManagerIntegrationFilter@6106138a, org.springframework.security.web.context.SecurityContextHolderFilter@283483ab, org.springframework.security.web.header.HeaderWriterFilter@4453299e, org.springframework.security.web.csrf.CsrfFilter@1f99469b, org.springframework.security.web.authentication.logout.LogoutFilter@53e077cb, org.springframework.security.web.authentication.www.BasicAuthenticationFilter@160b430b, org.springframework.security.web.savedrequest.RequestCacheAwareFilter@1a2be0bc, org.springframework.security.web.servletapi.SecurityContextHolderAwareRequestFilter@47e935be, org.springframework.security.web.authentication.AnonymousAuthenticationFilter@21d09b44, org.springframework.security.web.session.SessionManagementFilter@7dccaf17, org.springframework.security.web.access.ExceptionTranslationFilter@a770b4a, org.springframework.security.web.access.intercept.AuthorizationFilter@6b85727c]
2024-08-07T16:09:01.835+02:00  INFO 20518 --- [           main] o.s.b.t.m.w.SpringBootMockServletContext : Initializing Spring TestDispatcherServlet ''
2024-08-07T16:09:01.835+02:00  INFO 20518 --- [           main] o.s.t.web.servlet.TestDispatcherServlet  : Initializing Servlet ''
2024-08-07T16:09:01.835+02:00  INFO 20518 --- [           main] o.s.t.web.servlet.TestDispatcherServlet  : Completed initialization in 0 ms
2024-08-07T16:09:01.841+02:00  INFO 20518 --- [           main] c.g.w.b.s.MongoUserControllerTest        : Started MongoUserControllerTest in 0.977 seconds (process running for 21.829)
2024-08-07T16:09:02.493+02:00  INFO 20518 --- [      Thread-52] d.f.e.m.s.autoconfigure.EmbeddedMongo    : {"t":{"$date":"2024-08-07T16:09:02.493+02:00"},"s":"I",  "c":"NETWORK",  "id":22943,   "ctx":"listener","msg":"Connection accepted","attr":{"remote":"127.0.0.1:60984","uuid":"0c134bff-15c1-4587-9482-3653be2edd4c","connectionId":4,"connectionCount":4}}
2024-08-07T16:09:02.493+02:00  INFO 20518 --- [      Thread-52] d.f.e.m.s.autoconfigure.EmbeddedMongo    : {"t":{"$date":"2024-08-07T16:09:02.493+02:00"},"s":"I",  "c":"NETWORK",  "id":51800,   "ctx":"conn4","msg":"client metadata","attr":{"remote":"127.0.0.1:60984","client":"conn4","doc":{"driver":{"name":"mongo-java-driver|sync|spring-boot","version":"4.9.1"},"os":{"type":"Linux","name":"Linux","architecture":"amd64","version":"5.15.153.1-microsoft-standard-WSL2"},"platform":"Java/Ubuntu/21.0.4+7-Ubuntu-1ubuntu222.04"}}}
2024-08-07T16:09:02.494+02:00  INFO 20518 --- [      Thread-52] d.f.e.m.s.autoconfigure.EmbeddedMongo    : {"t":{"$date":"2024-08-07T16:09:02.494+02:00"},"s":"I",  "c":"STORAGE",  "id":20320,   "ctx":"conn4","msg":"createCollection","attr":{"namespace":"test.users","uuidDisposition":"generated","uuid":{"uuid":{"$uuid":"6410e4af-258f-436b-a23d-1df83d7ba197"}},"options":{}}}
2024-08-07T16:09:02.530+02:00  INFO 20518 --- [      Thread-52] d.f.e.m.s.autoconfigure.EmbeddedMongo    : {"t":{"$date":"2024-08-07T16:09:02.530+02:00"},"s":"I",  "c":"INDEX",    "id":20345,   "ctx":"conn4","msg":"Index build: done building","attr":{"buildUUID":null,"collectionUUID":{"uuid":{"$uuid":"6410e4af-258f-436b-a23d-1df83d7ba197"}},"namespace":"test.users","index":"_id_","ident":"index-10-2091582071419722740","collectionIdent":"collection-9-2091582071419722740","commitTimestamp":null}}
2024-08-07T16:09:04.558+02:00  INFO 20518 --- [      Thread-52] d.f.e.m.s.autoconfigure.EmbeddedMongo    : {"t":{"$date":"2024-08-07T16:09:04.558+02:00"},"s":"I",  "c":"NETWORK",  "id":22944,   "ctx":"conn4","msg":"Connection ended","attr":{"remote":"127.0.0.1:60984","uuid":"0c134bff-15c1-4587-9482-3653be2edd4c","connectionId":4,"connectionCount":3}}
2024-08-07T16:09:04.558+02:00  INFO 20518 --- [      Thread-52] d.f.e.m.s.autoconfigure.EmbeddedMongo    : {"t":{"$date":"2024-08-07T16:09:04.558+02:00"},"s":"I",  "c":"NETWORK",  "id":22944,   "ctx":"conn3","msg":"Connection ended","attr":{"remote":"127.0.0.1:58942","uuid":"94dc509c-27c1-4cd4-8d0e-d79308e39d4d","connectionId":3,"connectionCount":2}}
2024-08-07T16:09:04.558+02:00  INFO 20518 --- [      Thread-52] d.f.e.m.s.autoconfigure.EmbeddedMongo    : {"t":{"$date":"2024-08-07T16:09:04.558+02:00"},"s":"I",  "c":"-",        "id":20883,   "ctx":"conn1","msg":"Interrupted operation as its client disconnected","attr":{"opId":12}}
2024-08-07T16:09:04.558+02:00  INFO 20518 --- [      Thread-52] d.f.e.m.s.autoconfigure.EmbeddedMongo    : {"t":{"$date":"2024-08-07T16:09:04.558+02:00"},"s":"I",  "c":"NETWORK",  "id":22944,   "ctx":"conn2","msg":"Connection ended","attr":{"remote":"127.0.0.1:58936","uuid":"e2a86209-7246-4419-ba54-e6149ef6fccc","connectionId":2,"connectionCount":1}}
2024-08-07T16:09:04.558+02:00  INFO 20518 --- [      Thread-52] d.f.e.m.s.autoconfigure.EmbeddedMongo    : {"t":{"$date":"2024-08-07T16:09:04.558+02:00"},"s":"I",  "c":"NETWORK",  "id":22944,   "ctx":"conn1","msg":"Connection ended","attr":{"remote":"127.0.0.1:58924","uuid":"6a2f5308-e718-469d-8550-4d445f7e602c","connectionId":1,"connectionCount":0}}
2024-08-07T16:09:04.558+02:00  INFO 20518 --- [      Thread-52] d.f.e.m.s.autoconfigure.EmbeddedMongo    : {"t":{"$date":"2024-08-07T16:09:04.558+02:00"},"s":"I",  "c":"NETWORK",  "id":22943,   "ctx":"listener","msg":"Connection accepted","attr":{"remote":"127.0.0.1:60996","uuid":"26b55d08-c189-4029-a5d2-62cf84be0ce8","connectionId":5,"connectionCount":1}}
2024-08-07T16:09:04.559+02:00 ERROR 20518 --- [           main] d.flapdoodle.embed.mongo.runtime.Mongod  : Got some response, should be an error message
2024-08-07T16:09:04.559+02:00  INFO 20518 --- [      Thread-52] d.f.e.m.s.autoconfigure.EmbeddedMongo    : {"t":{"$date":"2024-08-07T16:09:04.558+02:00"},"s":"W",  "c":"COMMAND",  "id":5578800, "ctx":"conn5","msg":"Received wire protocol op code or command that is no longer supported. The client driver may require an upgrade. For more details see https://dochub.mongodb.org/core/legacy-opcode-removal","attr":{"op":"query","clientInfo":{"address":"127.0.0.1:60996"}}}
2024-08-07T16:09:04.559+02:00  INFO 20518 --- [      Thread-52] d.f.e.m.s.autoconfigure.EmbeddedMongo    : {"t":{"$date":"2024-08-07T16:09:04.559+02:00"},"s":"I",  "c":"NETWORK",  "id":22944,   "ctx":"conn5","msg":"Connection ended","attr":{"remote":"127.0.0.1:60996","uuid":"26b55d08-c189-4029-a5d2-62cf84be0ce8","connectionId":5,"connectionCount":0}}
2024-08-07T16:09:04.659+02:00  INFO 20518 --- [      Thread-52] d.f.e.m.s.autoconfigure.EmbeddedMongo    : {"t":{"$date":"2024-08-07T16:09:04.659+02:00"},"s":"I",  "c":"NETWORK",  "id":22943,   "ctx":"listener","msg":"Connection accepted","attr":{"remote":"127.0.0.1:32774","uuid":"856ee66d-6526-44c7-ace0-9ee4f5989620","connectionId":6,"connectionCount":1}}
2024-08-07T16:09:04.659+02:00  INFO 20518 --- [      Thread-52] d.f.e.m.s.autoconfigure.EmbeddedMongo    : {"t":{"$date":"2024-08-07T16:09:04.659+02:00"},"s":"I",  "c":"COMMAND",  "id":4695400, "ctx":"conn6","msg":"Terminating via shutdown command","attr":{"force":false,"timeoutMillis":15000}}
2024-08-07T16:09:04.660+02:00  INFO 20518 --- [      Thread-52] d.f.e.m.s.autoconfigure.EmbeddedMongo    : {"t":{"$date":"2024-08-07T16:09:04.660+02:00"},"s":"I",  "c":"REPL",     "id":4794602, "ctx":"thread32","msg":"Attempting to enter quiesce mode"}
2024-08-07T16:09:04.660+02:00  INFO 20518 --- [      Thread-52] d.f.e.m.s.autoconfigure.EmbeddedMongo    : {"t":{"$date":"2024-08-07T16:09:04.660+02:00"},"s":"I",  "c":"-",        "id":6371601, "ctx":"thread32","msg":"Shutting down the FLE Crud thread pool"}
2024-08-07T16:09:04.660+02:00  INFO 20518 --- [      Thread-52] d.f.e.m.s.autoconfigure.EmbeddedMongo    : {"t":{"$date":"2024-08-07T16:09:04.660+02:00"},"s":"I",  "c":"COMMAND",  "id":4784901, "ctx":"thread32","msg":"Shutting down the MirrorMaestro"}
2024-08-07T16:09:04.660+02:00  INFO 20518 --- [      Thread-52] d.f.e.m.s.autoconfigure.EmbeddedMongo    : {"t":{"$date":"2024-08-07T16:09:04.660+02:00"},"s":"I",  "c":"SHARDING", "id":4784902, "ctx":"thread32","msg":"Shutting down the WaitForMajorityService"}
2024-08-07T16:09:04.660+02:00  INFO 20518 --- [      Thread-52] d.f.e.m.s.autoconfigure.EmbeddedMongo    : {"t":{"$date":"2024-08-07T16:09:04.660+02:00"},"s":"I",  "c":"CONTROL",  "id":4784903, "ctx":"thread32","msg":"Shutting down the LogicalSessionCache"}
2024-08-07T16:09:04.660+02:00  INFO 20518 --- [      Thread-52] d.f.e.m.s.autoconfigure.EmbeddedMongo    : {"t":{"$date":"2024-08-07T16:09:04.660+02:00"},"s":"I",  "c":"NETWORK",  "id":20562,   "ctx":"thread32","msg":"Shutdown: going to close listening sockets"}
2024-08-07T16:09:04.660+02:00  INFO 20518 --- [      Thread-52] d.f.e.m.s.autoconfigure.EmbeddedMongo    : {"t":{"$date":"2024-08-07T16:09:04.660+02:00"},"s":"I",  "c":"NETWORK",  "id":23017,   "ctx":"listener","msg":"removing socket file","attr":{"path":"/tmp/mongodb-36679.sock"}}
2024-08-07T16:09:04.660+02:00  INFO 20518 --- [      Thread-52] d.f.e.m.s.autoconfigure.EmbeddedMongo    : {"t":{"$date":"2024-08-07T16:09:04.660+02:00"},"s":"I",  "c":"NETWORK",  "id":4784905, "ctx":"thread32","msg":"Shutting down the global connection pool"}
2024-08-07T16:09:04.660+02:00  INFO 20518 --- [      Thread-52] d.f.e.m.s.autoconfigure.EmbeddedMongo    : {"t":{"$date":"2024-08-07T16:09:04.660+02:00"},"s":"I",  "c":"CONTROL",  "id":4784906, "ctx":"thread32","msg":"Shutting down the FlowControlTicketholder"}
2024-08-07T16:09:04.660+02:00  INFO 20518 --- [      Thread-52] d.f.e.m.s.autoconfigure.EmbeddedMongo    : {"t":{"$date":"2024-08-07T16:09:04.660+02:00"},"s":"I",  "c":"-",        "id":20520,   "ctx":"thread32","msg":"Stopping further Flow Control ticket acquisitions."}
2024-08-07T16:09:04.660+02:00  INFO 20518 --- [      Thread-52] d.f.e.m.s.autoconfigure.EmbeddedMongo    : {"t":{"$date":"2024-08-07T16:09:04.660+02:00"},"s":"I",  "c":"CONTROL",  "id":4784908, "ctx":"thread32","msg":"Shutting down the PeriodicThreadToAbortExpiredTransactions"}
2024-08-07T16:09:04.660+02:00  INFO 20518 --- [      Thread-52] d.f.e.m.s.autoconfigure.EmbeddedMongo    : {"t":{"$date":"2024-08-07T16:09:04.660+02:00"},"s":"I",  "c":"REPL",     "id":4784909, "ctx":"thread32","msg":"Shutting down the ReplicationCoordinator"}
2024-08-07T16:09:04.660+02:00  INFO 20518 --- [      Thread-52] d.f.e.m.s.autoconfigure.EmbeddedMongo    : {"t":{"$date":"2024-08-07T16:09:04.660+02:00"},"s":"I",  "c":"SHARDING", "id":4784910, "ctx":"thread32","msg":"Shutting down the ShardingInitializationMongoD"}
2024-08-07T16:09:04.660+02:00  INFO 20518 --- [      Thread-52] d.f.e.m.s.autoconfigure.EmbeddedMongo    : {"t":{"$date":"2024-08-07T16:09:04.660+02:00"},"s":"I",  "c":"REPL",     "id":4784911, "ctx":"thread32","msg":"Enqueuing the ReplicationStateTransitionLock for shutdown"}
2024-08-07T16:09:04.660+02:00  INFO 20518 --- [      Thread-52] d.f.e.m.s.autoconfigure.EmbeddedMongo    : {"t":{"$date":"2024-08-07T16:09:04.660+02:00"},"s":"I",  "c":"-",        "id":4784912, "ctx":"thread32","msg":"Killing all operations for shutdown"}
2024-08-07T16:09:04.661+02:00  INFO 20518 --- [      Thread-52] d.f.e.m.s.autoconfigure.EmbeddedMongo    : {"t":{"$date":"2024-08-07T16:09:04.660+02:00"},"s":"I",  "c":"-",        "id":4695300, "ctx":"thread32","msg":"Interrupted all currently running operations","attr":{"opsKilled":3}}
2024-08-07T16:09:04.661+02:00  INFO 20518 --- [      Thread-52] d.f.e.m.s.autoconfigure.EmbeddedMongo    : {"t":{"$date":"2024-08-07T16:09:04.660+02:00"},"s":"I",  "c":"TENANT_M", "id":5093807, "ctx":"thread32","msg":"Shutting down all TenantMigrationAccessBlockers on global shutdown"}
2024-08-07T16:09:04.661+02:00  INFO 20518 --- [      Thread-52] d.f.e.m.s.autoconfigure.EmbeddedMongo    : {"t":{"$date":"2024-08-07T16:09:04.660+02:00"},"s":"I",  "c":"COMMAND",  "id":4784913, "ctx":"thread32","msg":"Shutting down all open transactions"}
2024-08-07T16:09:04.661+02:00  INFO 20518 --- [      Thread-52] d.f.e.m.s.autoconfigure.EmbeddedMongo    : {"t":{"$date":"2024-08-07T16:09:04.660+02:00"},"s":"I",  "c":"REPL",     "id":4784914, "ctx":"thread32","msg":"Acquiring the ReplicationStateTransitionLock for shutdown"}
2024-08-07T16:09:04.661+02:00  INFO 20518 --- [      Thread-52] d.f.e.m.s.autoconfigure.EmbeddedMongo    : {"t":{"$date":"2024-08-07T16:09:04.660+02:00"},"s":"I",  "c":"INDEX",    "id":4784915, "ctx":"thread32","msg":"Shutting down the IndexBuildsCoordinator"}
2024-08-07T16:09:04.661+02:00  INFO 20518 --- [      Thread-52] d.f.e.m.s.autoconfigure.EmbeddedMongo    : {"t":{"$date":"2024-08-07T16:09:04.660+02:00"},"s":"I",  "c":"NETWORK",  "id":4784918, "ctx":"thread32","msg":"Shutting down the ReplicaSetMonitor"}
2024-08-07T16:09:04.661+02:00  INFO 20518 --- [      Thread-52] d.f.e.m.s.autoconfigure.EmbeddedMongo    : {"t":{"$date":"2024-08-07T16:09:04.660+02:00"},"s":"I",  "c":"SHARDING", "id":4784921, "ctx":"thread32","msg":"Shutting down the MigrationUtilExecutor"}
2024-08-07T16:09:04.661+02:00  INFO 20518 --- [      Thread-52] d.f.e.m.s.autoconfigure.EmbeddedMongo    : {"t":{"$date":"2024-08-07T16:09:04.661+02:00"},"s":"I",  "c":"ASIO",     "id":22582,   "ctx":"MigrationUtil-TaskExecutor","msg":"Killing all outstanding egress activity."}
2024-08-07T16:09:04.661+02:00  INFO 20518 --- [      Thread-52] d.f.e.m.s.autoconfigure.EmbeddedMongo    : {"t":{"$date":"2024-08-07T16:09:04.661+02:00"},"s":"I",  "c":"COMMAND",  "id":4784923, "ctx":"thread32","msg":"Shutting down the ServiceEntryPoint"}
2024-08-07T16:09:04.661+02:00  INFO 20518 --- [      Thread-52] d.f.e.m.s.autoconfigure.EmbeddedMongo    : {"t":{"$date":"2024-08-07T16:09:04.661+02:00"},"s":"I",  "c":"CONTROL",  "id":4784925, "ctx":"thread32","msg":"Shutting down free monitoring"}
2024-08-07T16:09:04.661+02:00  INFO 20518 --- [      Thread-52] d.f.e.m.s.autoconfigure.EmbeddedMongo    : {"t":{"$date":"2024-08-07T16:09:04.661+02:00"},"s":"I",  "c":"CONTROL",  "id":20609,   "ctx":"thread32","msg":"Shutting down free monitoring"}
2024-08-07T16:09:04.661+02:00  INFO 20518 --- [      Thread-52] d.f.e.m.s.autoconfigure.EmbeddedMongo    : {"t":{"$date":"2024-08-07T16:09:04.661+02:00"},"s":"I",  "c":"CONTROL",  "id":4784927, "ctx":"thread32","msg":"Shutting down the HealthLog"}
2024-08-07T16:09:04.661+02:00  INFO 20518 --- [      Thread-52] d.f.e.m.s.autoconfigure.EmbeddedMongo    : {"t":{"$date":"2024-08-07T16:09:04.661+02:00"},"s":"I",  "c":"CONTROL",  "id":4784928, "ctx":"thread32","msg":"Shutting down the TTL monitor"}
2024-08-07T16:09:04.661+02:00  INFO 20518 --- [      Thread-52] d.f.e.m.s.autoconfigure.EmbeddedMongo    : {"t":{"$date":"2024-08-07T16:09:04.661+02:00"},"s":"I",  "c":"INDEX",    "id":3684100, "ctx":"thread32","msg":"Shutting down TTL collection monitor thread"}
2024-08-07T16:09:04.661+02:00  INFO 20518 --- [      Thread-52] d.f.e.m.s.autoconfigure.EmbeddedMongo    : {"t":{"$date":"2024-08-07T16:09:04.661+02:00"},"s":"I",  "c":"INDEX",    "id":3684101, "ctx":"thread32","msg":"Finished shutting down TTL collection monitor thread"}
2024-08-07T16:09:04.661+02:00  INFO 20518 --- [      Thread-52] d.f.e.m.s.autoconfigure.EmbeddedMongo    : {"t":{"$date":"2024-08-07T16:09:04.661+02:00"},"s":"I",  "c":"CONTROL",  "id":6278511, "ctx":"thread32","msg":"Shutting down the Change Stream Expired Pre-images Remover"}
2024-08-07T16:09:04.661+02:00  INFO 20518 --- [      Thread-52] d.f.e.m.s.autoconfigure.EmbeddedMongo    : {"t":{"$date":"2024-08-07T16:09:04.661+02:00"},"s":"I",  "c":"CONTROL",  "id":4784929, "ctx":"thread32","msg":"Acquiring the global lock for shutdown"}
2024-08-07T16:09:04.661+02:00  INFO 20518 --- [      Thread-52] d.f.e.m.s.autoconfigure.EmbeddedMongo    : {"t":{"$date":"2024-08-07T16:09:04.661+02:00"},"s":"I",  "c":"CONTROL",  "id":4784930, "ctx":"thread32","msg":"Shutting down the storage engine"}
2024-08-07T16:09:04.661+02:00  INFO 20518 --- [      Thread-52] d.f.e.m.s.autoconfigure.EmbeddedMongo    : {"t":{"$date":"2024-08-07T16:09:04.661+02:00"},"s":"I",  "c":"STORAGE",  "id":22320,   "ctx":"thread32","msg":"Shutting down journal flusher thread"}
2024-08-07T16:09:04.715+02:00  INFO 20518 --- [      Thread-52] d.f.e.m.s.autoconfigure.EmbeddedMongo    : {"t":{"$date":"2024-08-07T16:09:04.715+02:00"},"s":"I",  "c":"STORAGE",  "id":22321,   "ctx":"thread32","msg":"Finished shutting down journal flusher thread"}
2024-08-07T16:09:04.715+02:00  INFO 20518 --- [      Thread-52] d.f.e.m.s.autoconfigure.EmbeddedMongo    : {"t":{"$date":"2024-08-07T16:09:04.715+02:00"},"s":"I",  "c":"STORAGE",  "id":22322,   "ctx":"thread32","msg":"Shutting down checkpoint thread"}
2024-08-07T16:09:04.716+02:00  INFO 20518 --- [      Thread-52] d.f.e.m.s.autoconfigure.EmbeddedMongo    : {"t":{"$date":"2024-08-07T16:09:04.715+02:00"},"s":"I",  "c":"STORAGE",  "id":22323,   "ctx":"thread32","msg":"Finished shutting down checkpoint thread"}
2024-08-07T16:09:04.716+02:00  INFO 20518 --- [      Thread-52] d.f.e.m.s.autoconfigure.EmbeddedMongo    : {"t":{"$date":"2024-08-07T16:09:04.715+02:00"},"s":"I",  "c":"STORAGE",  "id":20282,   "ctx":"thread32","msg":"Deregistering all the collections"}
2024-08-07T16:09:04.716+02:00  INFO 20518 --- [      Thread-52] d.f.e.m.s.autoconfigure.EmbeddedMongo    : {"t":{"$date":"2024-08-07T16:09:04.715+02:00"},"s":"I",  "c":"STORAGE",  "id":22261,   "ctx":"thread32","msg":"Timestamp monitor shutting down"}
2024-08-07T16:09:04.716+02:00  INFO 20518 --- [      Thread-52] d.f.e.m.s.autoconfigure.EmbeddedMongo    : {"t":{"$date":"2024-08-07T16:09:04.715+02:00"},"s":"I",  "c":"STORAGE",  "id":22317,   "ctx":"thread32","msg":"WiredTigerKVEngine shutting down"}
2024-08-07T16:09:04.716+02:00  INFO 20518 --- [      Thread-52] d.f.e.m.s.autoconfigure.EmbeddedMongo    : {"t":{"$date":"2024-08-07T16:09:04.715+02:00"},"s":"I",  "c":"STORAGE",  "id":22318,   "ctx":"thread32","msg":"Shutting down session sweeper thread"}
2024-08-07T16:09:04.716+02:00  INFO 20518 --- [      Thread-52] d.f.e.m.s.autoconfigure.EmbeddedMongo    : {"t":{"$date":"2024-08-07T16:09:04.716+02:00"},"s":"I",  "c":"STORAGE",  "id":22319,   "ctx":"thread32","msg":"Finished shutting down session sweeper thread"}
2024-08-07T16:09:04.716+02:00  INFO 20518 --- [      Thread-52] d.f.e.m.s.autoconfigure.EmbeddedMongo    : {"t":{"$date":"2024-08-07T16:09:04.716+02:00"},"s":"I",  "c":"STORAGE",  "id":4795902, "ctx":"thread32","msg":"Closing WiredTiger","attr":{"closeConfig":"leak_memory=true,"}}
2024-08-07T16:09:04.740+02:00  INFO 20518 --- [      Thread-52] d.f.e.m.s.autoconfigure.EmbeddedMongo    : {"t":{"$date":"2024-08-07T16:09:04.740+02:00"},"s":"I",  "c":"STORAGE",  "id":4795901, "ctx":"thread32","msg":"WiredTiger closed","attr":{"durationMillis":24}}
2024-08-07T16:09:04.741+02:00  INFO 20518 --- [      Thread-52] d.f.e.m.s.autoconfigure.EmbeddedMongo    : {"t":{"$date":"2024-08-07T16:09:04.740+02:00"},"s":"I",  "c":"STORAGE",  "id":22279,   "ctx":"thread32","msg":"shutdown: removing fs lock..."}
2024-08-07T16:09:04.741+02:00  INFO 20518 --- [      Thread-52] d.f.e.m.s.autoconfigure.EmbeddedMongo    : {"t":{"$date":"2024-08-07T16:09:04.740+02:00"},"s":"I",  "c":"-",        "id":4784931, "ctx":"thread32","msg":"Dropping the scope cache for shutdown"}
2024-08-07T16:09:04.741+02:00  INFO 20518 --- [      Thread-52] d.f.e.m.s.autoconfigure.EmbeddedMongo    : {"t":{"$date":"2024-08-07T16:09:04.740+02:00"},"s":"I",  "c":"FTDC",     "id":20626,   "ctx":"thread32","msg":"Shutting down full-time diagnostic data capture"}
2024-08-07T16:09:04.742+02:00  INFO 20518 --- [      Thread-52] d.f.e.m.s.autoconfigure.EmbeddedMongo    : {"t":{"$date":"2024-08-07T16:09:04.742+02:00"},"s":"I",  "c":"CONTROL",  "id":20565,   "ctx":"thread32","msg":"Now exiting"}
2024-08-07T16:09:04.742+02:00  INFO 20518 --- [      Thread-52] d.f.e.m.s.autoconfigure.EmbeddedMongo    : {"t":{"$date":"2024-08-07T16:09:04.742+02:00"},"s":"I",  "c":"CONTROL",  "id":23138,   "ctx":"thread32","msg":"Shutting down","attr":{"exitCode":0}}
]]></system-out>
  </testcase>
  <testcase name="getStatusOk_whenLogout" classname="com.github.wekaito.backend.security.MongoUserControllerTest" time="0.006">
    <system-out><![CDATA[
  .   ____          _            __ _ _
 /\\ / ___'_ __ _ _(_)_ __  __ _ \ \ \ \
( ( )\___ | '_ | '_| | '_ \/ _` | \ \ \ \
 \\/  ___)| |_)| | | | | || (_| |  ) ) ) )
  '  |____| .__|_| |_|_| |_\__, | / / / /
 =========|_|==============|___/=/_/_/_/
 :: Spring Boot ::                (v3.1.2)

2024-08-07T16:09:04.861+02:00  INFO 20518 --- [           main] c.g.w.b.s.MongoUserControllerTest        : Starting MongoUserControllerTest using Java 21.0.4 with PID 20518 (started by daniel in /home/daniel/GitHub/digimon-tcg-simulator/backend)
2024-08-07T16:09:04.861+02:00  INFO 20518 --- [           main] c.g.w.b.s.MongoUserControllerTest        : No active profile set, falling back to 1 default profile: "default"
2024-08-07T16:09:04.997+02:00  INFO 20518 --- [           main] .s.d.r.c.RepositoryConfigurationDelegate : Bootstrapping Spring Data MongoDB repositories in DEFAULT mode.
2024-08-07T16:09:05.003+02:00  INFO 20518 --- [           main] .s.d.r.c.RepositoryConfigurationDelegate : Finished Spring Data repository scanning in 5 ms. Found 3 MongoDB repository interfaces.
2024-08-07T16:09:05.031+02:00  INFO 20518 --- [           main] trationDelegate$BeanPostProcessorChecker : Bean 'de.flapdoodle.embed.mongo.spring.autoconfigure.EmbeddedMongoAutoConfiguration' of type [de.flapdoodle.embed.mongo.spring.autoconfigure.EmbeddedMongoAutoConfiguration] is not eligible for getting processed by all BeanPostProcessors (for example: not eligible for auto-proxying)
2024-08-07T16:09:05.033+02:00  INFO 20518 --- [           main] trationDelegate$BeanPostProcessorChecker : Bean 'de.flapdoodle.mongodb.embedded-de.flapdoodle.embed.mongo.spring.autoconfigure.EmbeddedMongoProperties' of type [de.flapdoodle.embed.mongo.spring.autoconfigure.EmbeddedMongoProperties] is not eligible for getting processed by all BeanPostProcessors (for example: not eligible for auto-proxying)
2024-08-07T16:09:05.034+02:00  INFO 20518 --- [           main] trationDelegate$BeanPostProcessorChecker : Bean 'spring.data.mongodb-org.springframework.boot.autoconfigure.mongo.MongoProperties' of type [org.springframework.boot.autoconfigure.mongo.MongoProperties] is not eligible for getting processed by all BeanPostProcessors (for example: not eligible for auto-proxying)
2024-08-07T16:09:05.043+02:00  INFO 20518 --- [           main] d.f.e.m.s.a.SyncClientServerFactory      : sync server factory
2024-08-07T16:09:05.065+02:00  INFO 20518 --- [      Thread-68] d.f.e.m.s.autoconfigure.EmbeddedMongo    : {"t":{"$date":"2024-08-07T16:09:05.065+02:00"},"s":"I",  "c":"NETWORK",  "id":4915701, "ctx":"-","msg":"Initialized wire specification","attr":{"spec":{"incomingExternalClient":{"minWireVersion":0,"maxWireVersion":17},"incomingInternalClient":{"minWireVersion":0,"maxWireVersion":17},"outgoing":{"minWireVersion":6,"maxWireVersion":17},"isInternalClient":true}}}
2024-08-07T16:09:05.066+02:00  INFO 20518 --- [      Thread-68] d.f.e.m.s.autoconfigure.EmbeddedMongo    : {"t":{"$date":"2024-08-07T16:09:05.066+02:00"},"s":"I",  "c":"CONTROL",  "id":23285,   "ctx":"main","msg":"Automatically disabling TLS 1.0, to force-enable TLS 1.0 specify --sslDisabledProtocols 'none'"}
2024-08-07T16:09:05.066+02:00  INFO 20518 --- [      Thread-68] d.f.e.m.s.autoconfigure.EmbeddedMongo    : {"t":{"$date":"2024-08-07T16:09:05.066+02:00"},"s":"I",  "c":"NETWORK",  "id":4648601, "ctx":"main","msg":"Implicit TCP FastOpen unavailable. If TCP FastOpen is required, set tcpFastOpenServer, tcpFastOpenClient, and tcpFastOpenQueueSize."}
2024-08-07T16:09:05.067+02:00  INFO 20518 --- [      Thread-68] d.f.e.m.s.autoconfigure.EmbeddedMongo    : {"t":{"$date":"2024-08-07T16:09:05.067+02:00"},"s":"I",  "c":"REPL",     "id":5123008, "ctx":"main","msg":"Successfully registered PrimaryOnlyService","attr":{"service":"TenantMigrationDonorService","namespace":"config.tenantMigrationDonors"}}
2024-08-07T16:09:05.067+02:00  INFO 20518 --- [      Thread-68] d.f.e.m.s.autoconfigure.EmbeddedMongo    : {"t":{"$date":"2024-08-07T16:09:05.067+02:00"},"s":"I",  "c":"REPL",     "id":5123008, "ctx":"main","msg":"Successfully registered PrimaryOnlyService","attr":{"service":"TenantMigrationRecipientService","namespace":"config.tenantMigrationRecipients"}}
2024-08-07T16:09:05.067+02:00  INFO 20518 --- [      Thread-68] d.f.e.m.s.autoconfigure.EmbeddedMongo    : {"t":{"$date":"2024-08-07T16:09:05.067+02:00"},"s":"I",  "c":"REPL",     "id":5123008, "ctx":"main","msg":"Successfully registered PrimaryOnlyService","attr":{"service":"ShardSplitDonorService","namespace":"config.tenantSplitDonors"}}
2024-08-07T16:09:05.067+02:00  INFO 20518 --- [      Thread-68] d.f.e.m.s.autoconfigure.EmbeddedMongo    : {"t":{"$date":"2024-08-07T16:09:05.067+02:00"},"s":"I",  "c":"CONTROL",  "id":5945603, "ctx":"main","msg":"Multi threading initialized"}
2024-08-07T16:09:05.067+02:00  INFO 20518 --- [      Thread-68] d.f.e.m.s.autoconfigure.EmbeddedMongo    : {"t":{"$date":"2024-08-07T16:09:05.067+02:00"},"s":"I",  "c":"CONTROL",  "id":4615611, "ctx":"initandlisten","msg":"MongoDB starting","attr":{"pid":21299,"port":39283,"dbPath":"/tmp/temp--62f8b09f-819b-4bf2-ba40-0f6e92513e5b/mongod-database11159253700026670668","architecture":"64-bit","host":"DNK-PC-RTX"}}
2024-08-07T16:09:05.068+02:00  INFO 20518 --- [      Thread-68] d.f.e.m.s.autoconfigure.EmbeddedMongo    : {"t":{"$date":"2024-08-07T16:09:05.067+02:00"},"s":"I",  "c":"CONTROL",  "id":23403,   "ctx":"initandlisten","msg":"Build Info","attr":{"buildInfo":{"version":"6.0.1","gitVersion":"32f0f9c88dc44a2c8073a5bd47cf779d4bfdee6b","openSSLVersion":"OpenSSL 1.1.1f  31 Mar 2020","modules":[],"allocator":"tcmalloc","environment":{"distmod":"ubuntu2004","distarch":"x86_64","target_arch":"x86_64"}}}}
2024-08-07T16:09:05.068+02:00  INFO 20518 --- [      Thread-68] d.f.e.m.s.autoconfigure.EmbeddedMongo    : {"t":{"$date":"2024-08-07T16:09:05.067+02:00"},"s":"I",  "c":"CONTROL",  "id":51765,   "ctx":"initandlisten","msg":"Operating System","attr":{"os":{"name":"Ubuntu","version":"22.04"}}}
2024-08-07T16:09:05.068+02:00  INFO 20518 --- [      Thread-68] d.f.e.m.s.autoconfigure.EmbeddedMongo    : {"t":{"$date":"2024-08-07T16:09:05.067+02:00"},"s":"I",  "c":"CONTROL",  "id":21951,   "ctx":"initandlisten","msg":"Options set by command line","attr":{"options":{"net":{"bindIp":"127.0.0.1","port":39283},"security":{"authorization":"disabled"},"storage":{"dbPath":"/tmp/temp--62f8b09f-819b-4bf2-ba40-0f6e92513e5b/mongod-database11159253700026670668","journal":{"enabled":false},"syncPeriodSecs":0}}}}
2024-08-07T16:09:05.068+02:00  INFO 20518 --- [      Thread-68] d.f.e.m.s.autoconfigure.EmbeddedMongo    : {"t":{"$date":"2024-08-07T16:09:05.068+02:00"},"s":"I",  "c":"STORAGE",  "id":22297,   "ctx":"initandlisten","msg":"Using the XFS filesystem is strongly recommended with the WiredTiger storage engine. See http://dochub.mongodb.org/core/prodnotes-filesystem","tags":["startupWarnings"]}
2024-08-07T16:09:05.068+02:00  INFO 20518 --- [      Thread-68] d.f.e.m.s.autoconfigure.EmbeddedMongo    : {"t":{"$date":"2024-08-07T16:09:05.068+02:00"},"s":"I",  "c":"STORAGE",  "id":22315,   "ctx":"initandlisten","msg":"Opening WiredTiger","attr":{"config":"create,cache_size=3427M,session_max=33000,eviction=(threads_min=4,threads_max=4),config_base=false,statistics=(fast),log=(enabled=true,remove=true,path=journal,compressor=snappy),builtin_extension_config=(zstd=(compression_level=6)),file_manager=(close_idle_time=600,close_scan_interval=10,close_handle_minimum=2000),statistics_log=(wait=0),json_output=(error,message),verbose=[recovery_progress:1,checkpoint_progress:1,compact_progress:1,backup:0,checkpoint:0,compact:0,evict:0,history_store:0,recovery:0,rts:0,salvage:0,tiered:0,timestamp:0,transaction:0,verify:0,log:0],,log=(enabled=false),"}}
2024-08-07T16:09:05.213+02:00  INFO 20518 --- [      Thread-68] d.f.e.m.s.autoconfigure.EmbeddedMongo    : {"t":{"$date":"2024-08-07T16:09:05.213+02:00"},"s":"I",  "c":"STORAGE",  "id":4795906, "ctx":"initandlisten","msg":"WiredTiger opened","attr":{"durationMillis":145}}
2024-08-07T16:09:05.213+02:00  INFO 20518 --- [      Thread-68] d.f.e.m.s.autoconfigure.EmbeddedMongo    : {"t":{"$date":"2024-08-07T16:09:05.213+02:00"},"s":"I",  "c":"RECOVERY", "id":23987,   "ctx":"initandlisten","msg":"WiredTiger recoveryTimestamp","attr":{"recoveryTimestamp":{"$timestamp":{"t":0,"i":0}}}}
2024-08-07T16:09:05.244+02:00  INFO 20518 --- [      Thread-68] d.f.e.m.s.autoconfigure.EmbeddedMongo    : {"t":{"$date":"2024-08-07T16:09:05.244+02:00"},"s":"I",  "c":"WT",       "id":4366408, "ctx":"initandlisten","msg":"No table logging settings modifications are required for existing WiredTiger tables","attr":{"loggingEnabled":true}}
2024-08-07T16:09:05.253+02:00  INFO 20518 --- [      Thread-68] d.f.e.m.s.autoconfigure.EmbeddedMongo    : {"t":{"$date":"2024-08-07T16:09:05.252+02:00"},"s":"W",  "c":"CONTROL",  "id":22178,   "ctx":"initandlisten","msg":"/sys/kernel/mm/transparent_hugepage/enabled is 'always'. We suggest setting it to 'never'","tags":["startupWarnings"]}
2024-08-07T16:09:05.253+02:00  INFO 20518 --- [      Thread-68] d.f.e.m.s.autoconfigure.EmbeddedMongo    : {"t":{"$date":"2024-08-07T16:09:05.253+02:00"},"s":"W",  "c":"CONTROL",  "id":5123300, "ctx":"initandlisten","msg":"vm.max_map_count is too low","attr":{"currentValue":262144,"recommendedMinimum":1677720,"maxConns":838860},"tags":["startupWarnings"]}
2024-08-07T16:09:05.253+02:00  INFO 20518 --- [      Thread-68] d.f.e.m.s.autoconfigure.EmbeddedMongo    : {"t":{"$date":"2024-08-07T16:09:05.253+02:00"},"s":"I",  "c":"STORAGE",  "id":20320,   "ctx":"initandlisten","msg":"createCollection","attr":{"namespace":"admin.system.version","uuidDisposition":"provided","uuid":{"uuid":{"$uuid":"16936b3a-2d43-44eb-a795-9c68769be108"}},"options":{"uuid":{"$uuid":"16936b3a-2d43-44eb-a795-9c68769be108"}}}}
2024-08-07T16:09:05.281+02:00  INFO 20518 --- [      Thread-68] d.f.e.m.s.autoconfigure.EmbeddedMongo    : {"t":{"$date":"2024-08-07T16:09:05.281+02:00"},"s":"I",  "c":"INDEX",    "id":20345,   "ctx":"initandlisten","msg":"Index build: done building","attr":{"buildUUID":null,"collectionUUID":{"uuid":{"$uuid":"16936b3a-2d43-44eb-a795-9c68769be108"}},"namespace":"admin.system.version","index":"_id_","ident":"index-1--4878501289151228242","collectionIdent":"collection-0--4878501289151228242","commitTimestamp":null}}
2024-08-07T16:09:05.281+02:00  INFO 20518 --- [      Thread-68] d.f.e.m.s.autoconfigure.EmbeddedMongo    : {"t":{"$date":"2024-08-07T16:09:05.281+02:00"},"s":"I",  "c":"REPL",     "id":20459,   "ctx":"initandlisten","msg":"Setting featureCompatibilityVersion","attr":{"newVersion":"6.0"}}
2024-08-07T16:09:05.281+02:00  INFO 20518 --- [      Thread-68] d.f.e.m.s.autoconfigure.EmbeddedMongo    : {"t":{"$date":"2024-08-07T16:09:05.281+02:00"},"s":"I",  "c":"REPL",     "id":5853300, "ctx":"initandlisten","msg":"current featureCompatibilityVersion value","attr":{"featureCompatibilityVersion":"6.0","context":"setFCV"}}
2024-08-07T16:09:05.281+02:00  INFO 20518 --- [      Thread-68] d.f.e.m.s.autoconfigure.EmbeddedMongo    : {"t":{"$date":"2024-08-07T16:09:05.281+02:00"},"s":"I",  "c":"NETWORK",  "id":4915702, "ctx":"initandlisten","msg":"Updated wire specification","attr":{"oldSpec":{"incomingExternalClient":{"minWireVersion":0,"maxWireVersion":17},"incomingInternalClient":{"minWireVersion":0,"maxWireVersion":17},"outgoing":{"minWireVersion":6,"maxWireVersion":17},"isInternalClient":true},"newSpec":{"incomingExternalClient":{"minWireVersion":0,"maxWireVersion":17},"incomingInternalClient":{"minWireVersion":17,"maxWireVersion":17},"outgoing":{"minWireVersion":17,"maxWireVersion":17},"isInternalClient":true}}}
2024-08-07T16:09:05.281+02:00  INFO 20518 --- [      Thread-68] d.f.e.m.s.autoconfigure.EmbeddedMongo    : {"t":{"$date":"2024-08-07T16:09:05.281+02:00"},"s":"I",  "c":"NETWORK",  "id":4915702, "ctx":"initandlisten","msg":"Updated wire specification","attr":{"oldSpec":{"incomingExternalClient":{"minWireVersion":0,"maxWireVersion":17},"incomingInternalClient":{"minWireVersion":17,"maxWireVersion":17},"outgoing":{"minWireVersion":17,"maxWireVersion":17},"isInternalClient":true},"newSpec":{"incomingExternalClient":{"minWireVersion":0,"maxWireVersion":17},"incomingInternalClient":{"minWireVersion":17,"maxWireVersion":17},"outgoing":{"minWireVersion":17,"maxWireVersion":17},"isInternalClient":true}}}
2024-08-07T16:09:05.282+02:00  INFO 20518 --- [      Thread-68] d.f.e.m.s.autoconfigure.EmbeddedMongo    : {"t":{"$date":"2024-08-07T16:09:05.281+02:00"},"s":"I",  "c":"REPL",     "id":5853300, "ctx":"initandlisten","msg":"current featureCompatibilityVersion value","attr":{"featureCompatibilityVersion":"6.0","context":"startup"}}
2024-08-07T16:09:05.282+02:00  INFO 20518 --- [      Thread-68] d.f.e.m.s.autoconfigure.EmbeddedMongo    : {"t":{"$date":"2024-08-07T16:09:05.281+02:00"},"s":"I",  "c":"STORAGE",  "id":5071100, "ctx":"initandlisten","msg":"Clearing temp directory"}
2024-08-07T16:09:05.282+02:00  INFO 20518 --- [      Thread-68] d.f.e.m.s.autoconfigure.EmbeddedMongo    : {"t":{"$date":"2024-08-07T16:09:05.281+02:00"},"s":"I",  "c":"CONTROL",  "id":20536,   "ctx":"initandlisten","msg":"Flow Control is enabled on this deployment"}
2024-08-07T16:09:05.282+02:00  INFO 20518 --- [      Thread-68] d.f.e.m.s.autoconfigure.EmbeddedMongo    : {"t":{"$date":"2024-08-07T16:09:05.281+02:00"},"s":"I",  "c":"FTDC",     "id":20625,   "ctx":"initandlisten","msg":"Initializing full-time diagnostic data capture","attr":{"dataDirectory":"/tmp/temp--62f8b09f-819b-4bf2-ba40-0f6e92513e5b/mongod-database11159253700026670668/diagnostic.data"}}
2024-08-07T16:09:05.282+02:00  INFO 20518 --- [      Thread-68] d.f.e.m.s.autoconfigure.EmbeddedMongo    : {"t":{"$date":"2024-08-07T16:09:05.282+02:00"},"s":"I",  "c":"STORAGE",  "id":20320,   "ctx":"initandlisten","msg":"createCollection","attr":{"namespace":"local.startup_log","uuidDisposition":"generated","uuid":{"uuid":{"$uuid":"f857918c-e81b-430f-977a-b50486fc3d04"}},"options":{"capped":true,"size":10485760}}}
2024-08-07T16:09:05.314+02:00  INFO 20518 --- [      Thread-68] d.f.e.m.s.autoconfigure.EmbeddedMongo    : {"t":{"$date":"2024-08-07T16:09:05.314+02:00"},"s":"I",  "c":"INDEX",    "id":20345,   "ctx":"initandlisten","msg":"Index build: done building","attr":{"buildUUID":null,"collectionUUID":{"uuid":{"$uuid":"f857918c-e81b-430f-977a-b50486fc3d04"}},"namespace":"local.startup_log","index":"_id_","ident":"index-3--4878501289151228242","collectionIdent":"collection-2--4878501289151228242","commitTimestamp":null}}
2024-08-07T16:09:05.314+02:00  INFO 20518 --- [      Thread-68] d.f.e.m.s.autoconfigure.EmbeddedMongo    : {"t":{"$date":"2024-08-07T16:09:05.314+02:00"},"s":"I",  "c":"REPL",     "id":6015317, "ctx":"initandlisten","msg":"Setting new configuration state","attr":{"newState":"ConfigReplicationDisabled","oldState":"ConfigPreStart"}}
2024-08-07T16:09:05.314+02:00  INFO 20518 --- [      Thread-68] d.f.e.m.s.autoconfigure.EmbeddedMongo    : {"t":{"$date":"2024-08-07T16:09:05.314+02:00"},"s":"I",  "c":"STORAGE",  "id":22262,   "ctx":"initandlisten","msg":"Timestamp monitor starting"}
2024-08-07T16:09:05.315+02:00  INFO 20518 --- [      Thread-68] d.f.e.m.s.autoconfigure.EmbeddedMongo    : {"t":{"$date":"2024-08-07T16:09:05.315+02:00"},"s":"I",  "c":"CONTROL",  "id":20712,   "ctx":"LogicalSessionCacheReap","msg":"Sessions collection is not set up; waiting until next sessions reap interval","attr":{"error":"NamespaceNotFound: config.system.sessions does not exist"}}
2024-08-07T16:09:05.315+02:00  INFO 20518 --- [      Thread-68] d.f.e.m.s.autoconfigure.EmbeddedMongo    : {"t":{"$date":"2024-08-07T16:09:05.315+02:00"},"s":"I",  "c":"STORAGE",  "id":20320,   "ctx":"LogicalSessionCacheRefresh","msg":"createCollection","attr":{"namespace":"config.system.sessions","uuidDisposition":"generated","uuid":{"uuid":{"$uuid":"ec426c85-9362-4cef-90a4-3c6db474e843"}},"options":{}}}
2024-08-07T16:09:05.315+02:00  INFO 20518 --- [      Thread-68] d.f.e.m.s.autoconfigure.EmbeddedMongo    : {"t":{"$date":"2024-08-07T16:09:05.315+02:00"},"s":"I",  "c":"NETWORK",  "id":23015,   "ctx":"listener","msg":"Listening on","attr":{"address":"/tmp/mongodb-39283.sock"}}
2024-08-07T16:09:05.315+02:00  INFO 20518 --- [      Thread-68] d.f.e.m.s.autoconfigure.EmbeddedMongo    : {"t":{"$date":"2024-08-07T16:09:05.315+02:00"},"s":"I",  "c":"NETWORK",  "id":23015,   "ctx":"listener","msg":"Listening on","attr":{"address":"127.0.0.1"}}
2024-08-07T16:09:05.315+02:00  INFO 20518 --- [      Thread-68] d.f.e.m.s.autoconfigure.EmbeddedMongo    : {"t":{"$date":"2024-08-07T16:09:05.315+02:00"},"s":"I",  "c":"NETWORK",  "id":23016,   "ctx":"listener","msg":"Waiting for connections","attr":{"port":39283,"ssl":"off"}}
2024-08-07T16:09:05.319+02:00  INFO 20518 --- [           main] org.mongodb.driver.client                : MongoClient with metadata {"driver": {"name": "mongo-java-driver|sync|spring-boot", "version": "4.9.1"}, "os": {"type": "Linux", "name": "Linux", "architecture": "amd64", "version": "5.15.153.1-microsoft-standard-WSL2"}, "platform": "Java/Ubuntu/21.0.4+7-Ubuntu-1ubuntu222.04"} created with settings MongoClientSettings{readPreference=primary, writeConcern=WriteConcern{w=null, wTimeout=null ms, journal=null}, retryWrites=true, retryReads=true, readConcern=ReadConcern{level=null}, credential=null, streamFactoryFactory=null, commandListeners=[], codecRegistry=ProvidersCodecRegistry{codecProviders=[ValueCodecProvider{}, BsonValueCodecProvider{}, DBRefCodecProvider{}, DBObjectCodecProvider{}, DocumentCodecProvider{}, CollectionCodecProvider{}, IterableCodecProvider{}, MapCodecProvider{}, GeoJsonCodecProvider{}, GridFSFileCodecProvider{}, Jsr310CodecProvider{}, JsonObjectCodecProvider{}, BsonCodecProvider{}, EnumCodecProvider{}, com.mongodb.client.model.mql.ExpressionCodecProvider@4cf1ba4e, com.mongodb.Jep395RecordCodecProvider@23368646]}, loggerSettings=LoggerSettings{maxDocumentLength=1000}, clusterSettings={hosts=[localhost:39283], srvServiceName=mongodb, mode=SINGLE, requiredClusterType=UNKNOWN, requiredReplicaSetName='null', serverSelector='null', clusterListeners='[]', serverSelectionTimeout='30000 ms', localThreshold='30000 ms'}, socketSettings=SocketSettings{connectTimeoutMS=10000, readTimeoutMS=0, receiveBufferSize=0, sendBufferSize=0}, heartbeatSocketSettings=SocketSettings{connectTimeoutMS=10000, readTimeoutMS=10000, receiveBufferSize=0, sendBufferSize=0}, connectionPoolSettings=ConnectionPoolSettings{maxSize=100, minSize=0, maxWaitTimeMS=120000, maxConnectionLifeTimeMS=0, maxConnectionIdleTimeMS=0, maintenanceInitialDelayMS=0, maintenanceFrequencyMS=60000, connectionPoolListeners=[], maxConnecting=2}, serverSettings=ServerSettings{heartbeatFrequencyMS=10000, minHeartbeatFrequencyMS=500, serverListeners='[]', serverMonitorListeners='[]'}, sslSettings=SslSettings{enabled=false, invalidHostNameAllowed=false, context=null}, applicationName='null', compressorList=[], uuidRepresentation=JAVA_LEGACY, serverApi=null, autoEncryptionSettings=null, contextProvider=null}
2024-08-07T16:09:05.320+02:00  INFO 20518 --- [      Thread-68] d.f.e.m.s.autoconfigure.EmbeddedMongo    : {"t":{"$date":"2024-08-07T16:09:05.319+02:00"},"s":"I",  "c":"NETWORK",  "id":22943,   "ctx":"listener","msg":"Connection accepted","attr":{"remote":"127.0.0.1:39962","uuid":"bd33bde4-5940-4504-a3b9-057b644eefa1","connectionId":1,"connectionCount":1}}
2024-08-07T16:09:05.320+02:00  INFO 20518 --- [      Thread-68] d.f.e.m.s.autoconfigure.EmbeddedMongo    : {"t":{"$date":"2024-08-07T16:09:05.320+02:00"},"s":"I",  "c":"NETWORK",  "id":22943,   "ctx":"listener","msg":"Connection accepted","attr":{"remote":"127.0.0.1:39978","uuid":"4ddb6d61-fbc1-4fc2-b578-3441f4422d65","connectionId":2,"connectionCount":2}}
2024-08-07T16:09:05.320+02:00  INFO 20518 --- [      Thread-68] d.f.e.m.s.autoconfigure.EmbeddedMongo    : {"t":{"$date":"2024-08-07T16:09:05.320+02:00"},"s":"I",  "c":"NETWORK",  "id":51800,   "ctx":"conn1","msg":"client metadata","attr":{"remote":"127.0.0.1:39962","client":"conn1","doc":{"driver":{"name":"mongo-java-driver|sync|spring-boot","version":"4.9.1"},"os":{"type":"Linux","name":"Linux","architecture":"amd64","version":"5.15.153.1-microsoft-standard-WSL2"},"platform":"Java/Ubuntu/21.0.4+7-Ubuntu-1ubuntu222.04"}}}
2024-08-07T16:09:05.320+02:00  INFO 20518 --- [      Thread-68] d.f.e.m.s.autoconfigure.EmbeddedMongo    : {"t":{"$date":"2024-08-07T16:09:05.320+02:00"},"s":"I",  "c":"NETWORK",  "id":51800,   "ctx":"conn2","msg":"client metadata","attr":{"remote":"127.0.0.1:39978","client":"conn2","doc":{"driver":{"name":"mongo-java-driver|sync|spring-boot","version":"4.9.1"},"os":{"type":"Linux","name":"Linux","architecture":"amd64","version":"5.15.153.1-microsoft-standard-WSL2"},"platform":"Java/Ubuntu/21.0.4+7-Ubuntu-1ubuntu222.04"}}}
2024-08-07T16:09:05.320+02:00  INFO 20518 --- [localhost:39283] org.mongodb.driver.cluster               : Monitor thread successfully connected to server with description ServerDescription{address=localhost:39283, type=STANDALONE, state=CONNECTED, ok=true, minWireVersion=0, maxWireVersion=17, maxDocumentSize=16777216, logicalSessionTimeoutMinutes=30, roundTripTimeNanos=919582}
2024-08-07T16:09:05.364+02:00  INFO 20518 --- [      Thread-68] d.f.e.m.s.autoconfigure.EmbeddedMongo    : {"t":{"$date":"2024-08-07T16:09:05.364+02:00"},"s":"I",  "c":"INDEX",    "id":20345,   "ctx":"LogicalSessionCacheRefresh","msg":"Index build: done building","attr":{"buildUUID":null,"collectionUUID":{"uuid":{"$uuid":"ec426c85-9362-4cef-90a4-3c6db474e843"}},"namespace":"config.system.sessions","index":"_id_","ident":"index-5--4878501289151228242","collectionIdent":"collection-4--4878501289151228242","commitTimestamp":null}}
2024-08-07T16:09:05.365+02:00  INFO 20518 --- [      Thread-68] d.f.e.m.s.autoconfigure.EmbeddedMongo    : {"t":{"$date":"2024-08-07T16:09:05.364+02:00"},"s":"I",  "c":"INDEX",    "id":20345,   "ctx":"LogicalSessionCacheRefresh","msg":"Index build: done building","attr":{"buildUUID":null,"collectionUUID":{"uuid":{"$uuid":"ec426c85-9362-4cef-90a4-3c6db474e843"}},"namespace":"config.system.sessions","index":"lsidTTLIndex","ident":"index-6--4878501289151228242","collectionIdent":"collection-4--4878501289151228242","commitTimestamp":null}}
2024-08-07T16:09:05.519+02:00  INFO 20518 --- [      Thread-68] d.f.e.m.s.autoconfigure.EmbeddedMongo    : {"t":{"$date":"2024-08-07T16:09:05.519+02:00"},"s":"I",  "c":"NETWORK",  "id":22943,   "ctx":"listener","msg":"Connection accepted","attr":{"remote":"127.0.0.1:39982","uuid":"38a2861b-d024-4fbd-913d-e038aa2a54b8","connectionId":3,"connectionCount":3}}
2024-08-07T16:09:05.519+02:00  INFO 20518 --- [      Thread-68] d.f.e.m.s.autoconfigure.EmbeddedMongo    : {"t":{"$date":"2024-08-07T16:09:05.519+02:00"},"s":"I",  "c":"NETWORK",  "id":51800,   "ctx":"conn3","msg":"client metadata","attr":{"remote":"127.0.0.1:39982","client":"conn3","doc":{"driver":{"name":"mongo-java-driver|sync|spring-boot","version":"4.9.1"},"os":{"type":"Linux","name":"Linux","architecture":"amd64","version":"5.15.153.1-microsoft-standard-WSL2"},"platform":"Java/Ubuntu/21.0.4+7-Ubuntu-1ubuntu222.04"}}}
2024-08-07T16:09:05.717+02:00  INFO 20518 --- [      Thread-68] d.f.e.m.s.autoconfigure.EmbeddedMongo    : {"t":{"$date":"2024-08-07T16:09:05.717+02:00"},"s":"I",  "c":"STORAGE",  "id":20320,   "ctx":"conn3","msg":"createCollection","attr":{"namespace":"test.card","uuidDisposition":"generated","uuid":{"uuid":{"$uuid":"3f2cfa40-534b-446e-ae72-4d80476a53e8"}},"options":{}}}
2024-08-07T16:09:05.755+02:00  INFO 20518 --- [      Thread-68] d.f.e.m.s.autoconfigure.EmbeddedMongo    : {"t":{"$date":"2024-08-07T16:09:05.755+02:00"},"s":"I",  "c":"INDEX",    "id":20345,   "ctx":"conn3","msg":"Index build: done building","attr":{"buildUUID":null,"collectionUUID":{"uuid":{"$uuid":"3f2cfa40-534b-446e-ae72-4d80476a53e8"}},"namespace":"test.card","index":"_id_","ident":"index-8--4878501289151228242","collectionIdent":"collection-7--4878501289151228242","commitTimestamp":null}}
2024-08-07T16:09:05.793+02:00  INFO 20518 --- [           main] o.s.s.web.DefaultSecurityFilterChain     : Will secure any request with [org.springframework.security.web.session.DisableEncodeUrlFilter@b2a04b5, org.springframework.security.web.session.ForceEagerSessionCreationFilter@1aaea328, org.springframework.security.web.context.request.async.WebAsyncManagerIntegrationFilter@78b1f25f, org.springframework.security.web.context.SecurityContextHolderFilter@4df940d7, org.springframework.security.web.header.HeaderWriterFilter@2df6f170, org.springframework.security.web.csrf.CsrfFilter@1e88664d, org.springframework.security.web.authentication.logout.LogoutFilter@6e746639, org.springframework.security.web.authentication.www.BasicAuthenticationFilter@4e4bfbdb, org.springframework.security.web.savedrequest.RequestCacheAwareFilter@14a68733, org.springframework.security.web.servletapi.SecurityContextHolderAwareRequestFilter@e4199a6, org.springframework.security.web.authentication.AnonymousAuthenticationFilter@29fdb768, org.springframework.security.web.session.SessionManagementFilter@109ef687, org.springframework.security.web.access.ExceptionTranslationFilter@4f02c083, org.springframework.security.web.access.intercept.AuthorizationFilter@4622f7e6]
2024-08-07T16:09:05.855+02:00  INFO 20518 --- [           main] o.s.b.t.m.w.SpringBootMockServletContext : Initializing Spring TestDispatcherServlet ''
2024-08-07T16:09:05.855+02:00  INFO 20518 --- [           main] o.s.t.web.servlet.TestDispatcherServlet  : Initializing Servlet ''
2024-08-07T16:09:05.856+02:00  INFO 20518 --- [           main] o.s.t.web.servlet.TestDispatcherServlet  : Completed initialization in 1 ms
2024-08-07T16:09:05.865+02:00  INFO 20518 --- [           main] c.g.w.b.s.MongoUserControllerTest        : Started MongoUserControllerTest in 1.018 seconds (process running for 25.853)
]]></system-out>
  </testcase>
  <testcase name="expectMessage_AfterChangeQuestion" classname="com.github.wekaito.backend.security.MongoUserControllerTest" time="3.022">
    <system-out><![CDATA[2024-08-07T16:09:06.550+02:00  INFO 20518 --- [      Thread-68] d.f.e.m.s.autoconfigure.EmbeddedMongo    : {"t":{"$date":"2024-08-07T16:09:06.550+02:00"},"s":"I",  "c":"NETWORK",  "id":22943,   "ctx":"listener","msg":"Connection accepted","attr":{"remote":"127.0.0.1:39988","uuid":"f1388506-8a96-4d61-a32e-5866253ac2e9","connectionId":4,"connectionCount":4}}
2024-08-07T16:09:06.550+02:00  INFO 20518 --- [      Thread-68] d.f.e.m.s.autoconfigure.EmbeddedMongo    : {"t":{"$date":"2024-08-07T16:09:06.550+02:00"},"s":"I",  "c":"NETWORK",  "id":51800,   "ctx":"conn4","msg":"client metadata","attr":{"remote":"127.0.0.1:39988","client":"conn4","doc":{"driver":{"name":"mongo-java-driver|sync|spring-boot","version":"4.9.1"},"os":{"type":"Linux","name":"Linux","architecture":"amd64","version":"5.15.153.1-microsoft-standard-WSL2"},"platform":"Java/Ubuntu/21.0.4+7-Ubuntu-1ubuntu222.04"}}}
2024-08-07T16:09:06.552+02:00  INFO 20518 --- [      Thread-68] d.f.e.m.s.autoconfigure.EmbeddedMongo    : {"t":{"$date":"2024-08-07T16:09:06.551+02:00"},"s":"I",  "c":"STORAGE",  "id":20320,   "ctx":"conn4","msg":"createCollection","attr":{"namespace":"test.users","uuidDisposition":"generated","uuid":{"uuid":{"$uuid":"76995965-df4d-492b-bea9-1c85ac69c7fc"}},"options":{}}}
2024-08-07T16:09:06.598+02:00  INFO 20518 --- [      Thread-68] d.f.e.m.s.autoconfigure.EmbeddedMongo    : {"t":{"$date":"2024-08-07T16:09:06.598+02:00"},"s":"I",  "c":"INDEX",    "id":20345,   "ctx":"conn4","msg":"Index build: done building","attr":{"buildUUID":null,"collectionUUID":{"uuid":{"$uuid":"76995965-df4d-492b-bea9-1c85ac69c7fc"}},"namespace":"test.users","index":"_id_","ident":"index-10--4878501289151228242","collectionIdent":"collection-9--4878501289151228242","commitTimestamp":null}}
2024-08-07T16:09:08.620+02:00  INFO 20518 --- [      Thread-68] d.f.e.m.s.autoconfigure.EmbeddedMongo    : {"t":{"$date":"2024-08-07T16:09:08.620+02:00"},"s":"I",  "c":"NETWORK",  "id":22944,   "ctx":"conn4","msg":"Connection ended","attr":{"remote":"127.0.0.1:39988","uuid":"f1388506-8a96-4d61-a32e-5866253ac2e9","connectionId":4,"connectionCount":3}}
2024-08-07T16:09:08.620+02:00  INFO 20518 --- [      Thread-68] d.f.e.m.s.autoconfigure.EmbeddedMongo    : {"t":{"$date":"2024-08-07T16:09:08.620+02:00"},"s":"I",  "c":"NETWORK",  "id":22944,   "ctx":"conn3","msg":"Connection ended","attr":{"remote":"127.0.0.1:39982","uuid":"38a2861b-d024-4fbd-913d-e038aa2a54b8","connectionId":3,"connectionCount":2}}
2024-08-07T16:09:08.621+02:00  INFO 20518 --- [      Thread-68] d.f.e.m.s.autoconfigure.EmbeddedMongo    : {"t":{"$date":"2024-08-07T16:09:08.620+02:00"},"s":"I",  "c":"-",        "id":20883,   "ctx":"conn1","msg":"Interrupted operation as its client disconnected","attr":{"opId":12}}
2024-08-07T16:09:08.621+02:00  INFO 20518 --- [      Thread-68] d.f.e.m.s.autoconfigure.EmbeddedMongo    : {"t":{"$date":"2024-08-07T16:09:08.620+02:00"},"s":"I",  "c":"NETWORK",  "id":22944,   "ctx":"conn2","msg":"Connection ended","attr":{"remote":"127.0.0.1:39978","uuid":"4ddb6d61-fbc1-4fc2-b578-3441f4422d65","connectionId":2,"connectionCount":1}}
2024-08-07T16:09:08.621+02:00  INFO 20518 --- [      Thread-68] d.f.e.m.s.autoconfigure.EmbeddedMongo    : {"t":{"$date":"2024-08-07T16:09:08.621+02:00"},"s":"I",  "c":"NETWORK",  "id":22944,   "ctx":"conn1","msg":"Connection ended","attr":{"remote":"127.0.0.1:39962","uuid":"bd33bde4-5940-4504-a3b9-057b644eefa1","connectionId":1,"connectionCount":0}}
2024-08-07T16:09:08.621+02:00  INFO 20518 --- [      Thread-68] d.f.e.m.s.autoconfigure.EmbeddedMongo    : {"t":{"$date":"2024-08-07T16:09:08.621+02:00"},"s":"I",  "c":"NETWORK",  "id":22943,   "ctx":"listener","msg":"Connection accepted","attr":{"remote":"127.0.0.1:40000","uuid":"46316509-2e1c-48ed-8b5f-d1db0c03c8ab","connectionId":5,"connectionCount":1}}
2024-08-07T16:09:08.621+02:00  INFO 20518 --- [      Thread-68] d.f.e.m.s.autoconfigure.EmbeddedMongo    : {"t":{"$date":"2024-08-07T16:09:08.621+02:00"},"s":"W",  "c":"COMMAND",  "id":5578800, "ctx":"conn5","msg":"Received wire protocol op code or command that is no longer supported. The client driver may require an upgrade. For more details see https://dochub.mongodb.org/core/legacy-opcode-removal","attr":{"op":"query","clientInfo":{"address":"127.0.0.1:40000"}}}
2024-08-07T16:09:08.621+02:00 ERROR 20518 --- [           main] d.flapdoodle.embed.mongo.runtime.Mongod  : Got some response, should be an error message
2024-08-07T16:09:08.621+02:00  INFO 20518 --- [      Thread-68] d.f.e.m.s.autoconfigure.EmbeddedMongo    : {"t":{"$date":"2024-08-07T16:09:08.621+02:00"},"s":"I",  "c":"NETWORK",  "id":22944,   "ctx":"conn5","msg":"Connection ended","attr":{"remote":"127.0.0.1:40000","uuid":"46316509-2e1c-48ed-8b5f-d1db0c03c8ab","connectionId":5,"connectionCount":0}}
2024-08-07T16:09:08.722+02:00  INFO 20518 --- [      Thread-68] d.f.e.m.s.autoconfigure.EmbeddedMongo    : {"t":{"$date":"2024-08-07T16:09:08.721+02:00"},"s":"I",  "c":"NETWORK",  "id":22943,   "ctx":"listener","msg":"Connection accepted","attr":{"remote":"127.0.0.1:40002","uuid":"097707eb-6207-4d1f-896d-cbf7b051b64a","connectionId":6,"connectionCount":1}}
2024-08-07T16:09:08.722+02:00  INFO 20518 --- [      Thread-68] d.f.e.m.s.autoconfigure.EmbeddedMongo    : {"t":{"$date":"2024-08-07T16:09:08.722+02:00"},"s":"I",  "c":"COMMAND",  "id":4695400, "ctx":"conn6","msg":"Terminating via shutdown command","attr":{"force":false,"timeoutMillis":15000}}
2024-08-07T16:09:08.722+02:00  INFO 20518 --- [      Thread-68] d.f.e.m.s.autoconfigure.EmbeddedMongo    : {"t":{"$date":"2024-08-07T16:09:08.722+02:00"},"s":"I",  "c":"REPL",     "id":4794602, "ctx":"thread32","msg":"Attempting to enter quiesce mode"}
2024-08-07T16:09:08.722+02:00  INFO 20518 --- [      Thread-68] d.f.e.m.s.autoconfigure.EmbeddedMongo    : {"t":{"$date":"2024-08-07T16:09:08.722+02:00"},"s":"I",  "c":"-",        "id":6371601, "ctx":"thread32","msg":"Shutting down the FLE Crud thread pool"}
2024-08-07T16:09:08.722+02:00  INFO 20518 --- [      Thread-68] d.f.e.m.s.autoconfigure.EmbeddedMongo    : {"t":{"$date":"2024-08-07T16:09:08.722+02:00"},"s":"I",  "c":"COMMAND",  "id":4784901, "ctx":"thread32","msg":"Shutting down the MirrorMaestro"}
2024-08-07T16:09:08.722+02:00  INFO 20518 --- [      Thread-68] d.f.e.m.s.autoconfigure.EmbeddedMongo    : {"t":{"$date":"2024-08-07T16:09:08.722+02:00"},"s":"I",  "c":"SHARDING", "id":4784902, "ctx":"thread32","msg":"Shutting down the WaitForMajorityService"}
2024-08-07T16:09:08.722+02:00  INFO 20518 --- [      Thread-68] d.f.e.m.s.autoconfigure.EmbeddedMongo    : {"t":{"$date":"2024-08-07T16:09:08.722+02:00"},"s":"I",  "c":"CONTROL",  "id":4784903, "ctx":"thread32","msg":"Shutting down the LogicalSessionCache"}
2024-08-07T16:09:08.723+02:00  INFO 20518 --- [      Thread-68] d.f.e.m.s.autoconfigure.EmbeddedMongo    : {"t":{"$date":"2024-08-07T16:09:08.723+02:00"},"s":"I",  "c":"NETWORK",  "id":20562,   "ctx":"thread32","msg":"Shutdown: going to close listening sockets"}
2024-08-07T16:09:08.723+02:00  INFO 20518 --- [      Thread-68] d.f.e.m.s.autoconfigure.EmbeddedMongo    : {"t":{"$date":"2024-08-07T16:09:08.723+02:00"},"s":"I",  "c":"NETWORK",  "id":23017,   "ctx":"listener","msg":"removing socket file","attr":{"path":"/tmp/mongodb-39283.sock"}}
2024-08-07T16:09:08.723+02:00  INFO 20518 --- [      Thread-68] d.f.e.m.s.autoconfigure.EmbeddedMongo    : {"t":{"$date":"2024-08-07T16:09:08.723+02:00"},"s":"I",  "c":"NETWORK",  "id":4784905, "ctx":"thread32","msg":"Shutting down the global connection pool"}
2024-08-07T16:09:08.723+02:00  INFO 20518 --- [      Thread-68] d.f.e.m.s.autoconfigure.EmbeddedMongo    : {"t":{"$date":"2024-08-07T16:09:08.723+02:00"},"s":"I",  "c":"CONTROL",  "id":4784906, "ctx":"thread32","msg":"Shutting down the FlowControlTicketholder"}
2024-08-07T16:09:08.723+02:00  INFO 20518 --- [      Thread-68] d.f.e.m.s.autoconfigure.EmbeddedMongo    : {"t":{"$date":"2024-08-07T16:09:08.723+02:00"},"s":"I",  "c":"-",        "id":20520,   "ctx":"thread32","msg":"Stopping further Flow Control ticket acquisitions."}
2024-08-07T16:09:08.723+02:00  INFO 20518 --- [      Thread-68] d.f.e.m.s.autoconfigure.EmbeddedMongo    : {"t":{"$date":"2024-08-07T16:09:08.723+02:00"},"s":"I",  "c":"CONTROL",  "id":4784908, "ctx":"thread32","msg":"Shutting down the PeriodicThreadToAbortExpiredTransactions"}
2024-08-07T16:09:08.723+02:00  INFO 20518 --- [      Thread-68] d.f.e.m.s.autoconfigure.EmbeddedMongo    : {"t":{"$date":"2024-08-07T16:09:08.723+02:00"},"s":"I",  "c":"REPL",     "id":4784909, "ctx":"thread32","msg":"Shutting down the ReplicationCoordinator"}
2024-08-07T16:09:08.723+02:00  INFO 20518 --- [      Thread-68] d.f.e.m.s.autoconfigure.EmbeddedMongo    : {"t":{"$date":"2024-08-07T16:09:08.723+02:00"},"s":"I",  "c":"SHARDING", "id":4784910, "ctx":"thread32","msg":"Shutting down the ShardingInitializationMongoD"}
2024-08-07T16:09:08.723+02:00  INFO 20518 --- [      Thread-68] d.f.e.m.s.autoconfigure.EmbeddedMongo    : {"t":{"$date":"2024-08-07T16:09:08.723+02:00"},"s":"I",  "c":"REPL",     "id":4784911, "ctx":"thread32","msg":"Enqueuing the ReplicationStateTransitionLock for shutdown"}
2024-08-07T16:09:08.723+02:00  INFO 20518 --- [      Thread-68] d.f.e.m.s.autoconfigure.EmbeddedMongo    : {"t":{"$date":"2024-08-07T16:09:08.723+02:00"},"s":"I",  "c":"-",        "id":4784912, "ctx":"thread32","msg":"Killing all operations for shutdown"}
2024-08-07T16:09:08.723+02:00  INFO 20518 --- [      Thread-68] d.f.e.m.s.autoconfigure.EmbeddedMongo    : {"t":{"$date":"2024-08-07T16:09:08.723+02:00"},"s":"I",  "c":"-",        "id":4695300, "ctx":"thread32","msg":"Interrupted all currently running operations","attr":{"opsKilled":3}}
2024-08-07T16:09:08.723+02:00  INFO 20518 --- [      Thread-68] d.f.e.m.s.autoconfigure.EmbeddedMongo    : {"t":{"$date":"2024-08-07T16:09:08.723+02:00"},"s":"I",  "c":"TENANT_M", "id":5093807, "ctx":"thread32","msg":"Shutting down all TenantMigrationAccessBlockers on global shutdown"}
2024-08-07T16:09:08.723+02:00  INFO 20518 --- [      Thread-68] d.f.e.m.s.autoconfigure.EmbeddedMongo    : {"t":{"$date":"2024-08-07T16:09:08.723+02:00"},"s":"I",  "c":"COMMAND",  "id":4784913, "ctx":"thread32","msg":"Shutting down all open transactions"}
2024-08-07T16:09:08.723+02:00  INFO 20518 --- [      Thread-68] d.f.e.m.s.autoconfigure.EmbeddedMongo    : {"t":{"$date":"2024-08-07T16:09:08.723+02:00"},"s":"I",  "c":"REPL",     "id":4784914, "ctx":"thread32","msg":"Acquiring the ReplicationStateTransitionLock for shutdown"}
2024-08-07T16:09:08.723+02:00  INFO 20518 --- [      Thread-68] d.f.e.m.s.autoconfigure.EmbeddedMongo    : {"t":{"$date":"2024-08-07T16:09:08.723+02:00"},"s":"I",  "c":"INDEX",    "id":4784915, "ctx":"thread32","msg":"Shutting down the IndexBuildsCoordinator"}
2024-08-07T16:09:08.723+02:00  INFO 20518 --- [      Thread-68] d.f.e.m.s.autoconfigure.EmbeddedMongo    : {"t":{"$date":"2024-08-07T16:09:08.723+02:00"},"s":"I",  "c":"NETWORK",  "id":4784918, "ctx":"thread32","msg":"Shutting down the ReplicaSetMonitor"}
2024-08-07T16:09:08.723+02:00  INFO 20518 --- [      Thread-68] d.f.e.m.s.autoconfigure.EmbeddedMongo    : {"t":{"$date":"2024-08-07T16:09:08.723+02:00"},"s":"I",  "c":"SHARDING", "id":4784921, "ctx":"thread32","msg":"Shutting down the MigrationUtilExecutor"}
2024-08-07T16:09:08.723+02:00  INFO 20518 --- [      Thread-68] d.f.e.m.s.autoconfigure.EmbeddedMongo    : {"t":{"$date":"2024-08-07T16:09:08.723+02:00"},"s":"I",  "c":"ASIO",     "id":22582,   "ctx":"MigrationUtil-TaskExecutor","msg":"Killing all outstanding egress activity."}
2024-08-07T16:09:08.723+02:00  INFO 20518 --- [      Thread-68] d.f.e.m.s.autoconfigure.EmbeddedMongo    : {"t":{"$date":"2024-08-07T16:09:08.723+02:00"},"s":"I",  "c":"COMMAND",  "id":4784923, "ctx":"thread32","msg":"Shutting down the ServiceEntryPoint"}
2024-08-07T16:09:08.723+02:00  INFO 20518 --- [      Thread-68] d.f.e.m.s.autoconfigure.EmbeddedMongo    : {"t":{"$date":"2024-08-07T16:09:08.723+02:00"},"s":"I",  "c":"CONTROL",  "id":4784925, "ctx":"thread32","msg":"Shutting down free monitoring"}
2024-08-07T16:09:08.723+02:00  INFO 20518 --- [      Thread-68] d.f.e.m.s.autoconfigure.EmbeddedMongo    : {"t":{"$date":"2024-08-07T16:09:08.723+02:00"},"s":"I",  "c":"CONTROL",  "id":20609,   "ctx":"thread32","msg":"Shutting down free monitoring"}
2024-08-07T16:09:08.724+02:00  INFO 20518 --- [      Thread-68] d.f.e.m.s.autoconfigure.EmbeddedMongo    : {"t":{"$date":"2024-08-07T16:09:08.724+02:00"},"s":"I",  "c":"CONTROL",  "id":4784927, "ctx":"thread32","msg":"Shutting down the HealthLog"}
2024-08-07T16:09:08.724+02:00  INFO 20518 --- [      Thread-68] d.f.e.m.s.autoconfigure.EmbeddedMongo    : {"t":{"$date":"2024-08-07T16:09:08.724+02:00"},"s":"I",  "c":"CONTROL",  "id":4784928, "ctx":"thread32","msg":"Shutting down the TTL monitor"}
2024-08-07T16:09:08.724+02:00  INFO 20518 --- [      Thread-68] d.f.e.m.s.autoconfigure.EmbeddedMongo    : {"t":{"$date":"2024-08-07T16:09:08.724+02:00"},"s":"I",  "c":"INDEX",    "id":3684100, "ctx":"thread32","msg":"Shutting down TTL collection monitor thread"}
2024-08-07T16:09:08.724+02:00  INFO 20518 --- [      Thread-68] d.f.e.m.s.autoconfigure.EmbeddedMongo    : {"t":{"$date":"2024-08-07T16:09:08.724+02:00"},"s":"I",  "c":"INDEX",    "id":3684101, "ctx":"thread32","msg":"Finished shutting down TTL collection monitor thread"}
2024-08-07T16:09:08.724+02:00  INFO 20518 --- [      Thread-68] d.f.e.m.s.autoconfigure.EmbeddedMongo    : {"t":{"$date":"2024-08-07T16:09:08.724+02:00"},"s":"I",  "c":"CONTROL",  "id":6278511, "ctx":"thread32","msg":"Shutting down the Change Stream Expired Pre-images Remover"}
2024-08-07T16:09:08.724+02:00  INFO 20518 --- [      Thread-68] d.f.e.m.s.autoconfigure.EmbeddedMongo    : {"t":{"$date":"2024-08-07T16:09:08.724+02:00"},"s":"I",  "c":"CONTROL",  "id":4784929, "ctx":"thread32","msg":"Acquiring the global lock for shutdown"}
2024-08-07T16:09:08.724+02:00  INFO 20518 --- [      Thread-68] d.f.e.m.s.autoconfigure.EmbeddedMongo    : {"t":{"$date":"2024-08-07T16:09:08.724+02:00"},"s":"I",  "c":"CONTROL",  "id":4784930, "ctx":"thread32","msg":"Shutting down the storage engine"}
2024-08-07T16:09:08.724+02:00  INFO 20518 --- [      Thread-68] d.f.e.m.s.autoconfigure.EmbeddedMongo    : {"t":{"$date":"2024-08-07T16:09:08.724+02:00"},"s":"I",  "c":"STORAGE",  "id":22320,   "ctx":"thread32","msg":"Shutting down journal flusher thread"}
2024-08-07T16:09:08.771+02:00  INFO 20518 --- [      Thread-68] d.f.e.m.s.autoconfigure.EmbeddedMongo    : {"t":{"$date":"2024-08-07T16:09:08.771+02:00"},"s":"I",  "c":"STORAGE",  "id":22321,   "ctx":"thread32","msg":"Finished shutting down journal flusher thread"}
2024-08-07T16:09:08.772+02:00  INFO 20518 --- [      Thread-68] d.f.e.m.s.autoconfigure.EmbeddedMongo    : {"t":{"$date":"2024-08-07T16:09:08.771+02:00"},"s":"I",  "c":"STORAGE",  "id":22322,   "ctx":"thread32","msg":"Shutting down checkpoint thread"}
2024-08-07T16:09:08.772+02:00  INFO 20518 --- [      Thread-68] d.f.e.m.s.autoconfigure.EmbeddedMongo    : {"t":{"$date":"2024-08-07T16:09:08.771+02:00"},"s":"I",  "c":"STORAGE",  "id":22323,   "ctx":"thread32","msg":"Finished shutting down checkpoint thread"}
2024-08-07T16:09:08.772+02:00  INFO 20518 --- [      Thread-68] d.f.e.m.s.autoconfigure.EmbeddedMongo    : {"t":{"$date":"2024-08-07T16:09:08.771+02:00"},"s":"I",  "c":"STORAGE",  "id":20282,   "ctx":"thread32","msg":"Deregistering all the collections"}
2024-08-07T16:09:08.772+02:00  INFO 20518 --- [      Thread-68] d.f.e.m.s.autoconfigure.EmbeddedMongo    : {"t":{"$date":"2024-08-07T16:09:08.771+02:00"},"s":"I",  "c":"STORAGE",  "id":22261,   "ctx":"thread32","msg":"Timestamp monitor shutting down"}
2024-08-07T16:09:08.772+02:00  INFO 20518 --- [      Thread-68] d.f.e.m.s.autoconfigure.EmbeddedMongo    : {"t":{"$date":"2024-08-07T16:09:08.771+02:00"},"s":"I",  "c":"STORAGE",  "id":22317,   "ctx":"thread32","msg":"WiredTigerKVEngine shutting down"}
2024-08-07T16:09:08.772+02:00  INFO 20518 --- [      Thread-68] d.f.e.m.s.autoconfigure.EmbeddedMongo    : {"t":{"$date":"2024-08-07T16:09:08.771+02:00"},"s":"I",  "c":"STORAGE",  "id":22318,   "ctx":"thread32","msg":"Shutting down session sweeper thread"}
2024-08-07T16:09:08.772+02:00  INFO 20518 --- [      Thread-68] d.f.e.m.s.autoconfigure.EmbeddedMongo    : {"t":{"$date":"2024-08-07T16:09:08.772+02:00"},"s":"I",  "c":"STORAGE",  "id":22319,   "ctx":"thread32","msg":"Finished shutting down session sweeper thread"}
2024-08-07T16:09:08.772+02:00  INFO 20518 --- [      Thread-68] d.f.e.m.s.autoconfigure.EmbeddedMongo    : {"t":{"$date":"2024-08-07T16:09:08.772+02:00"},"s":"I",  "c":"STORAGE",  "id":4795902, "ctx":"thread32","msg":"Closing WiredTiger","attr":{"closeConfig":"leak_memory=true,"}}
2024-08-07T16:09:08.792+02:00  INFO 20518 --- [      Thread-68] d.f.e.m.s.autoconfigure.EmbeddedMongo    : {"t":{"$date":"2024-08-07T16:09:08.792+02:00"},"s":"I",  "c":"STORAGE",  "id":4795901, "ctx":"thread32","msg":"WiredTiger closed","attr":{"durationMillis":20}}
2024-08-07T16:09:08.792+02:00  INFO 20518 --- [      Thread-68] d.f.e.m.s.autoconfigure.EmbeddedMongo    : {"t":{"$date":"2024-08-07T16:09:08.792+02:00"},"s":"I",  "c":"STORAGE",  "id":22279,   "ctx":"thread32","msg":"shutdown: removing fs lock..."}
2024-08-07T16:09:08.792+02:00  INFO 20518 --- [      Thread-68] d.f.e.m.s.autoconfigure.EmbeddedMongo    : {"t":{"$date":"2024-08-07T16:09:08.792+02:00"},"s":"I",  "c":"-",        "id":4784931, "ctx":"thread32","msg":"Dropping the scope cache for shutdown"}
2024-08-07T16:09:08.792+02:00  INFO 20518 --- [      Thread-68] d.f.e.m.s.autoconfigure.EmbeddedMongo    : {"t":{"$date":"2024-08-07T16:09:08.792+02:00"},"s":"I",  "c":"FTDC",     "id":20626,   "ctx":"thread32","msg":"Shutting down full-time diagnostic data capture"}
2024-08-07T16:09:08.793+02:00  INFO 20518 --- [      Thread-68] d.f.e.m.s.autoconfigure.EmbeddedMongo    : {"t":{"$date":"2024-08-07T16:09:08.793+02:00"},"s":"I",  "c":"CONTROL",  "id":20565,   "ctx":"thread32","msg":"Now exiting"}
2024-08-07T16:09:08.794+02:00  INFO 20518 --- [      Thread-68] d.f.e.m.s.autoconfigure.EmbeddedMongo    : {"t":{"$date":"2024-08-07T16:09:08.794+02:00"},"s":"I",  "c":"CONTROL",  "id":23138,   "ctx":"thread32","msg":"Shutting down","attr":{"exitCode":0}}
]]></system-out>
  </testcase>
  <testcase name="getAnonymousUser_whenGetUserName" classname="com.github.wekaito.backend.security.MongoUserControllerTest" time="0.005">
    <system-out><![CDATA[
  .   ____          _            __ _ _
 /\\ / ___'_ __ _ _(_)_ __  __ _ \ \ \ \
( ( )\___ | '_ | '_| | '_ \/ _` | \ \ \ \
 \\/  ___)| |_)| | | | | || (_| |  ) ) ) )
  '  |____| .__|_| |_|_| |_\__, | / / / /
 =========|_|==============|___/=/_/_/_/
 :: Spring Boot ::                (v3.1.2)

2024-08-07T16:09:08.908+02:00  INFO 20518 --- [           main] c.g.w.b.s.MongoUserControllerTest        : Starting MongoUserControllerTest using Java 21.0.4 with PID 20518 (started by daniel in /home/daniel/GitHub/digimon-tcg-simulator/backend)
2024-08-07T16:09:08.908+02:00  INFO 20518 --- [           main] c.g.w.b.s.MongoUserControllerTest        : No active profile set, falling back to 1 default profile: "default"
2024-08-07T16:09:09.013+02:00  INFO 20518 --- [           main] .s.d.r.c.RepositoryConfigurationDelegate : Bootstrapping Spring Data MongoDB repositories in DEFAULT mode.
2024-08-07T16:09:09.018+02:00  INFO 20518 --- [           main] .s.d.r.c.RepositoryConfigurationDelegate : Finished Spring Data repository scanning in 4 ms. Found 3 MongoDB repository interfaces.
2024-08-07T16:09:09.040+02:00  INFO 20518 --- [           main] trationDelegate$BeanPostProcessorChecker : Bean 'de.flapdoodle.embed.mongo.spring.autoconfigure.EmbeddedMongoAutoConfiguration' of type [de.flapdoodle.embed.mongo.spring.autoconfigure.EmbeddedMongoAutoConfiguration] is not eligible for getting processed by all BeanPostProcessors (for example: not eligible for auto-proxying)
2024-08-07T16:09:09.042+02:00  INFO 20518 --- [           main] trationDelegate$BeanPostProcessorChecker : Bean 'de.flapdoodle.mongodb.embedded-de.flapdoodle.embed.mongo.spring.autoconfigure.EmbeddedMongoProperties' of type [de.flapdoodle.embed.mongo.spring.autoconfigure.EmbeddedMongoProperties] is not eligible for getting processed by all BeanPostProcessors (for example: not eligible for auto-proxying)
2024-08-07T16:09:09.043+02:00  INFO 20518 --- [           main] trationDelegate$BeanPostProcessorChecker : Bean 'spring.data.mongodb-org.springframework.boot.autoconfigure.mongo.MongoProperties' of type [org.springframework.boot.autoconfigure.mongo.MongoProperties] is not eligible for getting processed by all BeanPostProcessors (for example: not eligible for auto-proxying)
2024-08-07T16:09:09.050+02:00  INFO 20518 --- [           main] d.f.e.m.s.a.SyncClientServerFactory      : sync server factory
2024-08-07T16:09:09.073+02:00  INFO 20518 --- [      Thread-84] d.f.e.m.s.autoconfigure.EmbeddedMongo    : {"t":{"$date":"2024-08-07T16:09:09.073+02:00"},"s":"I",  "c":"NETWORK",  "id":4915701, "ctx":"-","msg":"Initialized wire specification","attr":{"spec":{"incomingExternalClient":{"minWireVersion":0,"maxWireVersion":17},"incomingInternalClient":{"minWireVersion":0,"maxWireVersion":17},"outgoing":{"minWireVersion":6,"maxWireVersion":17},"isInternalClient":true}}}
2024-08-07T16:09:09.073+02:00  INFO 20518 --- [      Thread-84] d.f.e.m.s.autoconfigure.EmbeddedMongo    : {"t":{"$date":"2024-08-07T16:09:09.073+02:00"},"s":"I",  "c":"CONTROL",  "id":23285,   "ctx":"-","msg":"Automatically disabling TLS 1.0, to force-enable TLS 1.0 specify --sslDisabledProtocols 'none'"}
2024-08-07T16:09:09.073+02:00  INFO 20518 --- [      Thread-84] d.f.e.m.s.autoconfigure.EmbeddedMongo    : {"t":{"$date":"2024-08-07T16:09:09.073+02:00"},"s":"I",  "c":"NETWORK",  "id":4648601, "ctx":"main","msg":"Implicit TCP FastOpen unavailable. If TCP FastOpen is required, set tcpFastOpenServer, tcpFastOpenClient, and tcpFastOpenQueueSize."}
2024-08-07T16:09:09.074+02:00  INFO 20518 --- [      Thread-84] d.f.e.m.s.autoconfigure.EmbeddedMongo    : {"t":{"$date":"2024-08-07T16:09:09.074+02:00"},"s":"I",  "c":"REPL",     "id":5123008, "ctx":"main","msg":"Successfully registered PrimaryOnlyService","attr":{"service":"TenantMigrationDonorService","namespace":"config.tenantMigrationDonors"}}
2024-08-07T16:09:09.074+02:00  INFO 20518 --- [      Thread-84] d.f.e.m.s.autoconfigure.EmbeddedMongo    : {"t":{"$date":"2024-08-07T16:09:09.074+02:00"},"s":"I",  "c":"REPL",     "id":5123008, "ctx":"main","msg":"Successfully registered PrimaryOnlyService","attr":{"service":"TenantMigrationRecipientService","namespace":"config.tenantMigrationRecipients"}}
2024-08-07T16:09:09.074+02:00  INFO 20518 --- [      Thread-84] d.f.e.m.s.autoconfigure.EmbeddedMongo    : {"t":{"$date":"2024-08-07T16:09:09.074+02:00"},"s":"I",  "c":"REPL",     "id":5123008, "ctx":"main","msg":"Successfully registered PrimaryOnlyService","attr":{"service":"ShardSplitDonorService","namespace":"config.tenantSplitDonors"}}
2024-08-07T16:09:09.074+02:00  INFO 20518 --- [      Thread-84] d.f.e.m.s.autoconfigure.EmbeddedMongo    : {"t":{"$date":"2024-08-07T16:09:09.074+02:00"},"s":"I",  "c":"CONTROL",  "id":5945603, "ctx":"main","msg":"Multi threading initialized"}
2024-08-07T16:09:09.074+02:00  INFO 20518 --- [      Thread-84] d.f.e.m.s.autoconfigure.EmbeddedMongo    : {"t":{"$date":"2024-08-07T16:09:09.074+02:00"},"s":"I",  "c":"CONTROL",  "id":4615611, "ctx":"initandlisten","msg":"MongoDB starting","attr":{"pid":21424,"port":33951,"dbPath":"/tmp/temp--7be6cfa6-1311-4689-a911-57cfd7fb5eb1/mongod-database6464473559373955744","architecture":"64-bit","host":"DNK-PC-RTX"}}
2024-08-07T16:09:09.074+02:00  INFO 20518 --- [      Thread-84] d.f.e.m.s.autoconfigure.EmbeddedMongo    : {"t":{"$date":"2024-08-07T16:09:09.074+02:00"},"s":"I",  "c":"CONTROL",  "id":23403,   "ctx":"initandlisten","msg":"Build Info","attr":{"buildInfo":{"version":"6.0.1","gitVersion":"32f0f9c88dc44a2c8073a5bd47cf779d4bfdee6b","openSSLVersion":"OpenSSL 1.1.1f  31 Mar 2020","modules":[],"allocator":"tcmalloc","environment":{"distmod":"ubuntu2004","distarch":"x86_64","target_arch":"x86_64"}}}}
2024-08-07T16:09:09.074+02:00  INFO 20518 --- [      Thread-84] d.f.e.m.s.autoconfigure.EmbeddedMongo    : {"t":{"$date":"2024-08-07T16:09:09.074+02:00"},"s":"I",  "c":"CONTROL",  "id":51765,   "ctx":"initandlisten","msg":"Operating System","attr":{"os":{"name":"Ubuntu","version":"22.04"}}}
2024-08-07T16:09:09.074+02:00  INFO 20518 --- [      Thread-84] d.f.e.m.s.autoconfigure.EmbeddedMongo    : {"t":{"$date":"2024-08-07T16:09:09.074+02:00"},"s":"I",  "c":"CONTROL",  "id":21951,   "ctx":"initandlisten","msg":"Options set by command line","attr":{"options":{"net":{"bindIp":"127.0.0.1","port":33951},"security":{"authorization":"disabled"},"storage":{"dbPath":"/tmp/temp--7be6cfa6-1311-4689-a911-57cfd7fb5eb1/mongod-database6464473559373955744","journal":{"enabled":false},"syncPeriodSecs":0}}}}
2024-08-07T16:09:09.074+02:00  INFO 20518 --- [      Thread-84] d.f.e.m.s.autoconfigure.EmbeddedMongo    : {"t":{"$date":"2024-08-07T16:09:09.074+02:00"},"s":"I",  "c":"STORAGE",  "id":22297,   "ctx":"initandlisten","msg":"Using the XFS filesystem is strongly recommended with the WiredTiger storage engine. See http://dochub.mongodb.org/core/prodnotes-filesystem","tags":["startupWarnings"]}
2024-08-07T16:09:09.074+02:00  INFO 20518 --- [      Thread-84] d.f.e.m.s.autoconfigure.EmbeddedMongo    : {"t":{"$date":"2024-08-07T16:09:09.074+02:00"},"s":"I",  "c":"STORAGE",  "id":22315,   "ctx":"initandlisten","msg":"Opening WiredTiger","attr":{"config":"create,cache_size=3427M,session_max=33000,eviction=(threads_min=4,threads_max=4),config_base=false,statistics=(fast),log=(enabled=true,remove=true,path=journal,compressor=snappy),builtin_extension_config=(zstd=(compression_level=6)),file_manager=(close_idle_time=600,close_scan_interval=10,close_handle_minimum=2000),statistics_log=(wait=0),json_output=(error,message),verbose=[recovery_progress:1,checkpoint_progress:1,compact_progress:1,backup:0,checkpoint:0,compact:0,evict:0,history_store:0,recovery:0,rts:0,salvage:0,tiered:0,timestamp:0,transaction:0,verify:0,log:0],,log=(enabled=false),"}}
2024-08-07T16:09:09.231+02:00  INFO 20518 --- [      Thread-84] d.f.e.m.s.autoconfigure.EmbeddedMongo    : {"t":{"$date":"2024-08-07T16:09:09.231+02:00"},"s":"I",  "c":"STORAGE",  "id":4795906, "ctx":"initandlisten","msg":"WiredTiger opened","attr":{"durationMillis":157}}
2024-08-07T16:09:09.231+02:00  INFO 20518 --- [      Thread-84] d.f.e.m.s.autoconfigure.EmbeddedMongo    : {"t":{"$date":"2024-08-07T16:09:09.231+02:00"},"s":"I",  "c":"RECOVERY", "id":23987,   "ctx":"initandlisten","msg":"WiredTiger recoveryTimestamp","attr":{"recoveryTimestamp":{"$timestamp":{"t":0,"i":0}}}}
2024-08-07T16:09:09.261+02:00  INFO 20518 --- [      Thread-84] d.f.e.m.s.autoconfigure.EmbeddedMongo    : {"t":{"$date":"2024-08-07T16:09:09.261+02:00"},"s":"I",  "c":"WT",       "id":4366408, "ctx":"initandlisten","msg":"No table logging settings modifications are required for existing WiredTiger tables","attr":{"loggingEnabled":true}}
2024-08-07T16:09:09.270+02:00  INFO 20518 --- [      Thread-84] d.f.e.m.s.autoconfigure.EmbeddedMongo    : {"t":{"$date":"2024-08-07T16:09:09.270+02:00"},"s":"W",  "c":"CONTROL",  "id":22178,   "ctx":"initandlisten","msg":"/sys/kernel/mm/transparent_hugepage/enabled is 'always'. We suggest setting it to 'never'","tags":["startupWarnings"]}
2024-08-07T16:09:09.270+02:00  INFO 20518 --- [      Thread-84] d.f.e.m.s.autoconfigure.EmbeddedMongo    : {"t":{"$date":"2024-08-07T16:09:09.270+02:00"},"s":"W",  "c":"CONTROL",  "id":5123300, "ctx":"initandlisten","msg":"vm.max_map_count is too low","attr":{"currentValue":262144,"recommendedMinimum":1677720,"maxConns":838860},"tags":["startupWarnings"]}
2024-08-07T16:09:09.270+02:00  INFO 20518 --- [      Thread-84] d.f.e.m.s.autoconfigure.EmbeddedMongo    : {"t":{"$date":"2024-08-07T16:09:09.270+02:00"},"s":"I",  "c":"STORAGE",  "id":20320,   "ctx":"initandlisten","msg":"createCollection","attr":{"namespace":"admin.system.version","uuidDisposition":"provided","uuid":{"uuid":{"$uuid":"88cde263-78ed-4881-a3b6-cb6345fd93e3"}},"options":{"uuid":{"$uuid":"88cde263-78ed-4881-a3b6-cb6345fd93e3"}}}}
2024-08-07T16:09:09.299+02:00  INFO 20518 --- [      Thread-84] d.f.e.m.s.autoconfigure.EmbeddedMongo    : {"t":{"$date":"2024-08-07T16:09:09.299+02:00"},"s":"I",  "c":"INDEX",    "id":20345,   "ctx":"initandlisten","msg":"Index build: done building","attr":{"buildUUID":null,"collectionUUID":{"uuid":{"$uuid":"88cde263-78ed-4881-a3b6-cb6345fd93e3"}},"namespace":"admin.system.version","index":"_id_","ident":"index-1-1141476551045753402","collectionIdent":"collection-0-1141476551045753402","commitTimestamp":null}}
2024-08-07T16:09:09.299+02:00  INFO 20518 --- [      Thread-84] d.f.e.m.s.autoconfigure.EmbeddedMongo    : {"t":{"$date":"2024-08-07T16:09:09.299+02:00"},"s":"I",  "c":"REPL",     "id":20459,   "ctx":"initandlisten","msg":"Setting featureCompatibilityVersion","attr":{"newVersion":"6.0"}}
2024-08-07T16:09:09.299+02:00  INFO 20518 --- [      Thread-84] d.f.e.m.s.autoconfigure.EmbeddedMongo    : {"t":{"$date":"2024-08-07T16:09:09.299+02:00"},"s":"I",  "c":"REPL",     "id":5853300, "ctx":"initandlisten","msg":"current featureCompatibilityVersion value","attr":{"featureCompatibilityVersion":"6.0","context":"setFCV"}}
2024-08-07T16:09:09.299+02:00  INFO 20518 --- [      Thread-84] d.f.e.m.s.autoconfigure.EmbeddedMongo    : {"t":{"$date":"2024-08-07T16:09:09.299+02:00"},"s":"I",  "c":"NETWORK",  "id":4915702, "ctx":"initandlisten","msg":"Updated wire specification","attr":{"oldSpec":{"incomingExternalClient":{"minWireVersion":0,"maxWireVersion":17},"incomingInternalClient":{"minWireVersion":0,"maxWireVersion":17},"outgoing":{"minWireVersion":6,"maxWireVersion":17},"isInternalClient":true},"newSpec":{"incomingExternalClient":{"minWireVersion":0,"maxWireVersion":17},"incomingInternalClient":{"minWireVersion":17,"maxWireVersion":17},"outgoing":{"minWireVersion":17,"maxWireVersion":17},"isInternalClient":true}}}
2024-08-07T16:09:09.299+02:00  INFO 20518 --- [      Thread-84] d.f.e.m.s.autoconfigure.EmbeddedMongo    : {"t":{"$date":"2024-08-07T16:09:09.299+02:00"},"s":"I",  "c":"NETWORK",  "id":4915702, "ctx":"initandlisten","msg":"Updated wire specification","attr":{"oldSpec":{"incomingExternalClient":{"minWireVersion":0,"maxWireVersion":17},"incomingInternalClient":{"minWireVersion":17,"maxWireVersion":17},"outgoing":{"minWireVersion":17,"maxWireVersion":17},"isInternalClient":true},"newSpec":{"incomingExternalClient":{"minWireVersion":0,"maxWireVersion":17},"incomingInternalClient":{"minWireVersion":17,"maxWireVersion":17},"outgoing":{"minWireVersion":17,"maxWireVersion":17},"isInternalClient":true}}}
2024-08-07T16:09:09.299+02:00  INFO 20518 --- [      Thread-84] d.f.e.m.s.autoconfigure.EmbeddedMongo    : {"t":{"$date":"2024-08-07T16:09:09.299+02:00"},"s":"I",  "c":"REPL",     "id":5853300, "ctx":"initandlisten","msg":"current featureCompatibilityVersion value","attr":{"featureCompatibilityVersion":"6.0","context":"startup"}}
2024-08-07T16:09:09.299+02:00  INFO 20518 --- [      Thread-84] d.f.e.m.s.autoconfigure.EmbeddedMongo    : {"t":{"$date":"2024-08-07T16:09:09.299+02:00"},"s":"I",  "c":"STORAGE",  "id":5071100, "ctx":"initandlisten","msg":"Clearing temp directory"}
2024-08-07T16:09:09.299+02:00  INFO 20518 --- [      Thread-84] d.f.e.m.s.autoconfigure.EmbeddedMongo    : {"t":{"$date":"2024-08-07T16:09:09.299+02:00"},"s":"I",  "c":"CONTROL",  "id":20536,   "ctx":"initandlisten","msg":"Flow Control is enabled on this deployment"}
2024-08-07T16:09:09.299+02:00  INFO 20518 --- [      Thread-84] d.f.e.m.s.autoconfigure.EmbeddedMongo    : {"t":{"$date":"2024-08-07T16:09:09.299+02:00"},"s":"I",  "c":"FTDC",     "id":20625,   "ctx":"initandlisten","msg":"Initializing full-time diagnostic data capture","attr":{"dataDirectory":"/tmp/temp--7be6cfa6-1311-4689-a911-57cfd7fb5eb1/mongod-database6464473559373955744/diagnostic.data"}}
2024-08-07T16:09:09.300+02:00  INFO 20518 --- [      Thread-84] d.f.e.m.s.autoconfigure.EmbeddedMongo    : {"t":{"$date":"2024-08-07T16:09:09.300+02:00"},"s":"I",  "c":"STORAGE",  "id":20320,   "ctx":"initandlisten","msg":"createCollection","attr":{"namespace":"local.startup_log","uuidDisposition":"generated","uuid":{"uuid":{"$uuid":"a8391d6e-0175-40e0-908c-0452352e295c"}},"options":{"capped":true,"size":10485760}}}
2024-08-07T16:09:09.332+02:00  INFO 20518 --- [      Thread-84] d.f.e.m.s.autoconfigure.EmbeddedMongo    : {"t":{"$date":"2024-08-07T16:09:09.332+02:00"},"s":"I",  "c":"INDEX",    "id":20345,   "ctx":"initandlisten","msg":"Index build: done building","attr":{"buildUUID":null,"collectionUUID":{"uuid":{"$uuid":"a8391d6e-0175-40e0-908c-0452352e295c"}},"namespace":"local.startup_log","index":"_id_","ident":"index-3-1141476551045753402","collectionIdent":"collection-2-1141476551045753402","commitTimestamp":null}}
2024-08-07T16:09:09.333+02:00  INFO 20518 --- [      Thread-84] d.f.e.m.s.autoconfigure.EmbeddedMongo    : {"t":{"$date":"2024-08-07T16:09:09.332+02:00"},"s":"I",  "c":"REPL",     "id":6015317, "ctx":"initandlisten","msg":"Setting new configuration state","attr":{"newState":"ConfigReplicationDisabled","oldState":"ConfigPreStart"}}
2024-08-07T16:09:09.333+02:00  INFO 20518 --- [      Thread-84] d.f.e.m.s.autoconfigure.EmbeddedMongo    : {"t":{"$date":"2024-08-07T16:09:09.333+02:00"},"s":"I",  "c":"STORAGE",  "id":22262,   "ctx":"initandlisten","msg":"Timestamp monitor starting"}
2024-08-07T16:09:09.333+02:00  INFO 20518 --- [      Thread-84] d.f.e.m.s.autoconfigure.EmbeddedMongo    : {"t":{"$date":"2024-08-07T16:09:09.333+02:00"},"s":"I",  "c":"CONTROL",  "id":20712,   "ctx":"LogicalSessionCacheReap","msg":"Sessions collection is not set up; waiting until next sessions reap interval","attr":{"error":"NamespaceNotFound: config.system.sessions does not exist"}}
2024-08-07T16:09:09.334+02:00  INFO 20518 --- [      Thread-84] d.f.e.m.s.autoconfigure.EmbeddedMongo    : {"t":{"$date":"2024-08-07T16:09:09.333+02:00"},"s":"I",  "c":"STORAGE",  "id":20320,   "ctx":"LogicalSessionCacheRefresh","msg":"createCollection","attr":{"namespace":"config.system.sessions","uuidDisposition":"generated","uuid":{"uuid":{"$uuid":"f781579b-b75c-44e7-a7b2-2608ef6c7d2a"}},"options":{}}}
2024-08-07T16:09:09.334+02:00  INFO 20518 --- [      Thread-84] d.f.e.m.s.autoconfigure.EmbeddedMongo    : {"t":{"$date":"2024-08-07T16:09:09.334+02:00"},"s":"I",  "c":"NETWORK",  "id":23015,   "ctx":"listener","msg":"Listening on","attr":{"address":"/tmp/mongodb-33951.sock"}}
2024-08-07T16:09:09.334+02:00  INFO 20518 --- [      Thread-84] d.f.e.m.s.autoconfigure.EmbeddedMongo    : {"t":{"$date":"2024-08-07T16:09:09.334+02:00"},"s":"I",  "c":"NETWORK",  "id":23015,   "ctx":"listener","msg":"Listening on","attr":{"address":"127.0.0.1"}}
2024-08-07T16:09:09.334+02:00  INFO 20518 --- [      Thread-84] d.f.e.m.s.autoconfigure.EmbeddedMongo    : {"t":{"$date":"2024-08-07T16:09:09.334+02:00"},"s":"I",  "c":"NETWORK",  "id":23016,   "ctx":"listener","msg":"Waiting for connections","attr":{"port":33951,"ssl":"off"}}
2024-08-07T16:09:09.338+02:00  INFO 20518 --- [           main] org.mongodb.driver.client                : MongoClient with metadata {"driver": {"name": "mongo-java-driver|sync|spring-boot", "version": "4.9.1"}, "os": {"type": "Linux", "name": "Linux", "architecture": "amd64", "version": "5.15.153.1-microsoft-standard-WSL2"}, "platform": "Java/Ubuntu/21.0.4+7-Ubuntu-1ubuntu222.04"} created with settings MongoClientSettings{readPreference=primary, writeConcern=WriteConcern{w=null, wTimeout=null ms, journal=null}, retryWrites=true, retryReads=true, readConcern=ReadConcern{level=null}, credential=null, streamFactoryFactory=null, commandListeners=[], codecRegistry=ProvidersCodecRegistry{codecProviders=[ValueCodecProvider{}, BsonValueCodecProvider{}, DBRefCodecProvider{}, DBObjectCodecProvider{}, DocumentCodecProvider{}, CollectionCodecProvider{}, IterableCodecProvider{}, MapCodecProvider{}, GeoJsonCodecProvider{}, GridFSFileCodecProvider{}, Jsr310CodecProvider{}, JsonObjectCodecProvider{}, BsonCodecProvider{}, EnumCodecProvider{}, com.mongodb.client.model.mql.ExpressionCodecProvider@4cf1ba4e, com.mongodb.Jep395RecordCodecProvider@23368646]}, loggerSettings=LoggerSettings{maxDocumentLength=1000}, clusterSettings={hosts=[localhost:33951], srvServiceName=mongodb, mode=SINGLE, requiredClusterType=UNKNOWN, requiredReplicaSetName='null', serverSelector='null', clusterListeners='[]', serverSelectionTimeout='30000 ms', localThreshold='30000 ms'}, socketSettings=SocketSettings{connectTimeoutMS=10000, readTimeoutMS=0, receiveBufferSize=0, sendBufferSize=0}, heartbeatSocketSettings=SocketSettings{connectTimeoutMS=10000, readTimeoutMS=10000, receiveBufferSize=0, sendBufferSize=0}, connectionPoolSettings=ConnectionPoolSettings{maxSize=100, minSize=0, maxWaitTimeMS=120000, maxConnectionLifeTimeMS=0, maxConnectionIdleTimeMS=0, maintenanceInitialDelayMS=0, maintenanceFrequencyMS=60000, connectionPoolListeners=[], maxConnecting=2}, serverSettings=ServerSettings{heartbeatFrequencyMS=10000, minHeartbeatFrequencyMS=500, serverListeners='[]', serverMonitorListeners='[]'}, sslSettings=SslSettings{enabled=false, invalidHostNameAllowed=false, context=null}, applicationName='null', compressorList=[], uuidRepresentation=JAVA_LEGACY, serverApi=null, autoEncryptionSettings=null, contextProvider=null}
2024-08-07T16:09:09.338+02:00  INFO 20518 --- [      Thread-84] d.f.e.m.s.autoconfigure.EmbeddedMongo    : {"t":{"$date":"2024-08-07T16:09:09.338+02:00"},"s":"I",  "c":"NETWORK",  "id":22943,   "ctx":"listener","msg":"Connection accepted","attr":{"remote":"127.0.0.1:39918","uuid":"e5f160fa-bbae-4f27-a1bd-273b5c708227","connectionId":1,"connectionCount":1}}
2024-08-07T16:09:09.338+02:00  INFO 20518 --- [      Thread-84] d.f.e.m.s.autoconfigure.EmbeddedMongo    : {"t":{"$date":"2024-08-07T16:09:09.338+02:00"},"s":"I",  "c":"NETWORK",  "id":22943,   "ctx":"listener","msg":"Connection accepted","attr":{"remote":"127.0.0.1:39926","uuid":"edbb6b4e-9e9f-4d23-ae06-64779d4daa76","connectionId":2,"connectionCount":2}}
2024-08-07T16:09:09.338+02:00  INFO 20518 --- [      Thread-84] d.f.e.m.s.autoconfigure.EmbeddedMongo    : {"t":{"$date":"2024-08-07T16:09:09.338+02:00"},"s":"I",  "c":"NETWORK",  "id":51800,   "ctx":"conn1","msg":"client metadata","attr":{"remote":"127.0.0.1:39918","client":"conn1","doc":{"driver":{"name":"mongo-java-driver|sync|spring-boot","version":"4.9.1"},"os":{"type":"Linux","name":"Linux","architecture":"amd64","version":"5.15.153.1-microsoft-standard-WSL2"},"platform":"Java/Ubuntu/21.0.4+7-Ubuntu-1ubuntu222.04"}}}
2024-08-07T16:09:09.338+02:00  INFO 20518 --- [      Thread-84] d.f.e.m.s.autoconfigure.EmbeddedMongo    : {"t":{"$date":"2024-08-07T16:09:09.338+02:00"},"s":"I",  "c":"NETWORK",  "id":51800,   "ctx":"conn2","msg":"client metadata","attr":{"remote":"127.0.0.1:39926","client":"conn2","doc":{"driver":{"name":"mongo-java-driver|sync|spring-boot","version":"4.9.1"},"os":{"type":"Linux","name":"Linux","architecture":"amd64","version":"5.15.153.1-microsoft-standard-WSL2"},"platform":"Java/Ubuntu/21.0.4+7-Ubuntu-1ubuntu222.04"}}}
2024-08-07T16:09:09.339+02:00  INFO 20518 --- [localhost:33951] org.mongodb.driver.cluster               : Monitor thread successfully connected to server with description ServerDescription{address=localhost:33951, type=STANDALONE, state=CONNECTED, ok=true, minWireVersion=0, maxWireVersion=17, maxDocumentSize=16777216, logicalSessionTimeoutMinutes=30, roundTripTimeNanos=976215}
2024-08-07T16:09:09.386+02:00  INFO 20518 --- [      Thread-84] d.f.e.m.s.autoconfigure.EmbeddedMongo    : {"t":{"$date":"2024-08-07T16:09:09.386+02:00"},"s":"I",  "c":"INDEX",    "id":20345,   "ctx":"LogicalSessionCacheRefresh","msg":"Index build: done building","attr":{"buildUUID":null,"collectionUUID":{"uuid":{"$uuid":"f781579b-b75c-44e7-a7b2-2608ef6c7d2a"}},"namespace":"config.system.sessions","index":"_id_","ident":"index-5-1141476551045753402","collectionIdent":"collection-4-1141476551045753402","commitTimestamp":null}}
2024-08-07T16:09:09.387+02:00  INFO 20518 --- [      Thread-84] d.f.e.m.s.autoconfigure.EmbeddedMongo    : {"t":{"$date":"2024-08-07T16:09:09.386+02:00"},"s":"I",  "c":"INDEX",    "id":20345,   "ctx":"LogicalSessionCacheRefresh","msg":"Index build: done building","attr":{"buildUUID":null,"collectionUUID":{"uuid":{"$uuid":"f781579b-b75c-44e7-a7b2-2608ef6c7d2a"}},"namespace":"config.system.sessions","index":"lsidTTLIndex","ident":"index-6-1141476551045753402","collectionIdent":"collection-4-1141476551045753402","commitTimestamp":null}}
2024-08-07T16:09:09.533+02:00  INFO 20518 --- [      Thread-84] d.f.e.m.s.autoconfigure.EmbeddedMongo    : {"t":{"$date":"2024-08-07T16:09:09.533+02:00"},"s":"I",  "c":"NETWORK",  "id":22943,   "ctx":"listener","msg":"Connection accepted","attr":{"remote":"127.0.0.1:39928","uuid":"4cffda15-b2d3-4cf6-8ee5-782286c76b43","connectionId":3,"connectionCount":3}}
2024-08-07T16:09:09.533+02:00  INFO 20518 --- [      Thread-84] d.f.e.m.s.autoconfigure.EmbeddedMongo    : {"t":{"$date":"2024-08-07T16:09:09.533+02:00"},"s":"I",  "c":"NETWORK",  "id":51800,   "ctx":"conn3","msg":"client metadata","attr":{"remote":"127.0.0.1:39928","client":"conn3","doc":{"driver":{"name":"mongo-java-driver|sync|spring-boot","version":"4.9.1"},"os":{"type":"Linux","name":"Linux","architecture":"amd64","version":"5.15.153.1-microsoft-standard-WSL2"},"platform":"Java/Ubuntu/21.0.4+7-Ubuntu-1ubuntu222.04"}}}
2024-08-07T16:09:09.771+02:00  INFO 20518 --- [      Thread-84] d.f.e.m.s.autoconfigure.EmbeddedMongo    : {"t":{"$date":"2024-08-07T16:09:09.771+02:00"},"s":"I",  "c":"STORAGE",  "id":20320,   "ctx":"conn3","msg":"createCollection","attr":{"namespace":"test.card","uuidDisposition":"generated","uuid":{"uuid":{"$uuid":"10860b8c-9952-441b-bc37-58526ff8a8d2"}},"options":{}}}
2024-08-07T16:09:09.801+02:00  INFO 20518 --- [      Thread-84] d.f.e.m.s.autoconfigure.EmbeddedMongo    : {"t":{"$date":"2024-08-07T16:09:09.801+02:00"},"s":"I",  "c":"INDEX",    "id":20345,   "ctx":"conn3","msg":"Index build: done building","attr":{"buildUUID":null,"collectionUUID":{"uuid":{"$uuid":"10860b8c-9952-441b-bc37-58526ff8a8d2"}},"namespace":"test.card","index":"_id_","ident":"index-8-1141476551045753402","collectionIdent":"collection-7-1141476551045753402","commitTimestamp":null}}
2024-08-07T16:09:09.831+02:00  INFO 20518 --- [           main] o.s.s.web.DefaultSecurityFilterChain     : Will secure any request with [org.springframework.security.web.session.DisableEncodeUrlFilter@144a7a7a, org.springframework.security.web.session.ForceEagerSessionCreationFilter@1d38b461, org.springframework.security.web.context.request.async.WebAsyncManagerIntegrationFilter@744503bf, org.springframework.security.web.context.SecurityContextHolderFilter@1bc89e23, org.springframework.security.web.header.HeaderWriterFilter@7d995a3f, org.springframework.security.web.csrf.CsrfFilter@178adcf4, org.springframework.security.web.authentication.logout.LogoutFilter@36915416, org.springframework.security.web.authentication.www.BasicAuthenticationFilter@39061fa5, org.springframework.security.web.savedrequest.RequestCacheAwareFilter@20b5e5a4, org.springframework.security.web.servletapi.SecurityContextHolderAwareRequestFilter@174a1b2f, org.springframework.security.web.authentication.AnonymousAuthenticationFilter@6143a41d, org.springframework.security.web.session.SessionManagementFilter@5a6484e7, org.springframework.security.web.access.ExceptionTranslationFilter@3e30aed0, org.springframework.security.web.access.intercept.AuthorizationFilter@2847aa80]
2024-08-07T16:09:09.878+02:00  INFO 20518 --- [           main] o.s.b.t.m.w.SpringBootMockServletContext : Initializing Spring TestDispatcherServlet ''
2024-08-07T16:09:09.878+02:00  INFO 20518 --- [           main] o.s.t.web.servlet.TestDispatcherServlet  : Initializing Servlet ''
2024-08-07T16:09:09.878+02:00  INFO 20518 --- [           main] o.s.t.web.servlet.TestDispatcherServlet  : Completed initialization in 0 ms
2024-08-07T16:09:09.882+02:00  INFO 20518 --- [           main] c.g.w.b.s.MongoUserControllerTest        : Started MongoUserControllerTest in 0.984 seconds (process running for 29.872)
]]></system-out>
  </testcase>
  <testcase name="getUsername_whenLoggedInGetUserName" classname="com.github.wekaito.backend.security.MongoUserControllerTest" time="0.004"/>
</testsuite>